TN:
SF:game.utils.js
FN:78,computeDesign
FN:100,evaluateDesign
FN:103,(anonymous_2)
FN:119,formatConstraints
FN:129,constraintList
FN:136,(anonymous_5)
FN:145,pickCharacter
FN:149,characterImage
FN:150,(anonymous_8)
FN:159,characterDisplayName
FN:169,extractJobTitle
FN:171,(anonymous_11)
FNF:12
FNH:0
FNDA:0,computeDesign
FNDA:0,evaluateDesign
FNDA:0,(anonymous_2)
FNDA:0,formatConstraints
FNDA:0,constraintList
FNDA:0,(anonymous_5)
FNDA:0,pickCharacter
FNDA:0,characterImage
FNDA:0,(anonymous_8)
FNDA:0,characterDisplayName
FNDA:0,extractJobTitle
FNDA:0,(anonymous_11)
DA:5,0
DA:56,0
DA:79,0
DA:80,0
DA:81,0
DA:82,0
DA:101,0
DA:102,0
DA:103,0
DA:104,0
DA:105,0
DA:107,0
DA:108,0
DA:109,0
DA:110,0
DA:111,0
DA:112,0
DA:120,0
DA:121,0
DA:122,0
DA:123,0
DA:124,0
DA:125,0
DA:126,0
DA:130,0
DA:131,0
DA:132,0
DA:133,0
DA:134,0
DA:135,0
DA:136,0
DA:143,0
DA:146,0
DA:150,0
DA:152,0
DA:155,0
DA:156,0
DA:160,0
DA:161,0
DA:162,0
DA:170,0
DA:171,0
DA:172,0
DA:179,0
LF:44
LH:0
BRDA:80,0,0,0
BRDA:80,0,1,0
BRDA:92,1,0,0
BRDA:92,1,1,0
BRDA:101,2,0,0
BRDA:101,2,1,0
BRDA:105,3,0,0
BRDA:105,3,1,0
BRDA:107,4,0,0
BRDA:107,4,1,0
BRDA:108,5,0,0
BRDA:108,5,1,0
BRDA:109,6,0,0
BRDA:109,6,1,0
BRDA:110,7,0,0
BRDA:110,7,1,0
BRDA:111,8,0,0
BRDA:111,8,1,0
BRDA:121,9,0,0
BRDA:121,9,1,0
BRDA:122,10,0,0
BRDA:122,10,1,0
BRDA:123,11,0,0
BRDA:123,11,1,0
BRDA:124,12,0,0
BRDA:124,12,1,0
BRDA:125,13,0,0
BRDA:125,13,1,0
BRDA:126,14,0,0
BRDA:126,14,1,0
BRDA:131,15,0,0
BRDA:131,15,1,0
BRDA:132,16,0,0
BRDA:132,16,1,0
BRDA:133,17,0,0
BRDA:133,17,1,0
BRDA:134,18,0,0
BRDA:134,18,1,0
BRDA:135,19,0,0
BRDA:135,19,1,0
BRDA:136,20,0,0
BRDA:136,20,1,0
BRDA:149,21,0,0
BRDA:152,22,0,0
BRDA:152,22,1,0
BRDA:153,23,0,0
BRDA:153,23,1,0
BRDA:155,24,0,0
BRDA:155,24,1,0
BRDA:155,25,0,0
BRDA:155,25,1,0
BRDA:160,26,0,0
BRDA:160,26,1,0
BRDA:161,27,0,0
BRDA:161,27,1,0
BRDA:162,28,0,0
BRDA:162,28,1,0
BRDA:170,29,0,0
BRDA:170,29,1,0
BRDA:172,30,0,0
BRDA:172,30,1,0
BRF:61
BRH:0
end_of_record
TN:
SF:server.js
FN:16,enqueue
FN:17,(anonymous_1)
FN:22,(anonymous_2)
FN:25,(anonymous_3)
FN:29,extractJson
FN:35,(anonymous_5)
FN:38,(anonymous_6)
FN:43,(anonymous_7)
FN:58,(anonymous_8)
FN:63,(anonymous_9)
FN:83,(anonymous_10)
FN:88,(anonymous_11)
FN:107,buildCustomerPrompt
FN:151,buildNegotiatePrompt
FN:153,(anonymous_14)
FN:202,buildAutopsyPrompt
FN:228,sanitizeCustomer
FN:239,(anonymous_17)
FN:255,(anonymous_18)
FNF:19
FNH:18
FNDA:7,enqueue
FNDA:7,(anonymous_1)
FNDA:7,(anonymous_2)
FNDA:1,(anonymous_3)
FNDA:6,extractJson
FNDA:1,(anonymous_5)
FNDA:1,(anonymous_6)
FNDA:1,(anonymous_7)
FNDA:5,(anonymous_8)
FNDA:5,(anonymous_9)
FNDA:1,(anonymous_10)
FNDA:1,(anonymous_11)
FNDA:1,buildCustomerPrompt
FNDA:5,buildNegotiatePrompt
FNDA:2,(anonymous_14)
FNDA:1,buildAutopsyPrompt
FNDA:1,sanitizeCustomer
FNDA:1,(anonymous_17)
FNDA:0,(anonymous_18)
DA:1,1
DA:3,1
DA:4,1
DA:5,1
DA:7,1
DA:8,1
DA:9,1
DA:11,1
DA:14,1
DA:15,1
DA:17,7
DA:18,7
DA:19,7
DA:21,7
DA:22,7
DA:25,7
DA:26,7
DA:30,6
DA:31,6
DA:35,1
DA:38,1
DA:39,1
DA:40,1
DA:41,1
DA:43,1
DA:48,1
DA:49,1
DA:50,1
DA:52,0
DA:53,0
DA:58,1
DA:59,5
DA:60,5
DA:61,5
DA:63,5
DA:68,4
DA:69,4
DA:71,4
DA:77,1
DA:78,1
DA:83,1
DA:84,1
DA:85,1
DA:86,1
DA:88,1
DA:93,1
DA:94,1
DA:95,1
DA:96,1
DA:97,1
DA:99,1
DA:101,0
DA:102,0
DA:108,1
DA:152,5
DA:153,2
DA:158,5
DA:159,5
DA:163,5
DA:203,1
DA:229,1
DA:230,1
DA:231,1
DA:232,1
DA:233,1
DA:234,1
DA:235,1
DA:237,1
DA:238,1
DA:239,1
DA:240,1
DA:241,1
DA:242,1
DA:244,1
DA:245,1
DA:246,1
DA:247,1
DA:248,1
DA:249,1
DA:250,1
DA:253,1
DA:254,1
DA:255,0
DA:256,0
DA:260,1
LF:85
LH:79
BRDA:22,0,0,7
BRDA:22,0,1,0
BRDA:31,1,0,6
BRDA:31,1,1,0
BRDA:40,2,0,0
BRDA:40,3,0,0
BRDA:40,4,0,0
BRDA:60,5,0,0
BRDA:60,6,0,0
BRDA:72,7,0,4
BRDA:72,7,1,0
BRDA:73,8,0,4
BRDA:73,8,1,0
BRDA:74,9,0,4
BRDA:74,9,1,0
BRDA:85,10,0,0
BRDA:85,11,0,0
BRDA:97,12,0,1
BRDA:97,12,1,0
BRDA:97,13,0,1
BRDA:97,13,1,1
BRDA:112,14,0,1
BRDA:112,14,1,1
BRDA:152,15,0,5
BRDA:152,15,1,4
BRDA:152,16,0,5
BRDA:152,16,1,0
BRDA:153,17,0,1
BRDA:153,17,1,1
BRDA:158,18,0,5
BRDA:158,18,1,5
BRDA:158,18,2,0
BRDA:159,19,0,0
BRDA:159,19,1,5
BRDA:172,20,0,5
BRDA:172,20,1,0
BRDA:182,21,0,5
BRDA:182,21,1,0
BRDA:183,22,0,3
BRDA:183,22,1,2
BRDA:183,23,0,5
BRDA:183,23,1,5
BRDA:214,24,0,1
BRDA:214,24,1,0
BRDA:230,25,0,1
BRDA:230,25,1,0
BRDA:231,26,0,1
BRDA:231,26,1,0
BRDA:232,27,0,1
BRDA:232,27,1,0
BRDA:233,28,0,1
BRDA:233,28,1,0
BRDA:234,29,0,1
BRDA:234,29,1,0
BRDA:235,30,0,1
BRDA:235,30,1,0
BRDA:237,31,0,1
BRDA:237,31,1,0
BRDA:241,32,0,0
BRDA:241,32,1,1
BRDA:241,33,0,1
BRDA:241,33,1,1
BRDA:244,34,0,1
BRDA:244,34,1,0
BRDA:244,35,0,1
BRDA:244,35,1,0
BRDA:245,36,0,0
BRDA:245,36,1,1
BRDA:245,37,0,0
BRDA:245,37,1,0
BRDA:246,38,0,0
BRDA:246,38,1,1
BRDA:246,39,0,0
BRDA:246,39,1,0
BRDA:247,40,0,0
BRDA:247,40,1,1
BRDA:247,41,0,0
BRDA:247,41,1,0
BRDA:248,42,0,0
BRDA:248,42,1,1
BRDA:248,43,0,0
BRDA:248,43,1,0
BRDA:253,44,0,1
BRDA:253,44,1,0
BRDA:254,45,0,0
BRDA:254,45,1,1
BRF:86
BRH:43
end_of_record
