<?xml version="1.0" encoding="UTF-8"?>
<coverage generated="1777665128222" clover="3.2.0">
  <project timestamp="1777665128222" name="All files">
    <metrics statements="938" coveredstatements="71" conditionals="293" coveredconditionals="37" methods="113" coveredmethods="21" elements="1344" coveredelements="129" complexity="0" loc="938" ncloc="938" packages="1" files="4" classes="4"/>
    <file name="main.js" path="C:\Users\ecmcm\S26-CSE-333\Elizabeth Games\chemistry\main.js">
      <metrics statements="754" coveredstatements="0" conditionals="206" coveredconditionals="0" methods="74" coveredmethods="0"/>
      <line num="1" count="0" type="stmt"/>
      <line num="2" count="0" type="stmt"/>
      <line num="4" count="0" type="stmt"/>
      <line num="5" count="0" type="stmt"/>
      <line num="6" count="0" type="stmt"/>
      <line num="7" count="0" type="stmt"/>
      <line num="9" count="0" type="stmt"/>
      <line num="10" count="0" type="stmt"/>
      <line num="11" count="0" type="stmt"/>
      <line num="12" count="0" type="stmt"/>
      <line num="13" count="0" type="stmt"/>
      <line num="14" count="0" type="stmt"/>
      <line num="16" count="0" type="stmt"/>
      <line num="17" count="0" type="stmt"/>
      <line num="20" count="0" type="stmt"/>
      <line num="21" count="0" type="stmt"/>
      <line num="23" count="0" type="stmt"/>
      <line num="24" count="0" type="stmt"/>
      <line num="27" count="0" type="stmt"/>
      <line num="28" count="0" type="stmt"/>
      <line num="29" count="0" type="stmt"/>
      <line num="30" count="0" type="stmt"/>
      <line num="32" count="0" type="stmt"/>
      <line num="33" count="0" type="stmt"/>
      <line num="34" count="0" type="stmt"/>
      <line num="35" count="0" type="stmt"/>
      <line num="36" count="0" type="stmt"/>
      <line num="38" count="0" type="stmt"/>
      <line num="39" count="0" type="stmt"/>
      <line num="41" count="0" type="stmt"/>
      <line num="42" count="0" type="stmt"/>
      <line num="43" count="0" type="stmt"/>
      <line num="44" count="0" type="stmt"/>
      <line num="45" count="0" type="stmt"/>
      <line num="46" count="0" type="stmt"/>
      <line num="47" count="0" type="stmt"/>
      <line num="49" count="0" type="stmt"/>
      <line num="50" count="0" type="stmt"/>
      <line num="51" count="0" type="stmt"/>
      <line num="54" count="0" type="stmt"/>
      <line num="56" count="0" type="stmt"/>
      <line num="57" count="0" type="stmt"/>
      <line num="58" count="0" type="stmt"/>
      <line num="61" count="0" type="stmt"/>
      <line num="62" count="0" type="stmt"/>
      <line num="66" count="0" type="stmt"/>
      <line num="68" count="0" type="stmt"/>
      <line num="69" count="0" type="stmt"/>
      <line num="70" count="0" type="stmt"/>
      <line num="71" count="0" type="stmt"/>
      <line num="73" count="0" type="stmt"/>
      <line num="74" count="0" type="stmt"/>
      <line num="75" count="0" type="stmt"/>
      <line num="76" count="0" type="stmt"/>
      <line num="77" count="0" type="stmt"/>
      <line num="78" count="0" type="stmt"/>
      <line num="80" count="0" type="stmt"/>
      <line num="81" count="0" type="stmt"/>
      <line num="83" count="0" type="stmt"/>
      <line num="84" count="0" type="stmt"/>
      <line num="85" count="0" type="stmt"/>
      <line num="86" count="0" type="stmt"/>
      <line num="87" count="0" type="stmt"/>
      <line num="88" count="0" type="stmt"/>
      <line num="89" count="0" type="stmt"/>
      <line num="90" count="0" type="stmt"/>
      <line num="91" count="0" type="stmt"/>
      <line num="92" count="0" type="stmt"/>
      <line num="93" count="0" type="stmt"/>
      <line num="94" count="0" type="stmt"/>
      <line num="96" count="0" type="stmt"/>
      <line num="97" count="0" type="stmt"/>
      <line num="98" count="0" type="stmt"/>
      <line num="102" count="0" type="stmt"/>
      <line num="103" count="0" type="stmt"/>
      <line num="105" count="0" type="stmt"/>
      <line num="108" count="0" type="stmt"/>
      <line num="109" count="0" type="stmt"/>
      <line num="110" count="0" type="stmt"/>
      <line num="112" count="0" type="stmt"/>
      <line num="116" count="0" type="stmt"/>
      <line num="117" count="0" type="stmt"/>
      <line num="120" count="0" type="stmt"/>
      <line num="123" count="0" type="stmt"/>
      <line num="125" count="0" type="stmt"/>
      <line num="128" count="0" type="stmt"/>
      <line num="130" count="0" type="stmt"/>
      <line num="131" count="0" type="stmt"/>
      <line num="134" count="0" type="stmt"/>
      <line num="136" count="0" type="stmt"/>
      <line num="137" count="0" type="stmt"/>
      <line num="138" count="0" type="stmt"/>
      <line num="141" count="0" type="stmt"/>
      <line num="142" count="0" type="stmt"/>
      <line num="145" count="0" type="stmt"/>
      <line num="148" count="0" type="stmt"/>
      <line num="151" count="0" type="stmt"/>
      <line num="152" count="0" type="stmt"/>
      <line num="153" count="0" type="stmt"/>
      <line num="154" count="0" type="stmt"/>
      <line num="155" count="0" type="stmt"/>
      <line num="156" count="0" type="cond" truecount="0" falsecount="2"/>
      <line num="157" count="0" type="stmt"/>
      <line num="161" count="0" type="stmt"/>
      <line num="162" count="0" type="stmt"/>
      <line num="163" count="0" type="stmt"/>
      <line num="166" count="0" type="stmt"/>
      <line num="167" count="0" type="stmt"/>
      <line num="170" count="0" type="stmt"/>
      <line num="174" count="0" type="stmt"/>
      <line num="175" count="0" type="stmt"/>
      <line num="178" count="0" type="stmt"/>
      <line num="183" count="0" type="stmt"/>
      <line num="185" count="0" type="stmt"/>
      <line num="186" count="0" type="stmt"/>
      <line num="187" count="0" type="cond" truecount="0" falsecount="2"/>
      <line num="188" count="0" type="stmt"/>
      <line num="190" count="0" type="stmt"/>
      <line num="196" count="0" type="stmt"/>
      <line num="199" count="0" type="stmt"/>
      <line num="201" count="0" type="stmt"/>
      <line num="205" count="0" type="stmt"/>
      <line num="207" count="0" type="stmt"/>
      <line num="208" count="0" type="stmt"/>
      <line num="211" count="0" type="stmt"/>
      <line num="213" count="0" type="stmt"/>
      <line num="214" count="0" type="stmt"/>
      <line num="215" count="0" type="stmt"/>
      <line num="218" count="0" type="stmt"/>
      <line num="219" count="0" type="stmt"/>
      <line num="223" count="0" type="stmt"/>
      <line num="229" count="0" type="stmt"/>
      <line num="230" count="0" type="stmt"/>
      <line num="233" count="0" type="stmt"/>
      <line num="234" count="0" type="stmt"/>
      <line num="235" count="0" type="stmt"/>
      <line num="236" count="0" type="stmt"/>
      <line num="240" count="0" type="stmt"/>
      <line num="241" count="0" type="stmt"/>
      <line num="244" count="0" type="stmt"/>
      <line num="249" count="0" type="stmt"/>
      <line num="251" count="0" type="stmt"/>
      <line num="259" count="0" type="stmt"/>
      <line num="260" count="0" type="stmt"/>
      <line num="261" count="0" type="stmt"/>
      <line num="262" count="0" type="cond" truecount="0" falsecount="2"/>
      <line num="263" count="0" type="stmt"/>
      <line num="267" count="0" type="cond" truecount="0" falsecount="2"/>
      <line num="269" count="0" type="stmt"/>
      <line num="270" count="0" type="stmt"/>
      <line num="271" count="0" type="stmt"/>
      <line num="272" count="0" type="stmt"/>
      <line num="275" count="0" type="cond" truecount="0" falsecount="2"/>
      <line num="276" count="0" type="stmt"/>
      <line num="277" count="0" type="cond" truecount="0" falsecount="2"/>
      <line num="278" count="0" type="stmt"/>
      <line num="279" count="0" type="cond" truecount="0" falsecount="2"/>
      <line num="280" count="0" type="stmt"/>
      <line num="281" count="0" type="cond" truecount="0" falsecount="2"/>
      <line num="282" count="0" type="stmt"/>
      <line num="283" count="0" type="cond" truecount="0" falsecount="2"/>
      <line num="284" count="0" type="stmt"/>
      <line num="286" count="0" type="stmt"/>
      <line num="289" count="0" type="stmt"/>
      <line num="294" count="0" type="stmt"/>
      <line num="296" count="0" type="stmt"/>
      <line num="297" count="0" type="stmt"/>
      <line num="298" count="0" type="stmt"/>
      <line num="300" count="0" type="stmt"/>
      <line num="305" count="0" type="stmt"/>
      <line num="306" count="0" type="stmt"/>
      <line num="308" count="0" type="stmt"/>
      <line num="309" count="0" type="stmt"/>
      <line num="312" count="0" type="stmt"/>
      <line num="313" count="0" type="stmt"/>
      <line num="316" count="0" type="stmt"/>
      <line num="317" count="0" type="stmt"/>
      <line num="318" count="0" type="stmt"/>
      <line num="319" count="0" type="stmt"/>
      <line num="322" count="0" type="stmt"/>
      <line num="323" count="0" type="stmt"/>
      <line num="325" count="0" type="stmt"/>
      <line num="326" count="0" type="stmt"/>
      <line num="327" count="0" type="stmt"/>
      <line num="328" count="0" type="stmt"/>
      <line num="329" count="0" type="stmt"/>
      <line num="330" count="0" type="stmt"/>
      <line num="333" count="0" type="stmt"/>
      <line num="334" count="0" type="stmt"/>
      <line num="335" count="0" type="stmt"/>
      <line num="336" count="0" type="cond" truecount="0" falsecount="2"/>
      <line num="337" count="0" type="stmt"/>
      <line num="339" count="0" type="stmt"/>
      <line num="340" count="0" type="stmt"/>
      <line num="343" count="0" type="stmt"/>
      <line num="345" count="0" type="stmt"/>
      <line num="346" count="0" type="stmt"/>
      <line num="347" count="0" type="stmt"/>
      <line num="349" count="0" type="stmt"/>
      <line num="350" count="0" type="stmt"/>
      <line num="353" count="0" type="stmt"/>
      <line num="358" count="0" type="stmt"/>
      <line num="359" count="0" type="stmt"/>
      <line num="361" count="0" type="stmt"/>
      <line num="362" count="0" type="stmt"/>
      <line num="364" count="0" type="cond" truecount="0" falsecount="2"/>
      <line num="365" count="0" type="stmt"/>
      <line num="367" count="0" type="stmt"/>
      <line num="369" count="0" type="cond" truecount="0" falsecount="2"/>
      <line num="370" count="0" type="stmt"/>
      <line num="373" count="0" type="stmt"/>
      <line num="375" count="0" type="stmt"/>
      <line num="376" count="0" type="cond" truecount="0" falsecount="2"/>
      <line num="377" count="0" type="stmt"/>
      <line num="379" count="0" type="stmt"/>
      <line num="381" count="0" type="stmt"/>
      <line num="382" count="0" type="stmt"/>
      <line num="386" count="0" type="stmt"/>
      <line num="389" count="0" type="stmt"/>
      <line num="392" count="0" type="stmt"/>
      <line num="393" count="0" type="cond" truecount="0" falsecount="2"/>
      <line num="394" count="0" type="stmt"/>
      <line num="399" count="0" type="stmt"/>
      <line num="400" count="0" type="stmt"/>
      <line num="403" count="0" type="cond" truecount="0" falsecount="2"/>
      <line num="405" count="0" type="stmt"/>
      <line num="406" count="0" type="stmt"/>
      <line num="407" count="0" type="cond" truecount="0" falsecount="2"/>
      <line num="409" count="0" type="stmt"/>
      <line num="412" count="0" type="stmt"/>
      <line num="420" count="0" type="stmt"/>
      <line num="422" count="0" type="stmt"/>
      <line num="425" count="0" type="stmt"/>
      <line num="441" count="0" type="stmt"/>
      <line num="442" count="0" type="stmt"/>
      <line num="444" count="0" type="stmt"/>
      <line num="445" count="0" type="stmt"/>
      <line num="449" count="0" type="stmt"/>
      <line num="450" count="0" type="stmt"/>
      <line num="451" count="0" type="cond" truecount="0" falsecount="2"/>
      <line num="452" count="0" type="stmt"/>
      <line num="454" count="0" type="stmt"/>
      <line num="457" count="0" type="stmt"/>
      <line num="458" count="0" type="stmt"/>
      <line num="459" count="0" type="cond" truecount="0" falsecount="2"/>
      <line num="460" count="0" type="stmt"/>
      <line num="462" count="0" type="stmt"/>
      <line num="466" count="0" type="stmt"/>
      <line num="467" count="0" type="stmt"/>
      <line num="471" count="0" type="stmt"/>
      <line num="472" count="0" type="stmt"/>
      <line num="473" count="0" type="stmt"/>
      <line num="475" count="0" type="stmt"/>
      <line num="476" count="0" type="stmt"/>
      <line num="479" count="0" type="stmt"/>
      <line num="481" count="0" type="stmt"/>
      <line num="485" count="0" type="stmt"/>
      <line num="488" count="0" type="cond" truecount="0" falsecount="2"/>
      <line num="489" count="0" type="stmt"/>
      <line num="491" count="0" type="cond" truecount="0" falsecount="2"/>
      <line num="492" count="0" type="stmt"/>
      <line num="495" count="0" type="stmt"/>
      <line num="496" count="0" type="stmt"/>
      <line num="498" count="0" type="stmt"/>
      <line num="499" count="0" type="stmt"/>
      <line num="504" count="0" type="stmt"/>
      <line num="507" count="0" type="stmt"/>
      <line num="510" count="0" type="cond" truecount="0" falsecount="2"/>
      <line num="511" count="0" type="stmt"/>
      <line num="513" count="0" type="stmt"/>
      <line num="516" count="0" type="stmt"/>
      <line num="517" count="0" type="cond" truecount="0" falsecount="2"/>
      <line num="518" count="0" type="stmt"/>
      <line num="520" count="0" type="stmt"/>
      <line num="523" count="0" type="stmt"/>
      <line num="524" count="0" type="stmt"/>
      <line num="525" count="0" type="stmt"/>
      <line num="526" count="0" type="stmt"/>
      <line num="527" count="0" type="stmt"/>
      <line num="528" count="0" type="stmt"/>
      <line num="529" count="0" type="stmt"/>
      <line num="530" count="0" type="stmt"/>
      <line num="531" count="0" type="stmt"/>
      <line num="534" count="0" type="cond" truecount="0" falsecount="2"/>
      <line num="536" count="0" type="stmt"/>
      <line num="538" count="0" type="stmt"/>
      <line num="539" count="0" type="stmt"/>
      <line num="541" count="0" type="stmt"/>
      <line num="543" count="0" type="stmt"/>
      <line num="544" count="0" type="stmt"/>
      <line num="545" count="0" type="stmt"/>
      <line num="546" count="0" type="stmt"/>
      <line num="547" count="0" type="stmt"/>
      <line num="548" count="0" type="stmt"/>
      <line num="551" count="0" type="stmt"/>
      <line num="556" count="0" type="stmt"/>
      <line num="557" count="0" type="stmt"/>
      <line num="558" count="0" type="stmt"/>
      <line num="559" count="0" type="stmt"/>
      <line num="562" count="0" type="stmt"/>
      <line num="563" count="0" type="stmt"/>
      <line num="564" count="0" type="stmt"/>
      <line num="565" count="0" type="stmt"/>
      <line num="566" count="0" type="stmt"/>
      <line num="567" count="0" type="stmt"/>
      <line num="568" count="0" type="stmt"/>
      <line num="569" count="0" type="stmt"/>
      <line num="570" count="0" type="stmt"/>
      <line num="573" count="0" type="cond" truecount="0" falsecount="2"/>
      <line num="574" count="0" type="stmt"/>
      <line num="575" count="0" type="stmt"/>
      <line num="576" count="0" type="stmt"/>
      <line num="578" count="0" type="stmt"/>
      <line num="579" count="0" type="stmt"/>
      <line num="580" count="0" type="stmt"/>
      <line num="581" count="0" type="stmt"/>
      <line num="582" count="0" type="stmt"/>
      <line num="583" count="0" type="stmt"/>
      <line num="591" count="0" type="cond" truecount="0" falsecount="2"/>
      <line num="592" count="0" type="stmt"/>
      <line num="595" count="0" type="stmt"/>
      <line num="596" count="0" type="cond" truecount="0" falsecount="2"/>
      <line num="597" count="0" type="stmt"/>
      <line num="601" count="0" type="stmt"/>
      <line num="602" count="0" type="stmt"/>
      <line num="604" count="0" type="stmt"/>
      <line num="605" count="0" type="stmt"/>
      <line num="607" count="0" type="stmt"/>
      <line num="609" count="0" type="stmt"/>
      <line num="610" count="0" type="stmt"/>
      <line num="611" count="0" type="stmt"/>
      <line num="612" count="0" type="stmt"/>
      <line num="613" count="0" type="stmt"/>
      <line num="614" count="0" type="stmt"/>
      <line num="615" count="0" type="stmt"/>
      <line num="616" count="0" type="stmt"/>
      <line num="617" count="0" type="stmt"/>
      <line num="619" count="0" type="stmt"/>
      <line num="620" count="0" type="stmt"/>
      <line num="621" count="0" type="stmt"/>
      <line num="622" count="0" type="stmt"/>
      <line num="627" count="0" type="stmt"/>
      <line num="629" count="0" type="cond" truecount="0" falsecount="2"/>
      <line num="631" count="0" type="stmt"/>
      <line num="633" count="0" type="cond" truecount="0" falsecount="2"/>
      <line num="635" count="0" type="stmt"/>
      <line num="636" count="0" type="stmt"/>
      <line num="637" count="0" type="stmt"/>
      <line num="638" count="0" type="cond" truecount="0" falsecount="2"/>
      <line num="639" count="0" type="cond" truecount="0" falsecount="2"/>
      <line num="640" count="0" type="stmt"/>
      <line num="642" count="0" type="stmt"/>
      <line num="644" count="0" type="stmt"/>
      <line num="647" count="0" type="cond" truecount="0" falsecount="2"/>
      <line num="649" count="0" type="stmt"/>
      <line num="650" count="0" type="stmt"/>
      <line num="651" count="0" type="stmt"/>
      <line num="655" count="0" type="cond" truecount="0" falsecount="2"/>
      <line num="657" count="0" type="stmt"/>
      <line num="659" count="0" type="cond" truecount="0" falsecount="2"/>
      <line num="661" count="0" type="stmt"/>
      <line num="663" count="0" type="stmt"/>
      <line num="668" count="0" type="stmt"/>
      <line num="669" count="0" type="stmt"/>
      <line num="672" count="0" type="cond" truecount="0" falsecount="2"/>
      <line num="674" count="0" type="cond" truecount="0" falsecount="2"/>
      <line num="676" count="0" type="stmt"/>
      <line num="679" count="0" type="stmt"/>
      <line num="686" count="0" type="stmt"/>
      <line num="687" count="0" type="cond" truecount="0" falsecount="2"/>
      <line num="688" count="0" type="stmt"/>
      <line num="690" count="0" type="stmt"/>
      <line num="692" count="0" type="stmt"/>
      <line num="693" count="0" type="stmt"/>
      <line num="695" count="0" type="cond" truecount="0" falsecount="2"/>
      <line num="696" count="0" type="stmt"/>
      <line num="697" count="0" type="stmt"/>
      <line num="702" count="0" type="stmt"/>
      <line num="703" count="0" type="cond" truecount="0" falsecount="2"/>
      <line num="704" count="0" type="stmt"/>
      <line num="707" count="0" type="stmt"/>
      <line num="708" count="0" type="stmt"/>
      <line num="709" count="0" type="stmt"/>
      <line num="712" count="0" type="cond" truecount="0" falsecount="4"/>
      <line num="714" count="0" type="stmt"/>
      <line num="716" count="0" type="stmt"/>
      <line num="719" count="0" type="cond" truecount="0" falsecount="2"/>
      <line num="721" count="0" type="stmt"/>
      <line num="723" count="0" type="cond" truecount="0" falsecount="2"/>
      <line num="724" count="0" type="stmt"/>
      <line num="728" count="0" type="stmt"/>
      <line num="730" count="0" type="stmt"/>
      <line num="733" count="0" type="cond" truecount="0" falsecount="4"/>
      <line num="734" count="0" type="stmt"/>
      <line num="737" count="0" type="cond" truecount="0" falsecount="2"/>
      <line num="739" count="0" type="stmt"/>
      <line num="744" count="0" type="stmt"/>
      <line num="745" count="0" type="stmt"/>
      <line num="747" count="0" type="stmt"/>
      <line num="748" count="0" type="stmt"/>
      <line num="752" count="0" type="stmt"/>
      <line num="754" count="0" type="stmt"/>
      <line num="755" count="0" type="stmt"/>
      <line num="757" count="0" type="stmt"/>
      <line num="758" count="0" type="stmt"/>
      <line num="759" count="0" type="stmt"/>
      <line num="761" count="0" type="cond" truecount="0" falsecount="4"/>
      <line num="763" count="0" type="stmt"/>
      <line num="764" count="0" type="stmt"/>
      <line num="771" count="0" type="stmt"/>
      <line num="773" count="0" type="stmt"/>
      <line num="775" count="0" type="cond" truecount="0" falsecount="4"/>
      <line num="776" count="0" type="stmt"/>
      <line num="779" count="0" type="stmt"/>
      <line num="781" count="0" type="stmt"/>
      <line num="782" count="0" type="stmt"/>
      <line num="783" count="0" type="stmt"/>
      <line num="786" count="0" type="cond" truecount="0" falsecount="2"/>
      <line num="788" count="0" type="stmt"/>
      <line num="790" count="0" type="stmt"/>
      <line num="793" count="0" type="cond" truecount="0" falsecount="2"/>
      <line num="795" count="0" type="stmt"/>
      <line num="798" count="0" type="cond" truecount="0" falsecount="2"/>
      <line num="799" count="0" type="stmt"/>
      <line num="803" count="0" type="stmt"/>
      <line num="805" count="0" type="stmt"/>
      <line num="808" count="0" type="cond" truecount="0" falsecount="4"/>
      <line num="809" count="0" type="stmt"/>
      <line num="818" count="0" type="stmt"/>
      <line num="819" count="0" type="stmt"/>
      <line num="824" count="0" type="stmt"/>
      <line num="825" count="0" type="stmt"/>
      <line num="826" count="0" type="stmt"/>
      <line num="827" count="0" type="stmt"/>
      <line num="828" count="0" type="stmt"/>
      <line num="830" count="0" type="stmt"/>
      <line num="831" count="0" type="stmt"/>
      <line num="833" count="0" type="stmt"/>
      <line num="836" count="0" type="stmt"/>
      <line num="837" count="0" type="stmt"/>
      <line num="838" count="0" type="stmt"/>
      <line num="844" count="0" type="cond" truecount="0" falsecount="4"/>
      <line num="845" count="0" type="stmt"/>
      <line num="849" count="0" type="cond" truecount="0" falsecount="2"/>
      <line num="851" count="0" type="stmt"/>
      <line num="852" count="0" type="stmt"/>
      <line num="853" count="0" type="stmt"/>
      <line num="854" count="0" type="stmt"/>
      <line num="855" count="0" type="stmt"/>
      <line num="856" count="0" type="stmt"/>
      <line num="857" count="0" type="stmt"/>
      <line num="859" count="0" type="stmt"/>
      <line num="865" count="0" type="cond" truecount="0" falsecount="6"/>
      <line num="866" count="0" type="stmt"/>
      <line num="868" count="0" type="stmt"/>
      <line num="874" count="0" type="stmt"/>
      <line num="875" count="0" type="stmt"/>
      <line num="878" count="0" type="stmt"/>
      <line num="879" count="0" type="stmt"/>
      <line num="882" count="0" type="stmt"/>
      <line num="883" count="0" type="stmt"/>
      <line num="884" count="0" type="stmt"/>
      <line num="887" count="0" type="stmt"/>
      <line num="888" count="0" type="stmt"/>
      <line num="889" count="0" type="stmt"/>
      <line num="892" count="0" type="stmt"/>
      <line num="895" count="0" type="stmt"/>
      <line num="902" count="0" type="stmt"/>
      <line num="909" count="0" type="stmt"/>
      <line num="916" count="0" type="stmt"/>
      <line num="923" count="0" type="stmt"/>
      <line num="924" count="0" type="stmt"/>
      <line num="927" count="0" type="stmt"/>
      <line num="928" count="0" type="stmt"/>
      <line num="932" count="0" type="cond" truecount="0" falsecount="5"/>
      <line num="933" count="0" type="stmt"/>
      <line num="935" count="0" type="stmt"/>
      <line num="939" count="0" type="stmt"/>
      <line num="943" count="0" type="cond" truecount="0" falsecount="2"/>
      <line num="944" count="0" type="stmt"/>
      <line num="946" count="0" type="stmt"/>
      <line num="949" count="0" type="stmt"/>
      <line num="952" count="0" type="stmt"/>
      <line num="953" count="0" type="stmt"/>
      <line num="954" count="0" type="stmt"/>
      <line num="957" count="0" type="stmt"/>
      <line num="958" count="0" type="stmt"/>
      <line num="959" count="0" type="stmt"/>
      <line num="962" count="0" type="stmt"/>
      <line num="963" count="0" type="stmt"/>
      <line num="964" count="0" type="stmt"/>
      <line num="965" count="0" type="stmt"/>
      <line num="966" count="0" type="stmt"/>
      <line num="967" count="0" type="stmt"/>
      <line num="970" count="0" type="stmt"/>
      <line num="971" count="0" type="stmt"/>
      <line num="972" count="0" type="stmt"/>
      <line num="973" count="0" type="stmt"/>
      <line num="976" count="0" type="stmt"/>
      <line num="977" count="0" type="stmt"/>
      <line num="981" count="0" type="stmt"/>
      <line num="982" count="0" type="stmt"/>
      <line num="984" count="0" type="stmt"/>
      <line num="986" count="0" type="cond" truecount="0" falsecount="4"/>
      <line num="988" count="0" type="stmt"/>
      <line num="992" count="0" type="cond" truecount="0" falsecount="2"/>
      <line num="993" count="0" type="stmt"/>
      <line num="998" count="0" type="stmt"/>
      <line num="999" count="0" type="stmt"/>
      <line num="1001" count="0" type="stmt"/>
      <line num="1003" count="0" type="cond" truecount="0" falsecount="2"/>
      <line num="1005" count="0" type="stmt"/>
      <line num="1007" count="0" type="stmt"/>
      <line num="1010" count="0" type="cond" truecount="0" falsecount="2"/>
      <line num="1011" count="0" type="stmt"/>
      <line num="1012" count="0" type="stmt"/>
      <line num="1014" count="0" type="stmt"/>
      <line num="1018" count="0" type="cond" truecount="0" falsecount="2"/>
      <line num="1019" count="0" type="stmt"/>
      <line num="1021" count="0" type="stmt"/>
      <line num="1025" count="0" type="stmt"/>
      <line num="1029" count="0" type="cond" truecount="0" falsecount="2"/>
      <line num="1030" count="0" type="stmt"/>
      <line num="1034" count="0" type="stmt"/>
      <line num="1035" count="0" type="stmt"/>
      <line num="1036" count="0" type="stmt"/>
      <line num="1037" count="0" type="stmt"/>
      <line num="1043" count="0" type="stmt"/>
      <line num="1044" count="0" type="stmt"/>
      <line num="1047" count="0" type="stmt"/>
      <line num="1048" count="0" type="stmt"/>
      <line num="1049" count="0" type="stmt"/>
      <line num="1052" count="0" type="stmt"/>
      <line num="1053" count="0" type="stmt"/>
      <line num="1054" count="0" type="stmt"/>
      <line num="1057" count="0" type="stmt"/>
      <line num="1058" count="0" type="stmt"/>
      <line num="1059" count="0" type="stmt"/>
      <line num="1062" count="0" type="stmt"/>
      <line num="1063" count="0" type="stmt"/>
      <line num="1064" count="0" type="stmt"/>
      <line num="1065" count="0" type="stmt"/>
      <line num="1070" count="0" type="stmt"/>
      <line num="1071" count="0" type="stmt"/>
      <line num="1073" count="0" type="stmt"/>
      <line num="1074" count="0" type="stmt"/>
      <line num="1075" count="0" type="stmt"/>
      <line num="1077" count="0" type="stmt"/>
      <line num="1078" count="0" type="stmt"/>
      <line num="1079" count="0" type="stmt"/>
      <line num="1081" count="0" type="stmt"/>
      <line num="1082" count="0" type="stmt"/>
      <line num="1083" count="0" type="stmt"/>
      <line num="1085" count="0" type="stmt"/>
      <line num="1086" count="0" type="stmt"/>
      <line num="1087" count="0" type="stmt"/>
      <line num="1088" count="0" type="stmt"/>
      <line num="1095" count="0" type="stmt"/>
      <line num="1096" count="0" type="stmt"/>
      <line num="1097" count="0" type="stmt"/>
      <line num="1100" count="0" type="stmt"/>
      <line num="1101" count="0" type="stmt"/>
      <line num="1104" count="0" type="stmt"/>
      <line num="1105" count="0" type="stmt"/>
      <line num="1106" count="0" type="cond" truecount="0" falsecount="2"/>
      <line num="1107" count="0" type="stmt"/>
      <line num="1109" count="0" type="stmt"/>
      <line num="1111" count="0" type="stmt"/>
      <line num="1114" count="0" type="stmt"/>
      <line num="1115" count="0" type="stmt"/>
      <line num="1116" count="0" type="stmt"/>
      <line num="1119" count="0" type="stmt"/>
      <line num="1120" count="0" type="cond" truecount="0" falsecount="2"/>
      <line num="1121" count="0" type="stmt"/>
      <line num="1122" count="0" type="stmt"/>
      <line num="1123" count="0" type="stmt"/>
      <line num="1125" count="0" type="stmt"/>
      <line num="1126" count="0" type="stmt"/>
      <line num="1127" count="0" type="stmt"/>
      <line num="1128" count="0" type="stmt"/>
      <line num="1130" count="0" type="stmt"/>
      <line num="1132" count="0" type="cond" truecount="0" falsecount="2"/>
      <line num="1133" count="0" type="stmt"/>
      <line num="1134" count="0" type="stmt"/>
      <line num="1135" count="0" type="stmt"/>
      <line num="1136" count="0" type="stmt"/>
      <line num="1139" count="0" type="stmt"/>
      <line num="1140" count="0" type="stmt"/>
      <line num="1141" count="0" type="stmt"/>
      <line num="1145" count="0" type="stmt"/>
      <line num="1146" count="0" type="stmt"/>
      <line num="1153" count="0" type="cond" truecount="0" falsecount="4"/>
      <line num="1154" count="0" type="stmt"/>
      <line num="1157" count="0" type="stmt"/>
      <line num="1158" count="0" type="stmt"/>
      <line num="1161" count="0" type="cond" truecount="0" falsecount="2"/>
      <line num="1162" count="0" type="stmt"/>
      <line num="1163" count="0" type="stmt"/>
      <line num="1164" count="0" type="stmt"/>
      <line num="1167" count="0" type="stmt"/>
      <line num="1168" count="0" type="stmt"/>
      <line num="1170" count="0" type="stmt"/>
      <line num="1171" count="0" type="stmt"/>
      <line num="1172" count="0" type="cond" truecount="0" falsecount="2"/>
      <line num="1176" count="0" type="cond" truecount="0" falsecount="2"/>
      <line num="1177" count="0" type="stmt"/>
      <line num="1178" count="0" type="stmt"/>
      <line num="1179" count="0" type="stmt"/>
      <line num="1180" count="0" type="stmt"/>
      <line num="1182" count="0" type="stmt"/>
      <line num="1184" count="0" type="cond" truecount="0" falsecount="2"/>
      <line num="1185" count="0" type="stmt"/>
      <line num="1186" count="0" type="stmt"/>
      <line num="1189" count="0" type="stmt"/>
      <line num="1190" count="0" type="stmt"/>
      <line num="1195" count="0" type="stmt"/>
      <line num="1197" count="0" type="stmt"/>
      <line num="1198" count="0" type="stmt"/>
      <line num="1199" count="0" type="stmt"/>
      <line num="1202" count="0" type="stmt"/>
      <line num="1203" count="0" type="stmt"/>
      <line num="1204" count="0" type="stmt"/>
      <line num="1207" count="0" type="cond" truecount="0" falsecount="2"/>
      <line num="1208" count="0" type="stmt"/>
      <line num="1210" count="0" type="cond" truecount="0" falsecount="2"/>
      <line num="1211" count="0" type="stmt"/>
      <line num="1213" count="0" type="cond" truecount="0" falsecount="2"/>
      <line num="1214" count="0" type="stmt"/>
      <line num="1217" count="0" type="cond" truecount="0" falsecount="5"/>
      <line num="1219" count="0" type="stmt"/>
      <line num="1220" count="0" type="stmt"/>
      <line num="1221" count="0" type="stmt"/>
      <line num="1222" count="0" type="stmt"/>
      <line num="1225" count="0" type="cond" truecount="0" falsecount="2"/>
      <line num="1226" count="0" type="stmt"/>
      <line num="1227" count="0" type="cond" truecount="0" falsecount="2"/>
      <line num="1228" count="0" type="stmt"/>
      <line num="1229" count="0" type="cond" truecount="0" falsecount="2"/>
      <line num="1230" count="0" type="stmt"/>
      <line num="1232" count="0" type="stmt"/>
      <line num="1236" count="0" type="stmt"/>
      <line num="1244" count="0" type="stmt"/>
      <line num="1246" count="0" type="stmt"/>
      <line num="1247" count="0" type="stmt"/>
      <line num="1249" count="0" type="cond" truecount="0" falsecount="2"/>
      <line num="1251" count="0" type="stmt"/>
      <line num="1253" count="0" type="stmt"/>
      <line num="1254" count="0" type="stmt"/>
      <line num="1260" count="0" type="stmt"/>
      <line num="1262" count="0" type="stmt"/>
      <line num="1264" count="0" type="stmt"/>
      <line num="1265" count="0" type="stmt"/>
      <line num="1266" count="0" type="stmt"/>
      <line num="1267" count="0" type="stmt"/>
      <line num="1268" count="0" type="stmt"/>
      <line num="1273" count="0" type="stmt"/>
      <line num="1274" count="0" type="cond" truecount="0" falsecount="2"/>
      <line num="1275" count="0" type="stmt"/>
      <line num="1281" count="0" type="stmt"/>
      <line num="1282" count="0" type="stmt"/>
      <line num="1287" count="0" type="stmt"/>
      <line num="1290" count="0" type="cond" truecount="0" falsecount="2"/>
      <line num="1291" count="0" type="stmt"/>
      <line num="1297" count="0" type="stmt"/>
      <line num="1302" count="0" type="stmt"/>
      <line num="1308" count="0" type="cond" truecount="0" falsecount="2"/>
      <line num="1309" count="0" type="stmt"/>
      <line num="1311" count="0" type="stmt"/>
      <line num="1314" count="0" type="cond" truecount="0" falsecount="2"/>
      <line num="1315" count="0" type="stmt"/>
      <line num="1316" count="0" type="stmt"/>
      <line num="1317" count="0" type="stmt"/>
      <line num="1320" count="0" type="stmt"/>
      <line num="1327" count="0" type="stmt"/>
      <line num="1328" count="0" type="stmt"/>
      <line num="1329" count="0" type="stmt"/>
      <line num="1332" count="0" type="stmt"/>
      <line num="1334" count="0" type="stmt"/>
      <line num="1335" count="0" type="stmt"/>
      <line num="1338" count="0" type="stmt"/>
      <line num="1352" count="0" type="cond" truecount="0" falsecount="2"/>
      <line num="1353" count="0" type="stmt"/>
      <line num="1354" count="0" type="cond" truecount="0" falsecount="2"/>
      <line num="1358" count="0" type="stmt"/>
      <line num="1359" count="0" type="stmt"/>
      <line num="1362" count="0" type="stmt"/>
      <line num="1363" count="0" type="stmt"/>
      <line num="1364" count="0" type="stmt"/>
      <line num="1367" count="0" type="cond" truecount="0" falsecount="2"/>
      <line num="1368" count="0" type="stmt"/>
      <line num="1369" count="0" type="stmt"/>
      <line num="1373" count="0" type="stmt"/>
      <line num="1374" count="0" type="stmt"/>
      <line num="1378" count="0" type="stmt"/>
      <line num="1379" count="0" type="stmt"/>
      <line num="1380" count="0" type="stmt"/>
      <line num="1381" count="0" type="stmt"/>
      <line num="1384" count="0" type="stmt"/>
      <line num="1390" count="0" type="stmt"/>
      <line num="1392" count="0" type="stmt"/>
      <line num="1395" count="0" type="stmt"/>
      <line num="1396" count="0" type="stmt"/>
      <line num="1399" count="0" type="stmt"/>
      <line num="1400" count="0" type="stmt"/>
      <line num="1401" count="0" type="stmt"/>
      <line num="1402" count="0" type="stmt"/>
      <line num="1405" count="0" type="stmt"/>
      <line num="1406" count="0" type="stmt"/>
      <line num="1407" count="0" type="stmt"/>
      <line num="1408" count="0" type="stmt"/>
      <line num="1411" count="0" type="stmt"/>
      <line num="1413" count="0" type="stmt"/>
      <line num="1414" count="0" type="stmt"/>
      <line num="1415" count="0" type="stmt"/>
      <line num="1416" count="0" type="stmt"/>
      <line num="1419" count="0" type="stmt"/>
      <line num="1420" count="0" type="stmt"/>
      <line num="1421" count="0" type="stmt"/>
      <line num="1422" count="0" type="stmt"/>
      <line num="1425" count="0" type="stmt"/>
      <line num="1426" count="0" type="cond" truecount="0" falsecount="2"/>
      <line num="1427" count="0" type="stmt"/>
      <line num="1428" count="0" type="cond" truecount="0" falsecount="2"/>
      <line num="1433" count="0" type="stmt"/>
      <line num="1434" count="0" type="stmt"/>
      <line num="1435" count="0" type="stmt"/>
      <line num="1439" count="0" type="stmt"/>
      <line num="1440" count="0" type="stmt"/>
      <line num="1441" count="0" type="stmt"/>
      <line num="1442" count="0" type="stmt"/>
      <line num="1443" count="0" type="stmt"/>
      <line num="1445" count="0" type="stmt"/>
      <line num="1450" count="0" type="stmt"/>
      <line num="1451" count="0" type="stmt"/>
      <line num="1452" count="0" type="stmt"/>
      <line num="1453" count="0" type="stmt"/>
      <line num="1454" count="0" type="stmt"/>
      <line num="1455" count="0" type="stmt"/>
      <line num="1456" count="0" type="stmt"/>
      <line num="1458" count="0" type="stmt"/>
      <line num="1459" count="0" type="stmt"/>
      <line num="1461" count="0" type="stmt"/>
      <line num="1465" count="0" type="stmt"/>
      <line num="1466" count="0" type="stmt"/>
      <line num="1467" count="0" type="cond" truecount="0" falsecount="2"/>
      <line num="1468" count="0" type="stmt"/>
      <line num="1470" count="0" type="stmt"/>
      <line num="1474" count="0" type="stmt"/>
      <line num="1475" count="0" type="cond" truecount="0" falsecount="4"/>
      <line num="1476" count="0" type="stmt"/>
      <line num="1477" count="0" type="stmt"/>
      <line num="1478" count="0" type="cond" truecount="0" falsecount="2"/>
      <line num="1479" count="0" type="stmt"/>
      <line num="1481" count="0" type="stmt"/>
    </file>
    <file name="reactions.js" path="C:\Users\ecmcm\S26-CSE-333\Elizabeth Games\chemistry\reactions.js">
      <metrics statements="3" coveredstatements="3" conditionals="4" coveredconditionals="3" methods="0" coveredmethods="0"/>
      <line num="4" count="1" type="stmt"/>
      <line num="746" count="1" type="cond" truecount="3" falsecount="1"/>
      <line num="747" count="1" type="stmt"/>
    </file>
    <file name="swapScreen.js" path="C:\Users\ecmcm\S26-CSE-333\Elizabeth Games\chemistry\swapScreen.js">
      <metrics statements="113" coveredstatements="0" conditionals="44" coveredconditionals="0" methods="18" coveredmethods="0"/>
      <line num="1" count="0" type="stmt"/>
      <line num="2" count="0" type="stmt"/>
      <line num="3" count="0" type="stmt"/>
      <line num="4" count="0" type="stmt"/>
      <line num="5" count="0" type="stmt"/>
      <line num="6" count="0" type="stmt"/>
      <line num="7" count="0" type="stmt"/>
      <line num="8" count="0" type="stmt"/>
      <line num="9" count="0" type="stmt"/>
      <line num="10" count="0" type="stmt"/>
      <line num="11" count="0" type="stmt"/>
      <line num="14" count="0" type="stmt"/>
      <line num="15" count="0" type="stmt"/>
      <line num="19" count="0" type="stmt"/>
      <line num="20" count="0" type="stmt"/>
      <line num="24" count="0" type="stmt"/>
      <line num="25" count="0" type="stmt"/>
      <line num="29" count="0" type="stmt"/>
      <line num="30" count="0" type="stmt"/>
      <line num="31" count="0" type="stmt"/>
      <line num="32" count="0" type="stmt"/>
      <line num="36" count="0" type="stmt"/>
      <line num="37" count="0" type="cond" truecount="0" falsecount="2"/>
      <line num="38" count="0" type="stmt"/>
      <line num="40" count="0" type="stmt"/>
      <line num="41" count="0" type="stmt"/>
      <line num="46" count="0" type="stmt"/>
      <line num="47" count="0" type="cond" truecount="0" falsecount="2"/>
      <line num="48" count="0" type="stmt"/>
      <line num="49" count="0" type="cond" truecount="0" falsecount="2"/>
      <line num="50" count="0" type="stmt"/>
      <line num="51" count="0" type="stmt"/>
      <line num="52" count="0" type="stmt"/>
      <line num="54" count="0" type="stmt"/>
      <line num="59" count="0" type="stmt"/>
      <line num="60" count="0" type="cond" truecount="0" falsecount="2"/>
      <line num="62" count="0" type="stmt"/>
      <line num="63" count="0" type="cond" truecount="0" falsecount="2"/>
      <line num="64" count="0" type="stmt"/>
      <line num="65" count="0" type="stmt"/>
      <line num="67" count="0" type="stmt"/>
      <line num="72" count="0" type="stmt"/>
      <line num="73" count="0" type="cond" truecount="0" falsecount="2"/>
      <line num="74" count="0" type="stmt"/>
      <line num="75" count="0" type="cond" truecount="0" falsecount="2"/>
      <line num="76" count="0" type="stmt"/>
      <line num="77" count="0" type="stmt"/>
      <line num="78" count="0" type="stmt"/>
      <line num="79" count="0" type="stmt"/>
      <line num="81" count="0" type="stmt"/>
      <line num="86" count="0" type="stmt"/>
      <line num="87" count="0" type="cond" truecount="0" falsecount="2"/>
      <line num="88" count="0" type="stmt"/>
      <line num="89" count="0" type="cond" truecount="0" falsecount="2"/>
      <line num="90" count="0" type="stmt"/>
      <line num="91" count="0" type="stmt"/>
      <line num="93" count="0" type="stmt"/>
      <line num="98" count="0" type="stmt"/>
      <line num="99" count="0" type="cond" truecount="0" falsecount="2"/>
      <line num="100" count="0" type="stmt"/>
      <line num="101" count="0" type="stmt"/>
      <line num="103" count="0" type="stmt"/>
      <line num="108" count="0" type="stmt"/>
      <line num="109" count="0" type="cond" truecount="0" falsecount="2"/>
      <line num="110" count="0" type="stmt"/>
      <line num="111" count="0" type="stmt"/>
      <line num="113" count="0" type="stmt"/>
      <line num="118" count="0" type="stmt"/>
      <line num="119" count="0" type="stmt"/>
      <line num="120" count="0" type="stmt"/>
      <line num="125" count="0" type="stmt"/>
      <line num="126" count="0" type="stmt"/>
      <line num="130" count="0" type="stmt"/>
      <line num="131" count="0" type="stmt"/>
      <line num="135" count="0" type="stmt"/>
      <line num="136" count="0" type="stmt"/>
      <line num="137" count="0" type="stmt"/>
      <line num="141" count="0" type="stmt"/>
      <line num="142" count="0" type="stmt"/>
      <line num="146" count="0" type="stmt"/>
      <line num="147" count="0" type="stmt"/>
      <line num="148" count="0" type="stmt"/>
      <line num="149" count="0" type="stmt"/>
      <line num="150" count="0" type="stmt"/>
      <line num="151" count="0" type="stmt"/>
      <line num="152" count="0" type="stmt"/>
      <line num="153" count="0" type="stmt"/>
      <line num="154" count="0" type="stmt"/>
      <line num="155" count="0" type="stmt"/>
      <line num="156" count="0" type="stmt"/>
      <line num="158" count="0" type="cond" truecount="0" falsecount="2"/>
      <line num="159" count="0" type="stmt"/>
      <line num="160" count="0" type="cond" truecount="0" falsecount="2"/>
      <line num="161" count="0" type="stmt"/>
      <line num="162" count="0" type="cond" truecount="0" falsecount="2"/>
      <line num="163" count="0" type="stmt"/>
      <line num="164" count="0" type="cond" truecount="0" falsecount="2"/>
      <line num="165" count="0" type="stmt"/>
      <line num="166" count="0" type="cond" truecount="0" falsecount="2"/>
      <line num="167" count="0" type="stmt"/>
      <line num="168" count="0" type="cond" truecount="0" falsecount="2"/>
      <line num="169" count="0" type="stmt"/>
      <line num="170" count="0" type="cond" truecount="0" falsecount="2"/>
      <line num="171" count="0" type="stmt"/>
      <line num="172" count="0" type="cond" truecount="0" falsecount="2"/>
      <line num="173" count="0" type="stmt"/>
      <line num="174" count="0" type="cond" truecount="0" falsecount="2"/>
      <line num="175" count="0" type="stmt"/>
      <line num="176" count="0" type="cond" truecount="0" falsecount="2"/>
      <line num="177" count="0" type="stmt"/>
      <line num="178" count="0" type="cond" truecount="0" falsecount="2"/>
      <line num="179" count="0" type="stmt"/>
      <line num="180" count="0" type="stmt"/>
    </file>
    <file name="utils.js" path="C:\Users\ecmcm\S26-CSE-333\Elizabeth Games\chemistry\utils.js">
      <metrics statements="68" coveredstatements="68" conditionals="39" coveredconditionals="34" methods="21" coveredmethods="21"/>
      <line num="1" count="1" type="stmt"/>
      <line num="8" count="6" type="stmt"/>
      <line num="15" count="6" type="stmt"/>
      <line num="18" count="3" type="stmt"/>
      <line num="19" count="6" type="stmt"/>
      <line num="25" count="6" type="stmt"/>
      <line num="36" count="3" type="stmt"/>
      <line num="37" count="3" type="cond" truecount="2" falsecount="0"/>
      <line num="38" count="2" type="stmt"/>
      <line num="40" count="1" type="stmt"/>
      <line num="42" count="3" type="cond" truecount="2" falsecount="0"/>
      <line num="43" count="1" type="stmt"/>
      <line num="45" count="2" type="stmt"/>
      <line num="47" count="3" type="cond" truecount="2" falsecount="0"/>
      <line num="48" count="2" type="stmt"/>
      <line num="50" count="1" type="stmt"/>
      <line num="52" count="3" type="cond" truecount="2" falsecount="0"/>
      <line num="53" count="1" type="stmt"/>
      <line num="55" count="2" type="stmt"/>
      <line num="57" count="3" type="cond" truecount="2" falsecount="0"/>
      <line num="58" count="2" type="stmt"/>
      <line num="60" count="1" type="stmt"/>
      <line num="62" count="3" type="stmt"/>
      <line num="67" count="6" type="stmt"/>
      <line num="68" count="6" type="cond" truecount="2" falsecount="0"/>
      <line num="69" count="2" type="stmt"/>
      <line num="71" count="4" type="stmt"/>
      <line num="72" count="4" type="stmt"/>
      <line num="73" count="4" type="stmt"/>
      <line num="80" count="4" type="cond" truecount="2" falsecount="0"/>
      <line num="82" count="2" type="stmt"/>
      <line num="85" count="4" type="cond" truecount="2" falsecount="0"/>
      <line num="87" count="1" type="stmt"/>
      <line num="90" count="4" type="stmt"/>
      <line num="91" count="4" type="stmt"/>
      <line num="92" count="4" type="stmt"/>
      <line num="93" count="16" type="stmt"/>
      <line num="95" count="4" type="stmt"/>
      <line num="96" count="4" type="stmt"/>
      <line num="97" count="4" type="stmt"/>
      <line num="98" count="16" type="stmt"/>
      <line num="100" count="4" type="stmt"/>
      <line num="101" count="4" type="stmt"/>
      <line num="102" count="4" type="stmt"/>
      <line num="103" count="4" type="stmt"/>
      <line num="105" count="4" type="cond" truecount="2" falsecount="0"/>
      <line num="107" count="1" type="stmt"/>
      <line num="109" count="3" type="stmt"/>
      <line num="115" count="5" type="stmt"/>
      <line num="116" count="5" type="stmt"/>
      <line num="121" count="7" type="stmt"/>
      <line num="123" count="14" type="stmt"/>
      <line num="124" count="14" type="stmt"/>
      <line num="128" count="42" type="stmt"/>
      <line num="135" count="14" type="stmt"/>
      <line num="143" count="14" type="stmt"/>
      <line num="149" count="11" type="stmt"/>
      <line num="150" count="11" type="cond" truecount="1" falsecount="1"/>
      <line num="155" count="11" type="cond" truecount="2" falsecount="0"/>
      <line num="161" count="11" type="stmt"/>
      <line num="162" count="22" type="stmt"/>
      <line num="165" count="11" type="cond" truecount="2" falsecount="0"/>
      <line num="171" count="11" type="stmt"/>
      <line num="172" count="22" type="cond" truecount="1" falsecount="1"/>
      <line num="177" count="11" type="cond" truecount="1" falsecount="1"/>
      <line num="180" count="11" type="stmt"/>
      <line num="220" count="1" type="cond" truecount="3" falsecount="1"/>
      <line num="221" count="1" type="stmt"/>
    </file>
  </project>
</coverage>
