{"C:\\Users\\ecmcm\\S26-CSE-333\\Elizabeth Games\\chemistry\\main.js": {"path":"C:\\Users\\ecmcm\\S26-CSE-333\\Elizabeth Games\\chemistry\\main.js","statementMap":{"0":{"start":{"line":1,"column":25},"end":{"line":1,"column":68}},"1":{"start":{"line":2,"column":24},"end":{"line":2,"column":66}},"2":{"start":{"line":4,"column":15},"end":{"line":4,"column":19}},"3":{"start":{"line":5,"column":16},"end":{"line":5,"column":20}},"4":{"start":{"line":6,"column":15},"end":{"line":6,"column":19}},"5":{"start":{"line":7,"column":18},"end":{"line":7,"column":22}},"6":{"start":{"line":9,"column":20},"end":{"line":9,"column":25}},"7":{"start":{"line":10,"column":21},"end":{"line":10,"column":26}},"8":{"start":{"line":11,"column":21},"end":{"line":11,"column":26}},"9":{"start":{"line":12,"column":19},"end":{"line":12,"column":24}},"10":{"start":{"line":13,"column":21},"end":{"line":13,"column":26}},"11":{"start":{"line":14,"column":21},"end":{"line":14,"column":26}},"12":{"start":{"line":16,"column":12},"end":{"line":16,"column":16}},"13":{"start":{"line":17,"column":14},"end":{"line":17,"column":16}},"14":{"start":{"line":20,"column":15},"end":{"line":20,"column":56}},"15":{"start":{"line":21,"column":15},"end":{"line":21,"column":38}},"16":{"start":{"line":23,"column":13},"end":{"line":23,"column":17}},"17":{"start":{"line":24,"column":12},"end":{"line":24,"column":13}},"18":{"start":{"line":27,"column":20},"end":{"line":27,"column":22}},"19":{"start":{"line":28,"column":20},"end":{"line":28,"column":23}},"20":{"start":{"line":29,"column":20},"end":{"line":29,"column":21}},"21":{"start":{"line":30,"column":20},"end":{"line":30,"column":22}},"22":{"start":{"line":32,"column":19},"end":{"line":32,"column":22}},"23":{"start":{"line":33,"column":19},"end":{"line":33,"column":22}},"24":{"start":{"line":34,"column":19},"end":{"line":34,"column":21}},"25":{"start":{"line":35,"column":19},"end":{"line":35,"column":48}},"26":{"start":{"line":36,"column":19},"end":{"line":36,"column":22}},"27":{"start":{"line":38,"column":17},"end":{"line":38,"column":18}},"28":{"start":{"line":39,"column":18},"end":{"line":39,"column":20}},"29":{"start":{"line":41,"column":16},"end":{"line":41,"column":17}},"30":{"start":{"line":42,"column":19},"end":{"line":42,"column":24}},"31":{"start":{"line":43,"column":15},"end":{"line":43,"column":20}},"32":{"start":{"line":44,"column":15},"end":{"line":44,"column":20}},"33":{"start":{"line":45,"column":20},"end":{"line":45,"column":21}},"34":{"start":{"line":46,"column":16},"end":{"line":46,"column":18}},"35":{"start":{"line":47,"column":23},"end":{"line":47,"column":28}},"36":{"start":{"line":49,"column":24},"end":{"line":49,"column":26}},"37":{"start":{"line":50,"column":24},"end":{"line":50,"column":26}},"38":{"start":{"line":51,"column":19},"end":{"line":51,"column":20}},"39":{"start":{"line":54,"column":22},"end":{"line":54,"column":23}},"40":{"start":{"line":56,"column":26},"end":{"line":56,"column":28}},"41":{"start":{"line":57,"column":20},"end":{"line":57,"column":21}},"42":{"start":{"line":58,"column":23},"end":{"line":58,"column":28}},"43":{"start":{"line":61,"column":0},"end":{"line":63,"column":3}},"44":{"start":{"line":62,"column":4},"end":{"line":62,"column":110}},"45":{"start":{"line":66,"column":0},"end":{"line":113,"column":3}},"46":{"start":{"line":68,"column":4},"end":{"line":68,"column":20}},"47":{"start":{"line":69,"column":4},"end":{"line":69,"column":21}},"48":{"start":{"line":70,"column":4},"end":{"line":70,"column":20}},"49":{"start":{"line":71,"column":4},"end":{"line":71,"column":23}},"50":{"start":{"line":73,"column":4},"end":{"line":73,"column":26}},"51":{"start":{"line":74,"column":4},"end":{"line":74,"column":27}},"52":{"start":{"line":75,"column":4},"end":{"line":75,"column":27}},"53":{"start":{"line":76,"column":4},"end":{"line":76,"column":25}},"54":{"start":{"line":77,"column":4},"end":{"line":77,"column":27}},"55":{"start":{"line":78,"column":4},"end":{"line":78,"column":27}},"56":{"start":{"line":80,"column":4},"end":{"line":80,"column":17}},"57":{"start":{"line":81,"column":4},"end":{"line":81,"column":17}},"58":{"start":{"line":83,"column":4},"end":{"line":83,"column":12}},"59":{"start":{"line":84,"column":4},"end":{"line":84,"column":18}},"60":{"start":{"line":85,"column":4},"end":{"line":85,"column":14}},"61":{"start":{"line":86,"column":4},"end":{"line":86,"column":19}},"62":{"start":{"line":87,"column":4},"end":{"line":87,"column":21}},"63":{"start":{"line":88,"column":4},"end":{"line":88,"column":18}},"64":{"start":{"line":89,"column":4},"end":{"line":89,"column":25}},"65":{"start":{"line":90,"column":4},"end":{"line":90,"column":21}},"66":{"start":{"line":91,"column":4},"end":{"line":91,"column":21}},"67":{"start":{"line":92,"column":4},"end":{"line":92,"column":22}},"68":{"start":{"line":93,"column":4},"end":{"line":93,"column":19}},"69":{"start":{"line":94,"column":4},"end":{"line":94,"column":29}},"70":{"start":{"line":96,"column":4},"end":{"line":96,"column":27}},"71":{"start":{"line":97,"column":4},"end":{"line":97,"column":27}},"72":{"start":{"line":98,"column":4},"end":{"line":98,"column":21}},"73":{"start":{"line":102,"column":4},"end":{"line":102,"column":81}},"74":{"start":{"line":103,"column":4},"end":{"line":103,"column":70}},"75":{"start":{"line":105,"column":4},"end":{"line":105,"column":24}},"76":{"start":{"line":108,"column":4},"end":{"line":108,"column":38}},"77":{"start":{"line":109,"column":4},"end":{"line":109,"column":46}},"78":{"start":{"line":110,"column":4},"end":{"line":110,"column":44}},"79":{"start":{"line":112,"column":4},"end":{"line":112,"column":85}},"80":{"start":{"line":116,"column":0},"end":{"line":180,"column":3}},"81":{"start":{"line":117,"column":4},"end":{"line":117,"column":29}},"82":{"start":{"line":120,"column":4},"end":{"line":120,"column":50}},"83":{"start":{"line":123,"column":16},"end":{"line":123,"column":58}},"84":{"start":{"line":125,"column":4},"end":{"line":125,"column":25}},"85":{"start":{"line":128,"column":4},"end":{"line":179,"column":7}},"86":{"start":{"line":130,"column":19},"end":{"line":130,"column":52}},"87":{"start":{"line":131,"column":8},"end":{"line":131,"column":35}},"88":{"start":{"line":134,"column":21},"end":{"line":134,"column":53}},"89":{"start":{"line":136,"column":17},"end":{"line":136,"column":45}},"90":{"start":{"line":137,"column":8},"end":{"line":137,"column":45}},"91":{"start":{"line":138,"column":8},"end":{"line":138,"column":31}},"92":{"start":{"line":141,"column":22},"end":{"line":141,"column":51}},"93":{"start":{"line":142,"column":8},"end":{"line":142,"column":41}},"94":{"start":{"line":145,"column":8},"end":{"line":171,"column":11}},"95":{"start":{"line":148,"column":28},"end":{"line":148,"column":57}},"96":{"start":{"line":151,"column":31},"end":{"line":151,"column":62}},"97":{"start":{"line":152,"column":12},"end":{"line":152,"column":40}},"98":{"start":{"line":153,"column":12},"end":{"line":153,"column":53}},"99":{"start":{"line":154,"column":12},"end":{"line":154,"column":40}},"100":{"start":{"line":155,"column":12},"end":{"line":155,"column":70}},"101":{"start":{"line":156,"column":12},"end":{"line":158,"column":13}},"102":{"start":{"line":157,"column":16},"end":{"line":157,"column":44}},"103":{"start":{"line":161,"column":24},"end":{"line":161,"column":55}},"104":{"start":{"line":162,"column":12},"end":{"line":162,"column":44}},"105":{"start":{"line":163,"column":12},"end":{"line":163,"column":39}},"106":{"start":{"line":166,"column":12},"end":{"line":166,"column":46}},"107":{"start":{"line":167,"column":12},"end":{"line":167,"column":39}},"108":{"start":{"line":170,"column":12},"end":{"line":170,"column":41}},"109":{"start":{"line":174,"column":8},"end":{"line":174,"column":33}},"110":{"start":{"line":175,"column":8},"end":{"line":175,"column":34}},"111":{"start":{"line":178,"column":8},"end":{"line":178,"column":32}},"112":{"start":{"line":183,"column":0},"end":{"line":193,"column":3}},"113":{"start":{"line":185,"column":4},"end":{"line":192,"column":7}},"114":{"start":{"line":186,"column":24},"end":{"line":186,"column":86}},"115":{"start":{"line":187,"column":8},"end":{"line":191,"column":9}},"116":{"start":{"line":188,"column":12},"end":{"line":188,"column":50}},"117":{"start":{"line":190,"column":12},"end":{"line":190,"column":57}},"118":{"start":{"line":196,"column":0},"end":{"line":246,"column":3}},"119":{"start":{"line":199,"column":16},"end":{"line":199,"column":55}},"120":{"start":{"line":201,"column":4},"end":{"line":201,"column":25}},"121":{"start":{"line":205,"column":4},"end":{"line":245,"column":7}},"122":{"start":{"line":207,"column":19},"end":{"line":207,"column":52}},"123":{"start":{"line":208,"column":8},"end":{"line":208,"column":35}},"124":{"start":{"line":211,"column":21},"end":{"line":211,"column":53}},"125":{"start":{"line":213,"column":17},"end":{"line":213,"column":45}},"126":{"start":{"line":214,"column":8},"end":{"line":214,"column":39}},"127":{"start":{"line":215,"column":8},"end":{"line":215,"column":31}},"128":{"start":{"line":218,"column":22},"end":{"line":218,"column":51}},"129":{"start":{"line":219,"column":8},"end":{"line":219,"column":41}},"130":{"start":{"line":223,"column":23},"end":{"line":231,"column":9}},"131":{"start":{"line":229,"column":64},"end":{"line":229,"column":76}},"132":{"start":{"line":230,"column":56},"end":{"line":230,"column":68}},"133":{"start":{"line":233,"column":8},"end":{"line":237,"column":11}},"134":{"start":{"line":234,"column":20},"end":{"line":234,"column":47}},"135":{"start":{"line":235,"column":12},"end":{"line":235,"column":69}},"136":{"start":{"line":236,"column":12},"end":{"line":236,"column":35}},"137":{"start":{"line":240,"column":8},"end":{"line":240,"column":33}},"138":{"start":{"line":241,"column":8},"end":{"line":241,"column":34}},"139":{"start":{"line":244,"column":8},"end":{"line":244,"column":32}},"140":{"start":{"line":249,"column":0},"end":{"line":291,"column":3}},"141":{"start":{"line":251,"column":21},"end":{"line":257,"column":5}},"142":{"start":{"line":259,"column":21},"end":{"line":259,"column":74}},"143":{"start":{"line":260,"column":21},"end":{"line":260,"column":22}},"144":{"start":{"line":261,"column":4},"end":{"line":265,"column":7}},"145":{"start":{"line":262,"column":8},"end":{"line":264,"column":9}},"146":{"start":{"line":263,"column":12},"end":{"line":263,"column":25}},"147":{"start":{"line":267,"column":4},"end":{"line":290,"column":5}},"148":{"start":{"line":269,"column":8},"end":{"line":269,"column":71}},"149":{"start":{"line":270,"column":8},"end":{"line":270,"column":102}},"150":{"start":{"line":271,"column":8},"end":{"line":271,"column":29}},"151":{"start":{"line":272,"column":8},"end":{"line":272,"column":69}},"152":{"start":{"line":275,"column":8},"end":{"line":287,"column":9}},"153":{"start":{"line":276,"column":12},"end":{"line":276,"column":106}},"154":{"start":{"line":277,"column":15},"end":{"line":287,"column":9}},"155":{"start":{"line":278,"column":12},"end":{"line":278,"column":101}},"156":{"start":{"line":279,"column":15},"end":{"line":287,"column":9}},"157":{"start":{"line":280,"column":12},"end":{"line":280,"column":100}},"158":{"start":{"line":281,"column":15},"end":{"line":287,"column":9}},"159":{"start":{"line":282,"column":12},"end":{"line":282,"column":100}},"160":{"start":{"line":283,"column":15},"end":{"line":287,"column":9}},"161":{"start":{"line":284,"column":12},"end":{"line":284,"column":107}},"162":{"start":{"line":286,"column":12},"end":{"line":286,"column":105}},"163":{"start":{"line":289,"column":8},"end":{"line":289,"column":99}},"164":{"start":{"line":294,"column":0},"end":{"line":355,"column":3}},"165":{"start":{"line":296,"column":4},"end":{"line":296,"column":17}},"166":{"start":{"line":297,"column":4},"end":{"line":299,"column":7}},"167":{"start":{"line":298,"column":8},"end":{"line":298,"column":63}},"168":{"start":{"line":300,"column":4},"end":{"line":300,"column":60}},"169":{"start":{"line":305,"column":4},"end":{"line":305,"column":60}},"170":{"start":{"line":306,"column":4},"end":{"line":351,"column":7}},"171":{"start":{"line":308,"column":19},"end":{"line":308,"column":52}},"172":{"start":{"line":309,"column":8},"end":{"line":309,"column":35}},"173":{"start":{"line":312,"column":28},"end":{"line":312,"column":56}},"174":{"start":{"line":313,"column":8},"end":{"line":313,"column":50}},"175":{"start":{"line":316,"column":28},"end":{"line":316,"column":55}},"176":{"start":{"line":317,"column":8},"end":{"line":317,"column":50}},"177":{"start":{"line":318,"column":8},"end":{"line":318,"column":53}},"178":{"start":{"line":319,"column":8},"end":{"line":319,"column":56}},"179":{"start":{"line":322,"column":25},"end":{"line":322,"column":54}},"180":{"start":{"line":323,"column":8},"end":{"line":323,"column":51}},"181":{"start":{"line":325,"column":26},"end":{"line":325,"column":58}},"182":{"start":{"line":326,"column":8},"end":{"line":326,"column":38}},"183":{"start":{"line":327,"column":8},"end":{"line":331,"column":11}},"184":{"start":{"line":328,"column":12},"end":{"line":328,"column":37}},"185":{"start":{"line":329,"column":12},"end":{"line":329,"column":68}},"186":{"start":{"line":330,"column":12},"end":{"line":330,"column":33}},"187":{"start":{"line":333,"column":26},"end":{"line":333,"column":58}},"188":{"start":{"line":334,"column":8},"end":{"line":334,"column":38}},"189":{"start":{"line":335,"column":8},"end":{"line":341,"column":11}},"190":{"start":{"line":336,"column":12},"end":{"line":338,"column":13}},"191":{"start":{"line":337,"column":16},"end":{"line":337,"column":41}},"192":{"start":{"line":339,"column":12},"end":{"line":339,"column":68}},"193":{"start":{"line":340,"column":12},"end":{"line":340,"column":33}},"194":{"start":{"line":343,"column":8},"end":{"line":343,"column":46}},"195":{"start":{"line":345,"column":8},"end":{"line":345,"column":44}},"196":{"start":{"line":346,"column":8},"end":{"line":346,"column":46}},"197":{"start":{"line":347,"column":8},"end":{"line":347,"column":44}},"198":{"start":{"line":349,"column":8},"end":{"line":349,"column":37}},"199":{"start":{"line":350,"column":8},"end":{"line":350,"column":67}},"200":{"start":{"line":353,"column":4},"end":{"line":353,"column":25}},"201":{"start":{"line":358,"column":23},"end":{"line":358,"column":25}},"202":{"start":{"line":359,"column":21},"end":{"line":359,"column":23}},"203":{"start":{"line":361,"column":4},"end":{"line":372,"column":7}},"204":{"start":{"line":362,"column":8},"end":{"line":362,"column":93}},"205":{"start":{"line":364,"column":8},"end":{"line":366,"column":9}},"206":{"start":{"line":365,"column":12},"end":{"line":365,"column":48}},"207":{"start":{"line":367,"column":8},"end":{"line":367,"column":111}},"208":{"start":{"line":369,"column":8},"end":{"line":371,"column":9}},"209":{"start":{"line":370,"column":12},"end":{"line":370,"column":120}},"210":{"start":{"line":373,"column":4},"end":{"line":373,"column":40}},"211":{"start":{"line":375,"column":4},"end":{"line":380,"column":7}},"212":{"start":{"line":376,"column":8},"end":{"line":378,"column":9}},"213":{"start":{"line":377,"column":12},"end":{"line":377,"column":48}},"214":{"start":{"line":379,"column":8},"end":{"line":379,"column":112}},"215":{"start":{"line":381,"column":4},"end":{"line":381,"column":45}},"216":{"start":{"line":382,"column":4},"end":{"line":382,"column":76}},"217":{"start":{"line":386,"column":0},"end":{"line":414,"column":3}},"218":{"start":{"line":389,"column":19},"end":{"line":389,"column":24}},"219":{"start":{"line":392,"column":4},"end":{"line":396,"column":7}},"220":{"start":{"line":393,"column":8},"end":{"line":395,"column":9}},"221":{"start":{"line":394,"column":12},"end":{"line":394,"column":28}},"222":{"start":{"line":399,"column":28},"end":{"line":399,"column":87}},"223":{"start":{"line":399,"column":62},"end":{"line":399,"column":83}},"224":{"start":{"line":400,"column":21},"end":{"line":400,"column":45}},"225":{"start":{"line":403,"column":4},"end":{"line":413,"column":5}},"226":{"start":{"line":405,"column":29},"end":{"line":405,"column":73}},"227":{"start":{"line":405,"column":55},"end":{"line":405,"column":72}},"228":{"start":{"line":406,"column":8},"end":{"line":406,"column":168}},"229":{"start":{"line":407,"column":11},"end":{"line":413,"column":5}},"230":{"start":{"line":409,"column":8},"end":{"line":409,"column":175}},"231":{"start":{"line":412,"column":8},"end":{"line":412,"column":106}},"232":{"start":{"line":420,"column":0},"end":{"line":446,"column":3}},"233":{"start":{"line":422,"column":4},"end":{"line":422,"column":94}},"234":{"start":{"line":425,"column":4},"end":{"line":439,"column":7}},"235":{"start":{"line":441,"column":4},"end":{"line":441,"column":19}},"236":{"start":{"line":442,"column":4},"end":{"line":442,"column":80}},"237":{"start":{"line":444,"column":4},"end":{"line":444,"column":87}},"238":{"start":{"line":445,"column":4},"end":{"line":445,"column":87}},"239":{"start":{"line":449,"column":0},"end":{"line":455,"column":3}},"240":{"start":{"line":450,"column":4},"end":{"line":450,"column":30}},"241":{"start":{"line":451,"column":4},"end":{"line":453,"column":5}},"242":{"start":{"line":452,"column":8},"end":{"line":452,"column":48}},"243":{"start":{"line":454,"column":4},"end":{"line":454,"column":69}},"244":{"start":{"line":457,"column":0},"end":{"line":463,"column":3}},"245":{"start":{"line":458,"column":4},"end":{"line":458,"column":30}},"246":{"start":{"line":459,"column":4},"end":{"line":461,"column":5}},"247":{"start":{"line":460,"column":8},"end":{"line":460,"column":48}},"248":{"start":{"line":462,"column":4},"end":{"line":462,"column":69}},"249":{"start":{"line":466,"column":0},"end":{"line":468,"column":3}},"250":{"start":{"line":467,"column":4},"end":{"line":467,"column":19}},"251":{"start":{"line":471,"column":20},"end":{"line":471,"column":61}},"252":{"start":{"line":472,"column":14},"end":{"line":472,"column":33}},"253":{"start":{"line":473,"column":4},"end":{"line":473,"column":20}},"254":{"start":{"line":475,"column":4},"end":{"line":475,"column":22}},"255":{"start":{"line":476,"column":4},"end":{"line":476,"column":48}},"256":{"start":{"line":479,"column":4},"end":{"line":479,"column":28}},"257":{"start":{"line":481,"column":4},"end":{"line":481,"column":11}},"258":{"start":{"line":485,"column":4},"end":{"line":485,"column":34}},"259":{"start":{"line":488,"column":4},"end":{"line":490,"column":5}},"260":{"start":{"line":489,"column":8},"end":{"line":489,"column":76}},"261":{"start":{"line":491,"column":4},"end":{"line":493,"column":5}},"262":{"start":{"line":492,"column":8},"end":{"line":492,"column":76}},"263":{"start":{"line":495,"column":4},"end":{"line":495,"column":90}},"264":{"start":{"line":496,"column":4},"end":{"line":496,"column":89}},"265":{"start":{"line":498,"column":4},"end":{"line":498,"column":17}},"266":{"start":{"line":499,"column":4},"end":{"line":499,"column":20}},"267":{"start":{"line":504,"column":4},"end":{"line":504,"column":15}},"268":{"start":{"line":507,"column":4},"end":{"line":507,"column":34}},"269":{"start":{"line":510,"column":4},"end":{"line":514,"column":5}},"270":{"start":{"line":511,"column":8},"end":{"line":511,"column":26}},"271":{"start":{"line":513,"column":8},"end":{"line":513,"column":27}},"272":{"start":{"line":516,"column":13},"end":{"line":516,"column":14}},"273":{"start":{"line":517,"column":4},"end":{"line":519,"column":5}},"274":{"start":{"line":518,"column":8},"end":{"line":518,"column":23}},"275":{"start":{"line":520,"column":13},"end":{"line":520,"column":22}},"276":{"start":{"line":523,"column":4},"end":{"line":523,"column":40}},"277":{"start":{"line":524,"column":4},"end":{"line":524,"column":34}},"278":{"start":{"line":525,"column":4},"end":{"line":525,"column":30}},"279":{"start":{"line":526,"column":4},"end":{"line":526,"column":20}},"280":{"start":{"line":527,"column":4},"end":{"line":527,"column":23}},"281":{"start":{"line":528,"column":4},"end":{"line":528,"column":22}},"282":{"start":{"line":529,"column":4},"end":{"line":529,"column":33}},"283":{"start":{"line":530,"column":4},"end":{"line":530,"column":34}},"284":{"start":{"line":531,"column":4},"end":{"line":531,"column":17}},"285":{"start":{"line":534,"column":4},"end":{"line":549,"column":5}},"286":{"start":{"line":536,"column":25},"end":{"line":536,"column":31}},"287":{"start":{"line":538,"column":8},"end":{"line":538,"column":30}},"288":{"start":{"line":539,"column":8},"end":{"line":539,"column":86}},"289":{"start":{"line":541,"column":24},"end":{"line":541,"column":45}},"290":{"start":{"line":543,"column":8},"end":{"line":543,"column":36}},"291":{"start":{"line":544,"column":8},"end":{"line":544,"column":28}},"292":{"start":{"line":545,"column":8},"end":{"line":545,"column":24}},"293":{"start":{"line":546,"column":8},"end":{"line":546,"column":49}},"294":{"start":{"line":547,"column":8},"end":{"line":547,"column":60}},"295":{"start":{"line":548,"column":8},"end":{"line":548,"column":21}},"296":{"start":{"line":551,"column":4},"end":{"line":551,"column":18}},"297":{"start":{"line":556,"column":12},"end":{"line":556,"column":20}},"298":{"start":{"line":557,"column":12},"end":{"line":557,"column":20}},"299":{"start":{"line":558,"column":12},"end":{"line":558,"column":20}},"300":{"start":{"line":559,"column":12},"end":{"line":559,"column":20}},"301":{"start":{"line":562,"column":4},"end":{"line":562,"column":40}},"302":{"start":{"line":563,"column":4},"end":{"line":563,"column":34}},"303":{"start":{"line":564,"column":4},"end":{"line":564,"column":30}},"304":{"start":{"line":565,"column":4},"end":{"line":565,"column":20}},"305":{"start":{"line":566,"column":4},"end":{"line":566,"column":21}},"306":{"start":{"line":567,"column":4},"end":{"line":567,"column":25}},"307":{"start":{"line":568,"column":4},"end":{"line":568,"column":29}},"308":{"start":{"line":569,"column":4},"end":{"line":569,"column":25}},"309":{"start":{"line":570,"column":4},"end":{"line":570,"column":17}},"310":{"start":{"line":573,"column":4},"end":{"line":584,"column":5}},"311":{"start":{"line":574,"column":22},"end":{"line":574,"column":40}},"312":{"start":{"line":575,"column":8},"end":{"line":575,"column":36}},"313":{"start":{"line":576,"column":8},"end":{"line":576,"column":80}},"314":{"start":{"line":578,"column":8},"end":{"line":578,"column":53}},"315":{"start":{"line":579,"column":8},"end":{"line":579,"column":30}},"316":{"start":{"line":580,"column":8},"end":{"line":580,"column":24}},"317":{"start":{"line":581,"column":8},"end":{"line":581,"column":45}},"318":{"start":{"line":582,"column":8},"end":{"line":582,"column":49}},"319":{"start":{"line":583,"column":8},"end":{"line":583,"column":21}},"320":{"start":{"line":591,"column":4},"end":{"line":593,"column":5}},"321":{"start":{"line":592,"column":8},"end":{"line":592,"column":15}},"322":{"start":{"line":595,"column":14},"end":{"line":595,"column":15}},"323":{"start":{"line":596,"column":4},"end":{"line":598,"column":5}},"324":{"start":{"line":597,"column":8},"end":{"line":597,"column":17}},"325":{"start":{"line":601,"column":15},"end":{"line":601,"column":16}},"326":{"start":{"line":602,"column":15},"end":{"line":602,"column":24}},"327":{"start":{"line":604,"column":17},"end":{"line":604,"column":85}},"328":{"start":{"line":605,"column":17},"end":{"line":605,"column":85}},"329":{"start":{"line":607,"column":19},"end":{"line":607,"column":42}},"330":{"start":{"line":609,"column":4},"end":{"line":609,"column":44}},"331":{"start":{"line":610,"column":4},"end":{"line":610,"column":24}},"332":{"start":{"line":611,"column":4},"end":{"line":611,"column":30}},"333":{"start":{"line":612,"column":4},"end":{"line":612,"column":20}},"334":{"start":{"line":613,"column":4},"end":{"line":613,"column":31}},"335":{"start":{"line":614,"column":14},"end":{"line":614,"column":37}},"336":{"start":{"line":615,"column":14},"end":{"line":615,"column":49}},"337":{"start":{"line":616,"column":4},"end":{"line":616,"column":55}},"338":{"start":{"line":617,"column":4},"end":{"line":617,"column":17}},"339":{"start":{"line":619,"column":4},"end":{"line":619,"column":41}},"340":{"start":{"line":620,"column":4},"end":{"line":620,"column":20}},"341":{"start":{"line":621,"column":4},"end":{"line":621,"column":55}},"342":{"start":{"line":622,"column":4},"end":{"line":622,"column":15}},"343":{"start":{"line":627,"column":4},"end":{"line":666,"column":7}},"344":{"start":{"line":629,"column":8},"end":{"line":665,"column":9}},"345":{"start":{"line":631,"column":12},"end":{"line":631,"column":83}},"346":{"start":{"line":633,"column":12},"end":{"line":653,"column":13}},"347":{"start":{"line":635,"column":28},"end":{"line":635,"column":55}},"348":{"start":{"line":636,"column":16},"end":{"line":636,"column":38}},"349":{"start":{"line":637,"column":16},"end":{"line":637,"column":102}},"350":{"start":{"line":638,"column":16},"end":{"line":645,"column":17}},"351":{"start":{"line":639,"column":20},"end":{"line":643,"column":21}},"352":{"start":{"line":640,"column":24},"end":{"line":640,"column":51}},"353":{"start":{"line":642,"column":24},"end":{"line":642,"column":75}},"354":{"start":{"line":644,"column":20},"end":{"line":644,"column":43}},"355":{"start":{"line":647,"column":16},"end":{"line":652,"column":17}},"356":{"start":{"line":649,"column":20},"end":{"line":649,"column":37}},"357":{"start":{"line":650,"column":20},"end":{"line":650,"column":43}},"358":{"start":{"line":651,"column":20},"end":{"line":651,"column":44}},"359":{"start":{"line":655,"column":15},"end":{"line":665,"column":9}},"360":{"start":{"line":657,"column":12},"end":{"line":657,"column":61}},"361":{"start":{"line":659,"column":12},"end":{"line":664,"column":13}},"362":{"start":{"line":661,"column":16},"end":{"line":661,"column":41}},"363":{"start":{"line":663,"column":16},"end":{"line":663,"column":31}},"364":{"start":{"line":668,"column":4},"end":{"line":668,"column":11}},"365":{"start":{"line":669,"column":4},"end":{"line":669,"column":44}},"366":{"start":{"line":672,"column":4},"end":{"line":680,"column":5}},"367":{"start":{"line":674,"column":8},"end":{"line":677,"column":9}},"368":{"start":{"line":676,"column":12},"end":{"line":676,"column":114}},"369":{"start":{"line":679,"column":8},"end":{"line":679,"column":24}},"370":{"start":{"line":686,"column":0},"end":{"line":699,"column":3}},"371":{"start":{"line":687,"column":4},"end":{"line":689,"column":5}},"372":{"start":{"line":688,"column":8},"end":{"line":688,"column":15}},"373":{"start":{"line":690,"column":15},"end":{"line":690,"column":45}},"374":{"start":{"line":692,"column":16},"end":{"line":692,"column":51}},"375":{"start":{"line":693,"column":16},"end":{"line":693,"column":50}},"376":{"start":{"line":695,"column":4},"end":{"line":698,"column":5}},"377":{"start":{"line":696,"column":8},"end":{"line":696,"column":24}},"378":{"start":{"line":697,"column":8},"end":{"line":697,"column":43}},"379":{"start":{"line":702,"column":0},"end":{"line":741,"column":3}},"380":{"start":{"line":703,"column":4},"end":{"line":705,"column":5}},"381":{"start":{"line":704,"column":8},"end":{"line":704,"column":15}},"382":{"start":{"line":707,"column":15},"end":{"line":707,"column":45}},"383":{"start":{"line":708,"column":16},"end":{"line":708,"column":51}},"384":{"start":{"line":709,"column":16},"end":{"line":709,"column":50}},"385":{"start":{"line":712,"column":4},"end":{"line":740,"column":5}},"386":{"start":{"line":714,"column":19},"end":{"line":714,"column":50}},"387":{"start":{"line":716,"column":16},"end":{"line":716,"column":54}},"388":{"start":{"line":719,"column":8},"end":{"line":736,"column":9}},"389":{"start":{"line":721,"column":12},"end":{"line":721,"column":49}},"390":{"start":{"line":723,"column":12},"end":{"line":725,"column":13}},"391":{"start":{"line":724,"column":16},"end":{"line":724,"column":34}},"392":{"start":{"line":728,"column":12},"end":{"line":728,"column":31}},"393":{"start":{"line":730,"column":12},"end":{"line":730,"column":87}},"394":{"start":{"line":733,"column":12},"end":{"line":735,"column":13}},"395":{"start":{"line":734,"column":16},"end":{"line":734,"column":34}},"396":{"start":{"line":737,"column":11},"end":{"line":740,"column":5}},"397":{"start":{"line":739,"column":8},"end":{"line":739,"column":25}},"398":{"start":{"line":744,"column":0},"end":{"line":746,"column":3}},"399":{"start":{"line":745,"column":4},"end":{"line":745,"column":21}},"400":{"start":{"line":747,"column":0},"end":{"line":749,"column":3}},"401":{"start":{"line":748,"column":4},"end":{"line":748,"column":21}},"402":{"start":{"line":752,"column":0},"end":{"line":768,"column":20}},"403":{"start":{"line":754,"column":4},"end":{"line":754,"column":27}},"404":{"start":{"line":755,"column":15},"end":{"line":755,"column":45}},"405":{"start":{"line":757,"column":16},"end":{"line":757,"column":32}},"406":{"start":{"line":758,"column":16},"end":{"line":758,"column":51}},"407":{"start":{"line":759,"column":16},"end":{"line":759,"column":50}},"408":{"start":{"line":761,"column":4},"end":{"line":765,"column":5}},"409":{"start":{"line":763,"column":8},"end":{"line":763,"column":24}},"410":{"start":{"line":764,"column":8},"end":{"line":764,"column":43}},"411":{"start":{"line":771,"column":0},"end":{"line":815,"column":20}},"412":{"start":{"line":773,"column":4},"end":{"line":773,"column":27}},"413":{"start":{"line":775,"column":4},"end":{"line":777,"column":5}},"414":{"start":{"line":776,"column":8},"end":{"line":776,"column":15}},"415":{"start":{"line":779,"column":15},"end":{"line":779,"column":45}},"416":{"start":{"line":781,"column":16},"end":{"line":781,"column":32}},"417":{"start":{"line":782,"column":16},"end":{"line":782,"column":51}},"418":{"start":{"line":783,"column":16},"end":{"line":783,"column":50}},"419":{"start":{"line":786,"column":4},"end":{"line":812,"column":5}},"420":{"start":{"line":788,"column":19},"end":{"line":788,"column":50}},"421":{"start":{"line":790,"column":16},"end":{"line":790,"column":54}},"422":{"start":{"line":793,"column":8},"end":{"line":811,"column":9}},"423":{"start":{"line":795,"column":12},"end":{"line":795,"column":49}},"424":{"start":{"line":798,"column":12},"end":{"line":800,"column":13}},"425":{"start":{"line":799,"column":16},"end":{"line":799,"column":34}},"426":{"start":{"line":803,"column":12},"end":{"line":803,"column":31}},"427":{"start":{"line":805,"column":12},"end":{"line":805,"column":87}},"428":{"start":{"line":808,"column":12},"end":{"line":810,"column":13}},"429":{"start":{"line":809,"column":16},"end":{"line":809,"column":34}},"430":{"start":{"line":818,"column":0},"end":{"line":820,"column":3}},"431":{"start":{"line":819,"column":4},"end":{"line":819,"column":21}},"432":{"start":{"line":824,"column":4},"end":{"line":824,"column":28}},"433":{"start":{"line":825,"column":4},"end":{"line":825,"column":21}},"434":{"start":{"line":826,"column":4},"end":{"line":826,"column":21}},"435":{"start":{"line":827,"column":4},"end":{"line":827,"column":19}},"436":{"start":{"line":828,"column":4},"end":{"line":828,"column":24}},"437":{"start":{"line":830,"column":4},"end":{"line":830,"column":106}},"438":{"start":{"line":831,"column":4},"end":{"line":831,"column":97}},"439":{"start":{"line":833,"column":4},"end":{"line":833,"column":49}},"440":{"start":{"line":836,"column":4},"end":{"line":836,"column":33}},"441":{"start":{"line":837,"column":4},"end":{"line":837,"column":18}},"442":{"start":{"line":838,"column":4},"end":{"line":838,"column":11}},"443":{"start":{"line":844,"column":4},"end":{"line":846,"column":5}},"444":{"start":{"line":845,"column":8},"end":{"line":845,"column":15}},"445":{"start":{"line":849,"column":4},"end":{"line":860,"column":5}},"446":{"start":{"line":851,"column":25},"end":{"line":851,"column":51}},"447":{"start":{"line":852,"column":8},"end":{"line":852,"column":37}},"448":{"start":{"line":853,"column":8},"end":{"line":853,"column":26}},"449":{"start":{"line":854,"column":8},"end":{"line":854,"column":24}},"450":{"start":{"line":855,"column":8},"end":{"line":855,"column":51}},"451":{"start":{"line":856,"column":8},"end":{"line":858,"column":9}},"452":{"start":{"line":856,"column":21},"end":{"line":856,"column":22}},"453":{"start":{"line":857,"column":12},"end":{"line":857,"column":55}},"454":{"start":{"line":859,"column":8},"end":{"line":859,"column":21}},"455":{"start":{"line":865,"column":4},"end":{"line":869,"column":5}},"456":{"start":{"line":866,"column":8},"end":{"line":866,"column":20}},"457":{"start":{"line":868,"column":8},"end":{"line":868,"column":21}},"458":{"start":{"line":874,"column":0},"end":{"line":1038,"column":3}},"459":{"start":{"line":875,"column":20},"end":{"line":875,"column":47}},"460":{"start":{"line":878,"column":25},"end":{"line":878,"column":73}},"461":{"start":{"line":879,"column":4},"end":{"line":879,"column":32}},"462":{"start":{"line":882,"column":18},"end":{"line":882,"column":51}},"463":{"start":{"line":883,"column":4},"end":{"line":883,"column":34}},"464":{"start":{"line":884,"column":4},"end":{"line":884,"column":41}},"465":{"start":{"line":887,"column":21},"end":{"line":887,"column":50}},"466":{"start":{"line":888,"column":4},"end":{"line":888,"column":40}},"467":{"start":{"line":889,"column":4},"end":{"line":889,"column":47}},"468":{"start":{"line":892,"column":22},"end":{"line":892,"column":99}},"469":{"start":{"line":895,"column":4},"end":{"line":899,"column":7}},"470":{"start":{"line":902,"column":4},"end":{"line":906,"column":7}},"471":{"start":{"line":909,"column":4},"end":{"line":913,"column":7}},"472":{"start":{"line":916,"column":4},"end":{"line":920,"column":7}},"473":{"start":{"line":923,"column":4},"end":{"line":923,"column":36}},"474":{"start":{"line":924,"column":4},"end":{"line":924,"column":38}},"475":{"start":{"line":927,"column":27},"end":{"line":927,"column":68}},"476":{"start":{"line":928,"column":4},"end":{"line":928,"column":34}},"477":{"start":{"line":932,"column":4},"end":{"line":936,"column":5}},"478":{"start":{"line":933,"column":8},"end":{"line":933,"column":59}},"479":{"start":{"line":935,"column":8},"end":{"line":935,"column":29}},"480":{"start":{"line":939,"column":22},"end":{"line":939,"column":66}},"481":{"start":{"line":943,"column":4},"end":{"line":947,"column":5}},"482":{"start":{"line":944,"column":8},"end":{"line":944,"column":75}},"483":{"start":{"line":946,"column":8},"end":{"line":946,"column":29}},"484":{"start":{"line":949,"column":4},"end":{"line":949,"column":44}},"485":{"start":{"line":952,"column":20},"end":{"line":952,"column":53}},"486":{"start":{"line":953,"column":4},"end":{"line":953,"column":36}},"487":{"start":{"line":954,"column":4},"end":{"line":954,"column":43}},"488":{"start":{"line":957,"column":23},"end":{"line":957,"column":52}},"489":{"start":{"line":958,"column":4},"end":{"line":958,"column":42}},"490":{"start":{"line":959,"column":4},"end":{"line":959,"column":49}},"491":{"start":{"line":962,"column":19},"end":{"line":962,"column":48}},"492":{"start":{"line":963,"column":4},"end":{"line":963,"column":44}},"493":{"start":{"line":964,"column":4},"end":{"line":964,"column":120}},"494":{"start":{"line":965,"column":4},"end":{"line":965,"column":110}},"495":{"start":{"line":966,"column":4},"end":{"line":966,"column":95}},"496":{"start":{"line":967,"column":4},"end":{"line":967,"column":39}},"497":{"start":{"line":970,"column":20},"end":{"line":970,"column":47}},"498":{"start":{"line":971,"column":4},"end":{"line":971,"column":41}},"499":{"start":{"line":972,"column":4},"end":{"line":972,"column":215}},"500":{"start":{"line":973,"column":4},"end":{"line":973,"column":40}},"501":{"start":{"line":976,"column":4},"end":{"line":976,"column":40}},"502":{"start":{"line":977,"column":4},"end":{"line":977,"column":42}},"503":{"start":{"line":981,"column":28},"end":{"line":981,"column":78}},"504":{"start":{"line":982,"column":4},"end":{"line":982,"column":35}},"505":{"start":{"line":984,"column":4},"end":{"line":990,"column":7}},"506":{"start":{"line":986,"column":8},"end":{"line":989,"column":9}},"507":{"start":{"line":988,"column":12},"end":{"line":988,"column":107}},"508":{"start":{"line":992,"column":4},"end":{"line":994,"column":5}},"509":{"start":{"line":993,"column":8},"end":{"line":993,"column":59}},"510":{"start":{"line":998,"column":27},"end":{"line":998,"column":76}},"511":{"start":{"line":999,"column":4},"end":{"line":999,"column":34}},"512":{"start":{"line":1001,"column":4},"end":{"line":1027,"column":7}},"513":{"start":{"line":1003,"column":8},"end":{"line":1026,"column":9}},"514":{"start":{"line":1005,"column":34},"end":{"line":1005,"column":87}},"515":{"start":{"line":1005,"column":59},"end":{"line":1005,"column":86}},"516":{"start":{"line":1007,"column":12},"end":{"line":1007,"column":89}},"517":{"start":{"line":1010,"column":12},"end":{"line":1015,"column":13}},"518":{"start":{"line":1011,"column":28},"end":{"line":1011,"column":77}},"519":{"start":{"line":1012,"column":16},"end":{"line":1012,"column":138}},"520":{"start":{"line":1014,"column":16},"end":{"line":1014,"column":91}},"521":{"start":{"line":1018,"column":12},"end":{"line":1022,"column":13}},"522":{"start":{"line":1019,"column":16},"end":{"line":1019,"column":67}},"523":{"start":{"line":1021,"column":16},"end":{"line":1021,"column":44}},"524":{"start":{"line":1025,"column":12},"end":{"line":1025,"column":106}},"525":{"start":{"line":1029,"column":4},"end":{"line":1031,"column":5}},"526":{"start":{"line":1030,"column":8},"end":{"line":1030,"column":57}},"527":{"start":{"line":1034,"column":4},"end":{"line":1034,"column":56}},"528":{"start":{"line":1035,"column":4},"end":{"line":1035,"column":63}},"529":{"start":{"line":1036,"column":4},"end":{"line":1036,"column":65}},"530":{"start":{"line":1037,"column":4},"end":{"line":1037,"column":96}},"531":{"start":{"line":1043,"column":14},"end":{"line":1043,"column":43}},"532":{"start":{"line":1044,"column":4},"end":{"line":1044,"column":40}},"533":{"start":{"line":1047,"column":16},"end":{"line":1047,"column":43}},"534":{"start":{"line":1048,"column":4},"end":{"line":1048,"column":47}},"535":{"start":{"line":1049,"column":4},"end":{"line":1049,"column":34}},"536":{"start":{"line":1052,"column":16},"end":{"line":1052,"column":43}},"537":{"start":{"line":1053,"column":4},"end":{"line":1053,"column":47}},"538":{"start":{"line":1054,"column":4},"end":{"line":1054,"column":32}},"539":{"start":{"line":1057,"column":15},"end":{"line":1057,"column":42}},"540":{"start":{"line":1058,"column":4},"end":{"line":1058,"column":45}},"541":{"start":{"line":1059,"column":4},"end":{"line":1059,"column":32}},"542":{"start":{"line":1062,"column":4},"end":{"line":1062,"column":27}},"543":{"start":{"line":1063,"column":4},"end":{"line":1063,"column":27}},"544":{"start":{"line":1064,"column":4},"end":{"line":1064,"column":26}},"545":{"start":{"line":1065,"column":4},"end":{"line":1065,"column":15}},"546":{"start":{"line":1070,"column":21},"end":{"line":1070,"column":50}},"547":{"start":{"line":1071,"column":4},"end":{"line":1071,"column":43}},"548":{"start":{"line":1073,"column":16},"end":{"line":1073,"column":43}},"549":{"start":{"line":1074,"column":4},"end":{"line":1074,"column":43}},"550":{"start":{"line":1075,"column":4},"end":{"line":1075,"column":34}},"551":{"start":{"line":1077,"column":18},"end":{"line":1077,"column":45}},"552":{"start":{"line":1078,"column":4},"end":{"line":1078,"column":47}},"553":{"start":{"line":1079,"column":4},"end":{"line":1079,"column":38}},"554":{"start":{"line":1081,"column":15},"end":{"line":1081,"column":42}},"555":{"start":{"line":1082,"column":4},"end":{"line":1082,"column":41}},"556":{"start":{"line":1083,"column":4},"end":{"line":1083,"column":32}},"557":{"start":{"line":1085,"column":4},"end":{"line":1085,"column":34}},"558":{"start":{"line":1086,"column":4},"end":{"line":1086,"column":36}},"559":{"start":{"line":1087,"column":4},"end":{"line":1087,"column":33}},"560":{"start":{"line":1088,"column":4},"end":{"line":1088,"column":22}},"561":{"start":{"line":1095,"column":15},"end":{"line":1095,"column":48}},"562":{"start":{"line":1096,"column":4},"end":{"line":1096,"column":31}},"563":{"start":{"line":1097,"column":4},"end":{"line":1097,"column":38}},"564":{"start":{"line":1100,"column":17},"end":{"line":1100,"column":49}},"565":{"start":{"line":1101,"column":4},"end":{"line":1101,"column":42}},"566":{"start":{"line":1104,"column":13},"end":{"line":1104,"column":41}},"567":{"start":{"line":1105,"column":4},"end":{"line":1105,"column":31}},"568":{"start":{"line":1106,"column":4},"end":{"line":1110,"column":5}},"569":{"start":{"line":1107,"column":8},"end":{"line":1107,"column":58}},"570":{"start":{"line":1109,"column":8},"end":{"line":1109,"column":34}},"571":{"start":{"line":1111,"column":4},"end":{"line":1111,"column":27}},"572":{"start":{"line":1114,"column":18},"end":{"line":1114,"column":47}},"573":{"start":{"line":1115,"column":4},"end":{"line":1115,"column":37}},"574":{"start":{"line":1116,"column":4},"end":{"line":1116,"column":44}},"575":{"start":{"line":1119,"column":13},"end":{"line":1119,"column":41}},"576":{"start":{"line":1120,"column":4},"end":{"line":1124,"column":5}},"577":{"start":{"line":1121,"column":23},"end":{"line":1121,"column":51}},"578":{"start":{"line":1122,"column":8},"end":{"line":1122,"column":40}},"579":{"start":{"line":1123,"column":8},"end":{"line":1123,"column":33}},"580":{"start":{"line":1125,"column":4},"end":{"line":1129,"column":7}},"581":{"start":{"line":1126,"column":17},"end":{"line":1126,"column":45}},"582":{"start":{"line":1127,"column":8},"end":{"line":1127,"column":28}},"583":{"start":{"line":1128,"column":8},"end":{"line":1128,"column":27}},"584":{"start":{"line":1130,"column":4},"end":{"line":1130,"column":28}},"585":{"start":{"line":1132,"column":4},"end":{"line":1137,"column":5}},"586":{"start":{"line":1133,"column":23},"end":{"line":1133,"column":50}},"587":{"start":{"line":1134,"column":8},"end":{"line":1134,"column":43}},"588":{"start":{"line":1135,"column":8},"end":{"line":1135,"column":44}},"589":{"start":{"line":1136,"column":8},"end":{"line":1136,"column":38}},"590":{"start":{"line":1139,"column":4},"end":{"line":1139,"column":29}},"591":{"start":{"line":1140,"column":4},"end":{"line":1140,"column":30}},"592":{"start":{"line":1141,"column":4},"end":{"line":1141,"column":16}},"593":{"start":{"line":1145,"column":0},"end":{"line":1147,"column":3}},"594":{"start":{"line":1146,"column":4},"end":{"line":1146,"column":20}},"595":{"start":{"line":1153,"column":4},"end":{"line":1155,"column":5}},"596":{"start":{"line":1154,"column":8},"end":{"line":1154,"column":15}},"597":{"start":{"line":1157,"column":18},"end":{"line":1157,"column":85}},"598":{"start":{"line":1158,"column":21},"end":{"line":1158,"column":64}},"599":{"start":{"line":1161,"column":4},"end":{"line":1165,"column":5}},"600":{"start":{"line":1162,"column":8},"end":{"line":1162,"column":41}},"601":{"start":{"line":1163,"column":8},"end":{"line":1163,"column":88}},"602":{"start":{"line":1164,"column":8},"end":{"line":1164,"column":15}},"603":{"start":{"line":1167,"column":23},"end":{"line":1167,"column":67}},"604":{"start":{"line":1168,"column":18},"end":{"line":1168,"column":20}},"605":{"start":{"line":1170,"column":4},"end":{"line":1173,"column":7}},"606":{"start":{"line":1171,"column":20},"end":{"line":1171,"column":63}},"607":{"start":{"line":1171,"column":44},"end":{"line":1171,"column":62}},"608":{"start":{"line":1172,"column":8},"end":{"line":1172,"column":43}},"609":{"start":{"line":1172,"column":19},"end":{"line":1172,"column":43}},"610":{"start":{"line":1176,"column":4},"end":{"line":1191,"column":5}},"611":{"start":{"line":1177,"column":8},"end":{"line":1177,"column":41}},"612":{"start":{"line":1178,"column":8},"end":{"line":1178,"column":128}},"613":{"start":{"line":1179,"column":8},"end":{"line":1179,"column":103}},"614":{"start":{"line":1180,"column":8},"end":{"line":1180,"column":30}},"615":{"start":{"line":1182,"column":8},"end":{"line":1182,"column":82}},"616":{"start":{"line":1184,"column":11},"end":{"line":1191,"column":5}},"617":{"start":{"line":1185,"column":8},"end":{"line":1185,"column":41}},"618":{"start":{"line":1186,"column":8},"end":{"line":1186,"column":215}},"619":{"start":{"line":1189,"column":8},"end":{"line":1189,"column":41}},"620":{"start":{"line":1190,"column":8},"end":{"line":1190,"column":164}},"621":{"start":{"line":1195,"column":0},"end":{"line":1238,"column":3}},"622":{"start":{"line":1197,"column":24},"end":{"line":1197,"column":29}},"623":{"start":{"line":1198,"column":23},"end":{"line":1198,"column":28}},"624":{"start":{"line":1199,"column":21},"end":{"line":1199,"column":26}},"625":{"start":{"line":1202,"column":19},"end":{"line":1202,"column":78}},"626":{"start":{"line":1203,"column":18},"end":{"line":1203,"column":76}},"627":{"start":{"line":1204,"column":16},"end":{"line":1204,"column":76}},"628":{"start":{"line":1207,"column":4},"end":{"line":1209,"column":5}},"629":{"start":{"line":1208,"column":8},"end":{"line":1208,"column":29}},"630":{"start":{"line":1210,"column":4},"end":{"line":1212,"column":5}},"631":{"start":{"line":1211,"column":8},"end":{"line":1211,"column":28}},"632":{"start":{"line":1213,"column":4},"end":{"line":1215,"column":5}},"633":{"start":{"line":1214,"column":8},"end":{"line":1214,"column":26}},"634":{"start":{"line":1217,"column":4},"end":{"line":1237,"column":5}},"635":{"start":{"line":1219,"column":8},"end":{"line":1219,"column":76}},"636":{"start":{"line":1220,"column":8},"end":{"line":1220,"column":103}},"637":{"start":{"line":1221,"column":8},"end":{"line":1221,"column":30}},"638":{"start":{"line":1222,"column":8},"end":{"line":1222,"column":74}},"639":{"start":{"line":1225,"column":8},"end":{"line":1233,"column":9}},"640":{"start":{"line":1226,"column":12},"end":{"line":1226,"column":109}},"641":{"start":{"line":1227,"column":15},"end":{"line":1233,"column":9}},"642":{"start":{"line":1228,"column":12},"end":{"line":1228,"column":108}},"643":{"start":{"line":1229,"column":15},"end":{"line":1233,"column":9}},"644":{"start":{"line":1230,"column":12},"end":{"line":1230,"column":106}},"645":{"start":{"line":1232,"column":12},"end":{"line":1232,"column":127}},"646":{"start":{"line":1236,"column":8},"end":{"line":1236,"column":100}},"647":{"start":{"line":1244,"column":23},"end":{"line":1244,"column":60}},"648":{"start":{"line":1246,"column":19},"end":{"line":1246,"column":48}},"649":{"start":{"line":1247,"column":4},"end":{"line":1247,"column":36}},"650":{"start":{"line":1249,"column":4},"end":{"line":1249,"column":79}},"651":{"start":{"line":1251,"column":4},"end":{"line":1251,"column":28}},"652":{"start":{"line":1253,"column":4},"end":{"line":1253,"column":35}},"653":{"start":{"line":1254,"column":4},"end":{"line":1254,"column":51}},"654":{"start":{"line":1260,"column":23},"end":{"line":1260,"column":60}},"655":{"start":{"line":1262,"column":19},"end":{"line":1262,"column":48}},"656":{"start":{"line":1264,"column":4},"end":{"line":1264,"column":55}},"657":{"start":{"line":1265,"column":4},"end":{"line":1265,"column":36}},"658":{"start":{"line":1266,"column":4},"end":{"line":1266,"column":119}},"659":{"start":{"line":1267,"column":4},"end":{"line":1267,"column":35}},"660":{"start":{"line":1268,"column":4},"end":{"line":1268,"column":51}},"661":{"start":{"line":1273,"column":22},"end":{"line":1273,"column":66}},"662":{"start":{"line":1274,"column":4},"end":{"line":1276,"column":5}},"663":{"start":{"line":1275,"column":8},"end":{"line":1275,"column":27}},"664":{"start":{"line":1281,"column":4},"end":{"line":1281,"column":64}},"665":{"start":{"line":1282,"column":4},"end":{"line":1282,"column":64}},"666":{"start":{"line":1287,"column":4},"end":{"line":1288,"column":83}},"667":{"start":{"line":1290,"column":4},"end":{"line":1292,"column":5}},"668":{"start":{"line":1291,"column":8},"end":{"line":1291,"column":73}},"669":{"start":{"line":1297,"column":4},"end":{"line":1297,"column":60}},"670":{"start":{"line":1302,"column":4},"end":{"line":1302,"column":55}},"671":{"start":{"line":1308,"column":4},"end":{"line":1310,"column":5}},"672":{"start":{"line":1309,"column":8},"end":{"line":1309,"column":15}},"673":{"start":{"line":1311,"column":4},"end":{"line":1311,"column":24}},"674":{"start":{"line":1314,"column":4},"end":{"line":1324,"column":5}},"675":{"start":{"line":1315,"column":8},"end":{"line":1315,"column":40}},"676":{"start":{"line":1316,"column":8},"end":{"line":1316,"column":70}},"677":{"start":{"line":1317,"column":8},"end":{"line":1317,"column":59}},"678":{"start":{"line":1320,"column":8},"end":{"line":1323,"column":11}},"679":{"start":{"line":1327,"column":4},"end":{"line":1327,"column":28}},"680":{"start":{"line":1328,"column":4},"end":{"line":1328,"column":34}},"681":{"start":{"line":1329,"column":4},"end":{"line":1329,"column":19}},"682":{"start":{"line":1332,"column":4},"end":{"line":1382,"column":5}},"683":{"start":{"line":1334,"column":29},"end":{"line":1334,"column":75}},"684":{"start":{"line":1335,"column":29},"end":{"line":1335,"column":55}},"685":{"start":{"line":1338,"column":25},"end":{"line":1349,"column":10}},"686":{"start":{"line":1352,"column":8},"end":{"line":1355,"column":9}},"687":{"start":{"line":1353,"column":24},"end":{"line":1353,"column":63}},"688":{"start":{"line":1353,"column":59},"end":{"line":1353,"column":61}},"689":{"start":{"line":1354,"column":12},"end":{"line":1354,"column":82}},"690":{"start":{"line":1358,"column":22},"end":{"line":1358,"column":43}},"691":{"start":{"line":1359,"column":22},"end":{"line":1359,"column":42}},"692":{"start":{"line":1362,"column":8},"end":{"line":1362,"column":23}},"693":{"start":{"line":1363,"column":8},"end":{"line":1363,"column":42}},"694":{"start":{"line":1364,"column":8},"end":{"line":1364,"column":72}},"695":{"start":{"line":1367,"column":8},"end":{"line":1370,"column":9}},"696":{"start":{"line":1368,"column":12},"end":{"line":1368,"column":28}},"697":{"start":{"line":1369,"column":12},"end":{"line":1369,"column":36}},"698":{"start":{"line":1373,"column":8},"end":{"line":1373,"column":37}},"699":{"start":{"line":1374,"column":8},"end":{"line":1374,"column":56}},"700":{"start":{"line":1378,"column":8},"end":{"line":1378,"column":23}},"701":{"start":{"line":1379,"column":8},"end":{"line":1379,"column":103}},"702":{"start":{"line":1380,"column":8},"end":{"line":1380,"column":37}},"703":{"start":{"line":1381,"column":8},"end":{"line":1381,"column":51}},"704":{"start":{"line":1384,"column":4},"end":{"line":1384,"column":29}},"705":{"start":{"line":1390,"column":20},"end":{"line":1390,"column":66}},"706":{"start":{"line":1392,"column":4},"end":{"line":1392,"column":84}},"707":{"start":{"line":1395,"column":20},"end":{"line":1395,"column":61}},"708":{"start":{"line":1396,"column":4},"end":{"line":1396,"column":27}},"709":{"start":{"line":1399,"column":21},"end":{"line":1399,"column":50}},"710":{"start":{"line":1400,"column":4},"end":{"line":1400,"column":41}},"711":{"start":{"line":1401,"column":4},"end":{"line":1401,"column":103}},"712":{"start":{"line":1402,"column":4},"end":{"line":1402,"column":34}},"713":{"start":{"line":1405,"column":22},"end":{"line":1405,"column":51}},"714":{"start":{"line":1406,"column":4},"end":{"line":1406,"column":42}},"715":{"start":{"line":1407,"column":4},"end":{"line":1407,"column":102}},"716":{"start":{"line":1408,"column":4},"end":{"line":1408,"column":35}},"717":{"start":{"line":1411,"column":4},"end":{"line":1436,"column":7}},"718":{"start":{"line":1413,"column":20},"end":{"line":1413,"column":49}},"719":{"start":{"line":1414,"column":8},"end":{"line":1414,"column":40}},"720":{"start":{"line":1415,"column":8},"end":{"line":1415,"column":43}},"721":{"start":{"line":1416,"column":8},"end":{"line":1416,"column":30}},"722":{"start":{"line":1419,"column":18},"end":{"line":1419,"column":48}},"723":{"start":{"line":1420,"column":8},"end":{"line":1420,"column":34}},"724":{"start":{"line":1421,"column":8},"end":{"line":1421,"column":31}},"725":{"start":{"line":1422,"column":8},"end":{"line":1422,"column":33}},"726":{"start":{"line":1425,"column":18},"end":{"line":1425,"column":48}},"727":{"start":{"line":1426,"column":8},"end":{"line":1426,"column":81}},"728":{"start":{"line":1427,"column":8},"end":{"line":1427,"column":34}},"729":{"start":{"line":1428,"column":8},"end":{"line":1430,"column":94}},"730":{"start":{"line":1433,"column":8},"end":{"line":1433,"column":27}},"731":{"start":{"line":1434,"column":8},"end":{"line":1434,"column":27}},"732":{"start":{"line":1435,"column":8},"end":{"line":1435,"column":33}},"733":{"start":{"line":1439,"column":24},"end":{"line":1439,"column":53}},"734":{"start":{"line":1440,"column":4},"end":{"line":1440,"column":45}},"735":{"start":{"line":1441,"column":4},"end":{"line":1441,"column":47}},"736":{"start":{"line":1442,"column":4},"end":{"line":1442,"column":34}},"737":{"start":{"line":1443,"column":4},"end":{"line":1444,"column":106}},"738":{"start":{"line":1445,"column":4},"end":{"line":1445,"column":37}},"739":{"start":{"line":1450,"column":4},"end":{"line":1450,"column":29}},"740":{"start":{"line":1451,"column":4},"end":{"line":1451,"column":28}},"741":{"start":{"line":1452,"column":4},"end":{"line":1452,"column":32}},"742":{"start":{"line":1453,"column":4},"end":{"line":1453,"column":61}},"743":{"start":{"line":1454,"column":4},"end":{"line":1454,"column":61}},"744":{"start":{"line":1455,"column":4},"end":{"line":1455,"column":61}},"745":{"start":{"line":1456,"column":4},"end":{"line":1456,"column":66}},"746":{"start":{"line":1458,"column":4},"end":{"line":1458,"column":23}},"747":{"start":{"line":1459,"column":4},"end":{"line":1459,"column":28}},"748":{"start":{"line":1461,"column":4},"end":{"line":1461,"column":29}},"749":{"start":{"line":1465,"column":0},"end":{"line":1471,"column":3}},"750":{"start":{"line":1466,"column":17},"end":{"line":1466,"column":69}},"751":{"start":{"line":1467,"column":4},"end":{"line":1469,"column":5}},"752":{"start":{"line":1468,"column":8},"end":{"line":1468,"column":15}},"753":{"start":{"line":1470,"column":4},"end":{"line":1470,"column":29}},"754":{"start":{"line":1474,"column":0},"end":{"line":1483,"column":3}},"755":{"start":{"line":1475,"column":4},"end":{"line":1482,"column":5}},"756":{"start":{"line":1476,"column":8},"end":{"line":1476,"column":27}},"757":{"start":{"line":1477,"column":21},"end":{"line":1477,"column":73}},"758":{"start":{"line":1478,"column":8},"end":{"line":1480,"column":9}},"759":{"start":{"line":1479,"column":12},"end":{"line":1479,"column":19}},"760":{"start":{"line":1481,"column":8},"end":{"line":1481,"column":33}}},"fnMap":{"0":{"name":"(anonymous_0)","decl":{"start":{"line":61,"column":71},"end":{"line":61,"column":72}},"loc":{"start":{"line":61,"column":77},"end":{"line":63,"column":1}},"line":61},"1":{"name":"(anonymous_1)","decl":{"start":{"line":66,"column":70},"end":{"line":66,"column":71}},"loc":{"start":{"line":66,"column":76},"end":{"line":113,"column":1}},"line":66},"2":{"name":"(anonymous_2)","decl":{"start":{"line":116,"column":76},"end":{"line":116,"column":77}},"loc":{"start":{"line":116,"column":82},"end":{"line":180,"column":1}},"line":116},"3":{"name":"(anonymous_3)","decl":{"start":{"line":128,"column":24},"end":{"line":128,"column":25}},"loc":{"start":{"line":128,"column":51},"end":{"line":179,"column":5}},"line":128},"4":{"name":"(anonymous_4)","decl":{"start":{"line":145,"column":35},"end":{"line":145,"column":36}},"loc":{"start":{"line":145,"column":60},"end":{"line":171,"column":9}},"line":145},"5":{"name":"(anonymous_5)","decl":{"start":{"line":183,"column":73},"end":{"line":183,"column":74}},"loc":{"start":{"line":183,"column":79},"end":{"line":193,"column":1}},"line":183},"6":{"name":"(anonymous_6)","decl":{"start":{"line":185,"column":24},"end":{"line":185,"column":25}},"loc":{"start":{"line":185,"column":47},"end":{"line":192,"column":5}},"line":185},"7":{"name":"(anonymous_7)","decl":{"start":{"line":196,"column":72},"end":{"line":196,"column":73}},"loc":{"start":{"line":196,"column":78},"end":{"line":246,"column":1}},"line":196},"8":{"name":"(anonymous_8)","decl":{"start":{"line":205,"column":22},"end":{"line":205,"column":23}},"loc":{"start":{"line":205,"column":36},"end":{"line":245,"column":5}},"line":205},"9":{"name":"(anonymous_9)","decl":{"start":{"line":229,"column":59},"end":{"line":229,"column":60}},"loc":{"start":{"line":229,"column":64},"end":{"line":229,"column":76}},"line":229},"10":{"name":"(anonymous_10)","decl":{"start":{"line":230,"column":51},"end":{"line":230,"column":52}},"loc":{"start":{"line":230,"column":56},"end":{"line":230,"column":68}},"line":230},"11":{"name":"(anonymous_11)","decl":{"start":{"line":233,"column":23},"end":{"line":233,"column":24}},"loc":{"start":{"line":233,"column":32},"end":{"line":237,"column":9}},"line":233},"12":{"name":"(anonymous_12)","decl":{"start":{"line":249,"column":63},"end":{"line":249,"column":64}},"loc":{"start":{"line":249,"column":69},"end":{"line":291,"column":1}},"line":249},"13":{"name":"(anonymous_13)","decl":{"start":{"line":261,"column":23},"end":{"line":261,"column":24}},"loc":{"start":{"line":261,"column":41},"end":{"line":265,"column":5}},"line":261},"14":{"name":"(anonymous_14)","decl":{"start":{"line":294,"column":72},"end":{"line":294,"column":73}},"loc":{"start":{"line":294,"column":78},"end":{"line":355,"column":1}},"line":294},"15":{"name":"(anonymous_15)","decl":{"start":{"line":297,"column":22},"end":{"line":297,"column":23}},"loc":{"start":{"line":297,"column":34},"end":{"line":299,"column":5}},"line":297},"16":{"name":"(anonymous_16)","decl":{"start":{"line":306,"column":22},"end":{"line":306,"column":23}},"loc":{"start":{"line":306,"column":47},"end":{"line":351,"column":5}},"line":306},"17":{"name":"(anonymous_17)","decl":{"start":{"line":327,"column":46},"end":{"line":327,"column":47}},"loc":{"start":{"line":327,"column":52},"end":{"line":331,"column":9}},"line":327},"18":{"name":"(anonymous_18)","decl":{"start":{"line":335,"column":46},"end":{"line":335,"column":47}},"loc":{"start":{"line":335,"column":52},"end":{"line":341,"column":9}},"line":335},"19":{"name":"updateReactionText","decl":{"start":{"line":357,"column":9},"end":{"line":357,"column":27}},"loc":{"start":{"line":357,"column":30},"end":{"line":383,"column":1}},"line":357},"20":{"name":"(anonymous_20)","decl":{"start":{"line":361,"column":22},"end":{"line":361,"column":23}},"loc":{"start":{"line":361,"column":43},"end":{"line":372,"column":5}},"line":361},"21":{"name":"(anonymous_21)","decl":{"start":{"line":375,"column":21},"end":{"line":375,"column":22}},"loc":{"start":{"line":375,"column":41},"end":{"line":380,"column":5}},"line":375},"22":{"name":"(anonymous_22)","decl":{"start":{"line":386,"column":71},"end":{"line":386,"column":72}},"loc":{"start":{"line":386,"column":77},"end":{"line":414,"column":1}},"line":386},"23":{"name":"(anonymous_23)","decl":{"start":{"line":392,"column":22},"end":{"line":392,"column":23}},"loc":{"start":{"line":392,"column":43},"end":{"line":396,"column":5}},"line":392},"24":{"name":"(anonymous_24)","decl":{"start":{"line":399,"column":50},"end":{"line":399,"column":51}},"loc":{"start":{"line":399,"column":62},"end":{"line":399,"column":83}},"line":399},"25":{"name":"(anonymous_25)","decl":{"start":{"line":405,"column":50},"end":{"line":405,"column":51}},"loc":{"start":{"line":405,"column":55},"end":{"line":405,"column":72}},"line":405},"26":{"name":"(anonymous_26)","decl":{"start":{"line":420,"column":70},"end":{"line":420,"column":71}},"loc":{"start":{"line":420,"column":76},"end":{"line":446,"column":1}},"line":420},"27":{"name":"(anonymous_27)","decl":{"start":{"line":449,"column":67},"end":{"line":449,"column":68}},"loc":{"start":{"line":449,"column":73},"end":{"line":455,"column":1}},"line":449},"28":{"name":"(anonymous_28)","decl":{"start":{"line":457,"column":67},"end":{"line":457,"column":68}},"loc":{"start":{"line":457,"column":73},"end":{"line":463,"column":1}},"line":457},"29":{"name":"(anonymous_29)","decl":{"start":{"line":466,"column":34},"end":{"line":466,"column":35}},"loc":{"start":{"line":466,"column":40},"end":{"line":468,"column":1}},"line":466},"30":{"name":"resizeCanvas","decl":{"start":{"line":470,"column":9},"end":{"line":470,"column":21}},"loc":{"start":{"line":470,"column":24},"end":{"line":482,"column":1}},"line":470},"31":{"name":"draw","decl":{"start":{"line":484,"column":9},"end":{"line":484,"column":13}},"loc":{"start":{"line":484,"column":16},"end":{"line":500,"column":1}},"line":484},"32":{"name":"drawBeaker","decl":{"start":{"line":503,"column":9},"end":{"line":503,"column":19}},"loc":{"start":{"line":503,"column":68},"end":{"line":552,"column":1}},"line":503},"33":{"name":"drawVessel","decl":{"start":{"line":555,"column":9},"end":{"line":555,"column":19}},"loc":{"start":{"line":555,"column":22},"end":{"line":586,"column":1}},"line":555},"34":{"name":"drawStream","decl":{"start":{"line":589,"column":9},"end":{"line":589,"column":19}},"loc":{"start":{"line":589,"column":61},"end":{"line":623,"column":1}},"line":589},"35":{"name":"animate","decl":{"start":{"line":625,"column":9},"end":{"line":625,"column":16}},"loc":{"start":{"line":625,"column":19},"end":{"line":682,"column":1}},"line":625},"36":{"name":"(anonymous_36)","decl":{"start":{"line":627,"column":20},"end":{"line":627,"column":21}},"loc":{"start":{"line":627,"column":30},"end":{"line":666,"column":5}},"line":627},"37":{"name":"(anonymous_37)","decl":{"start":{"line":686,"column":37},"end":{"line":686,"column":38}},"loc":{"start":{"line":686,"column":46},"end":{"line":699,"column":1}},"line":686},"38":{"name":"(anonymous_38)","decl":{"start":{"line":702,"column":37},"end":{"line":702,"column":38}},"loc":{"start":{"line":702,"column":46},"end":{"line":741,"column":1}},"line":702},"39":{"name":"(anonymous_39)","decl":{"start":{"line":744,"column":38},"end":{"line":744,"column":39}},"loc":{"start":{"line":744,"column":44},"end":{"line":746,"column":1}},"line":744},"40":{"name":"(anonymous_40)","decl":{"start":{"line":747,"column":38},"end":{"line":747,"column":39}},"loc":{"start":{"line":747,"column":44},"end":{"line":749,"column":1}},"line":747},"41":{"name":"(anonymous_41)","decl":{"start":{"line":752,"column":38},"end":{"line":752,"column":39}},"loc":{"start":{"line":752,"column":47},"end":{"line":766,"column":1}},"line":752},"42":{"name":"(anonymous_42)","decl":{"start":{"line":771,"column":37},"end":{"line":771,"column":38}},"loc":{"start":{"line":771,"column":46},"end":{"line":813,"column":1}},"line":771},"43":{"name":"(anonymous_43)","decl":{"start":{"line":818,"column":36},"end":{"line":818,"column":37}},"loc":{"start":{"line":818,"column":42},"end":{"line":820,"column":1}},"line":818},"44":{"name":"triggerReaction","decl":{"start":{"line":823,"column":9},"end":{"line":823,"column":24}},"loc":{"start":{"line":823,"column":27},"end":{"line":839,"column":1}},"line":823},"45":{"name":"drawStirTrail","decl":{"start":{"line":842,"column":9},"end":{"line":842,"column":22}},"loc":{"start":{"line":842,"column":25},"end":{"line":861,"column":1}},"line":842},"46":{"name":"inVessel","decl":{"start":{"line":864,"column":9},"end":{"line":864,"column":17}},"loc":{"start":{"line":864,"column":24},"end":{"line":870,"column":1}},"line":864},"47":{"name":"(anonymous_47)","decl":{"start":{"line":874,"column":72},"end":{"line":874,"column":73}},"loc":{"start":{"line":874,"column":78},"end":{"line":1038,"column":1}},"line":874},"48":{"name":"(anonymous_48)","decl":{"start":{"line":984,"column":21},"end":{"line":984,"column":22}},"loc":{"start":{"line":984,"column":32},"end":{"line":990,"column":5}},"line":984},"49":{"name":"(anonymous_49)","decl":{"start":{"line":1001,"column":21},"end":{"line":1001,"column":22}},"loc":{"start":{"line":1001,"column":32},"end":{"line":1027,"column":5}},"line":1001},"50":{"name":"(anonymous_50)","decl":{"start":{"line":1005,"column":54},"end":{"line":1005,"column":55}},"loc":{"start":{"line":1005,"column":59},"end":{"line":1005,"column":86}},"line":1005},"51":{"name":"makeObservationRow","decl":{"start":{"line":1041,"column":9},"end":{"line":1041,"column":27}},"loc":{"start":{"line":1041,"column":60},"end":{"line":1066,"column":1}},"line":1041},"52":{"name":"makeInstrument","decl":{"start":{"line":1069,"column":9},"end":{"line":1069,"column":23}},"loc":{"start":{"line":1069,"column":58},"end":{"line":1089,"column":1}},"line":1069},"53":{"name":"makeProductCard","decl":{"start":{"line":1092,"column":9},"end":{"line":1092,"column":24}},"loc":{"start":{"line":1092,"column":100},"end":{"line":1142,"column":1}},"line":1092},"54":{"name":"(anonymous_54)","decl":{"start":{"line":1125,"column":21},"end":{"line":1125,"column":22}},"loc":{"start":{"line":1125,"column":29},"end":{"line":1129,"column":5}},"line":1125},"55":{"name":"(anonymous_55)","decl":{"start":{"line":1145,"column":70},"end":{"line":1145,"column":71}},"loc":{"start":{"line":1145,"column":76},"end":{"line":1147,"column":1}},"line":1145},"56":{"name":"checkEvidence","decl":{"start":{"line":1151,"column":9},"end":{"line":1151,"column":22}},"loc":{"start":{"line":1151,"column":25},"end":{"line":1192,"column":1}},"line":1151},"57":{"name":"(anonymous_57)","decl":{"start":{"line":1170,"column":23},"end":{"line":1170,"column":24}},"loc":{"start":{"line":1170,"column":30},"end":{"line":1173,"column":5}},"line":1170},"58":{"name":"(anonymous_58)","decl":{"start":{"line":1171,"column":38},"end":{"line":1171,"column":39}},"loc":{"start":{"line":1171,"column":44},"end":{"line":1171,"column":62}},"line":1171},"59":{"name":"(anonymous_59)","decl":{"start":{"line":1195,"column":68},"end":{"line":1195,"column":69}},"loc":{"start":{"line":1195,"column":74},"end":{"line":1238,"column":1}},"line":1195},"60":{"name":"appendMessage","decl":{"start":{"line":1242,"column":9},"end":{"line":1242,"column":22}},"loc":{"start":{"line":1242,"column":35},"end":{"line":1255,"column":1}},"line":1242},"61":{"name":"showThinking","decl":{"start":{"line":1258,"column":9},"end":{"line":1258,"column":21}},"loc":{"start":{"line":1258,"column":24},"end":{"line":1269,"column":1}},"line":1258},"62":{"name":"hideThinking","decl":{"start":{"line":1272,"column":9},"end":{"line":1272,"column":21}},"loc":{"start":{"line":1272,"column":24},"end":{"line":1277,"column":1}},"line":1272},"63":{"name":"setDebriefInputEnabled","decl":{"start":{"line":1280,"column":9},"end":{"line":1280,"column":31}},"loc":{"start":{"line":1280,"column":41},"end":{"line":1283,"column":1}},"line":1280},"64":{"name":"updateExchangeCounter","decl":{"start":{"line":1286,"column":9},"end":{"line":1286,"column":30}},"loc":{"start":{"line":1286,"column":33},"end":{"line":1293,"column":1}},"line":1286},"65":{"name":"showDebriefError","decl":{"start":{"line":1296,"column":9},"end":{"line":1296,"column":25}},"loc":{"start":{"line":1296,"column":35},"end":{"line":1298,"column":1}},"line":1296},"66":{"name":"clearDebriefError","decl":{"start":{"line":1301,"column":9},"end":{"line":1301,"column":26}},"loc":{"start":{"line":1301,"column":29},"end":{"line":1303,"column":1}},"line":1301},"67":{"name":"sendDebriefMessage","decl":{"start":{"line":1306,"column":15},"end":{"line":1306,"column":33}},"loc":{"start":{"line":1306,"column":44},"end":{"line":1385,"column":1}},"line":1306},"68":{"name":"(anonymous_68)","decl":{"start":{"line":1353,"column":52},"end":{"line":1353,"column":53}},"loc":{"start":{"line":1353,"column":59},"end":{"line":1353,"column":61}},"line":1353},"69":{"name":"buildSummaryCard","decl":{"start":{"line":1388,"column":9},"end":{"line":1388,"column":25}},"loc":{"start":{"line":1388,"column":28},"end":{"line":1446,"column":1}},"line":1388},"70":{"name":"(anonymous_70)","decl":{"start":{"line":1411,"column":32},"end":{"line":1411,"column":33}},"loc":{"start":{"line":1411,"column":37},"end":{"line":1436,"column":5}},"line":1411},"71":{"name":"initDebrief","decl":{"start":{"line":1449,"column":9},"end":{"line":1449,"column":20}},"loc":{"start":{"line":1449,"column":23},"end":{"line":1462,"column":1}},"line":1449},"72":{"name":"(anonymous_72)","decl":{"start":{"line":1465,"column":61},"end":{"line":1465,"column":62}},"loc":{"start":{"line":1465,"column":67},"end":{"line":1471,"column":1}},"line":1465},"73":{"name":"(anonymous_73)","decl":{"start":{"line":1474,"column":68},"end":{"line":1474,"column":69}},"loc":{"start":{"line":1474,"column":73},"end":{"line":1483,"column":1}},"line":1474}},"branchMap":{"0":{"loc":{"start":{"line":156,"column":12},"end":{"line":158,"column":13}},"type":"if","locations":[{"start":{"line":156,"column":12},"end":{"line":158,"column":13}},{"start":{},"end":{}}],"line":156},"1":{"loc":{"start":{"line":187,"column":8},"end":{"line":191,"column":9}},"type":"if","locations":[{"start":{"line":187,"column":8},"end":{"line":191,"column":9}},{"start":{"line":189,"column":15},"end":{"line":191,"column":9}}],"line":187},"2":{"loc":{"start":{"line":262,"column":8},"end":{"line":264,"column":9}},"type":"if","locations":[{"start":{"line":262,"column":8},"end":{"line":264,"column":9}},{"start":{},"end":{}}],"line":262},"3":{"loc":{"start":{"line":267,"column":4},"end":{"line":290,"column":5}},"type":"if","locations":[{"start":{"line":267,"column":4},"end":{"line":290,"column":5}},{"start":{"line":273,"column":11},"end":{"line":290,"column":5}}],"line":267},"4":{"loc":{"start":{"line":275,"column":8},"end":{"line":287,"column":9}},"type":"if","locations":[{"start":{"line":275,"column":8},"end":{"line":287,"column":9}},{"start":{"line":277,"column":15},"end":{"line":287,"column":9}}],"line":275},"5":{"loc":{"start":{"line":277,"column":15},"end":{"line":287,"column":9}},"type":"if","locations":[{"start":{"line":277,"column":15},"end":{"line":287,"column":9}},{"start":{"line":279,"column":15},"end":{"line":287,"column":9}}],"line":277},"6":{"loc":{"start":{"line":279,"column":15},"end":{"line":287,"column":9}},"type":"if","locations":[{"start":{"line":279,"column":15},"end":{"line":287,"column":9}},{"start":{"line":281,"column":15},"end":{"line":287,"column":9}}],"line":279},"7":{"loc":{"start":{"line":281,"column":15},"end":{"line":287,"column":9}},"type":"if","locations":[{"start":{"line":281,"column":15},"end":{"line":287,"column":9}},{"start":{"line":283,"column":15},"end":{"line":287,"column":9}}],"line":281},"8":{"loc":{"start":{"line":283,"column":15},"end":{"line":287,"column":9}},"type":"if","locations":[{"start":{"line":283,"column":15},"end":{"line":287,"column":9}},{"start":{"line":285,"column":15},"end":{"line":287,"column":9}}],"line":283},"9":{"loc":{"start":{"line":336,"column":12},"end":{"line":338,"column":13}},"type":"if","locations":[{"start":{"line":336,"column":12},"end":{"line":338,"column":13}},{"start":{},"end":{}}],"line":336},"10":{"loc":{"start":{"line":364,"column":8},"end":{"line":366,"column":9}},"type":"if","locations":[{"start":{"line":364,"column":8},"end":{"line":366,"column":9}},{"start":{},"end":{}}],"line":364},"11":{"loc":{"start":{"line":369,"column":8},"end":{"line":371,"column":9}},"type":"if","locations":[{"start":{"line":369,"column":8},"end":{"line":371,"column":9}},{"start":{},"end":{}}],"line":369},"12":{"loc":{"start":{"line":376,"column":8},"end":{"line":378,"column":9}},"type":"if","locations":[{"start":{"line":376,"column":8},"end":{"line":378,"column":9}},{"start":{},"end":{}}],"line":376},"13":{"loc":{"start":{"line":393,"column":8},"end":{"line":395,"column":9}},"type":"if","locations":[{"start":{"line":393,"column":8},"end":{"line":395,"column":9}},{"start":{},"end":{}}],"line":393},"14":{"loc":{"start":{"line":403,"column":4},"end":{"line":413,"column":5}},"type":"if","locations":[{"start":{"line":403,"column":4},"end":{"line":413,"column":5}},{"start":{"line":407,"column":11},"end":{"line":413,"column":5}}],"line":403},"15":{"loc":{"start":{"line":407,"column":11},"end":{"line":413,"column":5}},"type":"if","locations":[{"start":{"line":407,"column":11},"end":{"line":413,"column":5}},{"start":{"line":410,"column":11},"end":{"line":413,"column":5}}],"line":407},"16":{"loc":{"start":{"line":451,"column":4},"end":{"line":453,"column":5}},"type":"if","locations":[{"start":{"line":451,"column":4},"end":{"line":453,"column":5}},{"start":{},"end":{}}],"line":451},"17":{"loc":{"start":{"line":459,"column":4},"end":{"line":461,"column":5}},"type":"if","locations":[{"start":{"line":459,"column":4},"end":{"line":461,"column":5}},{"start":{},"end":{}}],"line":459},"18":{"loc":{"start":{"line":488,"column":4},"end":{"line":490,"column":5}},"type":"if","locations":[{"start":{"line":488,"column":4},"end":{"line":490,"column":5}},{"start":{},"end":{}}],"line":488},"19":{"loc":{"start":{"line":491,"column":4},"end":{"line":493,"column":5}},"type":"if","locations":[{"start":{"line":491,"column":4},"end":{"line":493,"column":5}},{"start":{},"end":{}}],"line":491},"20":{"loc":{"start":{"line":510,"column":4},"end":{"line":514,"column":5}},"type":"if","locations":[{"start":{"line":510,"column":4},"end":{"line":514,"column":5}},{"start":{"line":512,"column":11},"end":{"line":514,"column":5}}],"line":510},"21":{"loc":{"start":{"line":517,"column":4},"end":{"line":519,"column":5}},"type":"if","locations":[{"start":{"line":517,"column":4},"end":{"line":519,"column":5}},{"start":{},"end":{}}],"line":517},"22":{"loc":{"start":{"line":534,"column":4},"end":{"line":549,"column":5}},"type":"if","locations":[{"start":{"line":534,"column":4},"end":{"line":549,"column":5}},{"start":{},"end":{}}],"line":534},"23":{"loc":{"start":{"line":573,"column":4},"end":{"line":584,"column":5}},"type":"if","locations":[{"start":{"line":573,"column":4},"end":{"line":584,"column":5}},{"start":{},"end":{}}],"line":573},"24":{"loc":{"start":{"line":591,"column":4},"end":{"line":593,"column":5}},"type":"if","locations":[{"start":{"line":591,"column":4},"end":{"line":593,"column":5}},{"start":{},"end":{}}],"line":591},"25":{"loc":{"start":{"line":596,"column":4},"end":{"line":598,"column":5}},"type":"if","locations":[{"start":{"line":596,"column":4},"end":{"line":598,"column":5}},{"start":{},"end":{}}],"line":596},"26":{"loc":{"start":{"line":629,"column":8},"end":{"line":665,"column":9}},"type":"if","locations":[{"start":{"line":629,"column":8},"end":{"line":665,"column":9}},{"start":{"line":655,"column":15},"end":{"line":665,"column":9}}],"line":629},"27":{"loc":{"start":{"line":633,"column":12},"end":{"line":653,"column":13}},"type":"if","locations":[{"start":{"line":633,"column":12},"end":{"line":653,"column":13}},{"start":{},"end":{}}],"line":633},"28":{"loc":{"start":{"line":638,"column":16},"end":{"line":645,"column":17}},"type":"if","locations":[{"start":{"line":638,"column":16},"end":{"line":645,"column":17}},{"start":{},"end":{}}],"line":638},"29":{"loc":{"start":{"line":639,"column":20},"end":{"line":643,"column":21}},"type":"if","locations":[{"start":{"line":639,"column":20},"end":{"line":643,"column":21}},{"start":{"line":641,"column":27},"end":{"line":643,"column":21}}],"line":639},"30":{"loc":{"start":{"line":647,"column":16},"end":{"line":652,"column":17}},"type":"if","locations":[{"start":{"line":647,"column":16},"end":{"line":652,"column":17}},{"start":{},"end":{}}],"line":647},"31":{"loc":{"start":{"line":655,"column":15},"end":{"line":665,"column":9}},"type":"if","locations":[{"start":{"line":655,"column":15},"end":{"line":665,"column":9}},{"start":{},"end":{}}],"line":655},"32":{"loc":{"start":{"line":659,"column":12},"end":{"line":664,"column":13}},"type":"if","locations":[{"start":{"line":659,"column":12},"end":{"line":664,"column":13}},{"start":{},"end":{}}],"line":659},"33":{"loc":{"start":{"line":672,"column":4},"end":{"line":680,"column":5}},"type":"if","locations":[{"start":{"line":672,"column":4},"end":{"line":680,"column":5}},{"start":{},"end":{}}],"line":672},"34":{"loc":{"start":{"line":674,"column":8},"end":{"line":677,"column":9}},"type":"if","locations":[{"start":{"line":674,"column":8},"end":{"line":677,"column":9}},{"start":{},"end":{}}],"line":674},"35":{"loc":{"start":{"line":687,"column":4},"end":{"line":689,"column":5}},"type":"if","locations":[{"start":{"line":687,"column":4},"end":{"line":689,"column":5}},{"start":{},"end":{}}],"line":687},"36":{"loc":{"start":{"line":695,"column":4},"end":{"line":698,"column":5}},"type":"if","locations":[{"start":{"line":695,"column":4},"end":{"line":698,"column":5}},{"start":{},"end":{}}],"line":695},"37":{"loc":{"start":{"line":703,"column":4},"end":{"line":705,"column":5}},"type":"if","locations":[{"start":{"line":703,"column":4},"end":{"line":705,"column":5}},{"start":{},"end":{}}],"line":703},"38":{"loc":{"start":{"line":712,"column":4},"end":{"line":740,"column":5}},"type":"if","locations":[{"start":{"line":712,"column":4},"end":{"line":740,"column":5}},{"start":{"line":737,"column":11},"end":{"line":740,"column":5}}],"line":712},"39":{"loc":{"start":{"line":712,"column":8},"end":{"line":712,"column":42}},"type":"binary-expr","locations":[{"start":{"line":712,"column":8},"end":{"line":712,"column":16}},{"start":{"line":712,"column":20},"end":{"line":712,"column":42}}],"line":712},"40":{"loc":{"start":{"line":719,"column":8},"end":{"line":736,"column":9}},"type":"if","locations":[{"start":{"line":719,"column":8},"end":{"line":736,"column":9}},{"start":{},"end":{}}],"line":719},"41":{"loc":{"start":{"line":723,"column":12},"end":{"line":725,"column":13}},"type":"if","locations":[{"start":{"line":723,"column":12},"end":{"line":725,"column":13}},{"start":{},"end":{}}],"line":723},"42":{"loc":{"start":{"line":733,"column":12},"end":{"line":735,"column":13}},"type":"if","locations":[{"start":{"line":733,"column":12},"end":{"line":735,"column":13}},{"start":{},"end":{}}],"line":733},"43":{"loc":{"start":{"line":733,"column":16},"end":{"line":733,"column":54}},"type":"binary-expr","locations":[{"start":{"line":733,"column":16},"end":{"line":733,"column":33}},{"start":{"line":733,"column":37},"end":{"line":733,"column":54}}],"line":733},"44":{"loc":{"start":{"line":737,"column":11},"end":{"line":740,"column":5}},"type":"if","locations":[{"start":{"line":737,"column":11},"end":{"line":740,"column":5}},{"start":{},"end":{}}],"line":737},"45":{"loc":{"start":{"line":761,"column":4},"end":{"line":765,"column":5}},"type":"if","locations":[{"start":{"line":761,"column":4},"end":{"line":765,"column":5}},{"start":{},"end":{}}],"line":761},"46":{"loc":{"start":{"line":761,"column":8},"end":{"line":761,"column":42}},"type":"binary-expr","locations":[{"start":{"line":761,"column":8},"end":{"line":761,"column":16}},{"start":{"line":761,"column":20},"end":{"line":761,"column":42}}],"line":761},"47":{"loc":{"start":{"line":775,"column":4},"end":{"line":777,"column":5}},"type":"if","locations":[{"start":{"line":775,"column":4},"end":{"line":777,"column":5}},{"start":{},"end":{}}],"line":775},"48":{"loc":{"start":{"line":775,"column":8},"end":{"line":775,"column":30}},"type":"binary-expr","locations":[{"start":{"line":775,"column":8},"end":{"line":775,"column":17}},{"start":{"line":775,"column":21},"end":{"line":775,"column":30}}],"line":775},"49":{"loc":{"start":{"line":786,"column":4},"end":{"line":812,"column":5}},"type":"if","locations":[{"start":{"line":786,"column":4},"end":{"line":812,"column":5}},{"start":{},"end":{}}],"line":786},"50":{"loc":{"start":{"line":793,"column":8},"end":{"line":811,"column":9}},"type":"if","locations":[{"start":{"line":793,"column":8},"end":{"line":811,"column":9}},{"start":{},"end":{}}],"line":793},"51":{"loc":{"start":{"line":798,"column":12},"end":{"line":800,"column":13}},"type":"if","locations":[{"start":{"line":798,"column":12},"end":{"line":800,"column":13}},{"start":{},"end":{}}],"line":798},"52":{"loc":{"start":{"line":808,"column":12},"end":{"line":810,"column":13}},"type":"if","locations":[{"start":{"line":808,"column":12},"end":{"line":810,"column":13}},{"start":{},"end":{}}],"line":808},"53":{"loc":{"start":{"line":808,"column":16},"end":{"line":808,"column":54}},"type":"
[...]
":{"line":66,"column":11},"end":{"line":68,"column":5}}],"line":63},"5":{"loc":{"start":{"line":73,"column":4},"end":{"line":82,"column":5}},"type":"if","locations":[{"start":{"line":73,"column":4},"end":{"line":82,"column":5}},{"start":{"line":75,"column":11},"end":{"line":82,"column":5}}],"line":73},"6":{"loc":{"start":{"line":75,"column":11},"end":{"line":82,"column":5}},"type":"if","locations":[{"start":{"line":75,"column":11},"end":{"line":82,"column":5}},{"start":{"line":80,"column":11},"end":{"line":82,"column":5}}],"line":75},"7":{"loc":{"start":{"line":87,"column":4},"end":{"line":94,"column":5}},"type":"if","locations":[{"start":{"line":87,"column":4},"end":{"line":94,"column":5}},{"start":{"line":89,"column":11},"end":{"line":94,"column":5}}],"line":87},"8":{"loc":{"start":{"line":89,"column":11},"end":{"line":94,"column":5}},"type":"if","locations":[{"start":{"line":89,"column":11},"end":{"line":94,"column":5}},{"start":{"line":92,"column":11},"end":{"line":94,"column":5}}],"line":89},"9":{"loc":{"start":{"line":99,"column":4},"end":{"line":104,"column":5}},"type":"if","locations":[{"start":{"line":99,"column":4},"end":{"line":104,"column":5}},{"start":{"line":102,"column":11},"end":{"line":104,"column":5}}],"line":99},"10":{"loc":{"start":{"line":109,"column":4},"end":{"line":114,"column":5}},"type":"if","locations":[{"start":{"line":109,"column":4},"end":{"line":114,"column":5}},{"start":{"line":112,"column":11},"end":{"line":114,"column":5}}],"line":109},"11":{"loc":{"start":{"line":158,"column":4},"end":{"line":181,"column":5}},"type":"if","locations":[{"start":{"line":158,"column":4},"end":{"line":181,"column":5}},{"start":{"line":160,"column":11},"end":{"line":181,"column":5}}],"line":158},"12":{"loc":{"start":{"line":160,"column":11},"end":{"line":181,"column":5}},"type":"if","locations":[{"start":{"line":160,"column":11},"end":{"line":181,"column":5}},{"start":{"line":162,"column":11},"end":{"line":181,"column":5}}],"line":160},"13":{"loc":{"start":{"line":162,"column":11},"end":{"line":181,"column":5}},"type":"if","locations":[{"start":{"line":162,"column":11},"end":{"line":181,"column":5}},{"start":{"line":164,"column":11},"end":{"line":181,"column":5}}],"line":162},"14":{"loc":{"start":{"line":164,"column":11},"end":{"line":181,"column":5}},"type":"if","locations":[{"start":{"line":164,"column":11},"end":{"line":181,"column":5}},{"start":{"line":166,"column":11},"end":{"line":181,"column":5}}],"line":164},"15":{"loc":{"start":{"line":166,"column":11},"end":{"line":181,"column":5}},"type":"if","locations":[{"start":{"line":166,"column":11},"end":{"line":181,"column":5}},{"start":{"line":168,"column":11},"end":{"line":181,"column":5}}],"line":166},"16":{"loc":{"start":{"line":168,"column":11},"end":{"line":181,"column":5}},"type":"if","locations":[{"start":{"line":168,"column":11},"end":{"line":181,"column":5}},{"start":{"line":170,"column":11},"end":{"line":181,"column":5}}],"line":168},"17":{"loc":{"start":{"line":170,"column":11},"end":{"line":181,"column":5}},"type":"if","locations":[{"start":{"line":170,"column":11},"end":{"line":181,"column":5}},{"start":{"line":172,"column":11},"end":{"line":181,"column":5}}],"line":170},"18":{"loc":{"start":{"line":172,"column":11},"end":{"line":181,"column":5}},"type":"if","locations":[{"start":{"line":172,"column":11},"end":{"line":181,"column":5}},{"start":{"line":174,"column":11},"end":{"line":181,"column":5}}],"line":172},"19":{"loc":{"start":{"line":174,"column":11},"end":{"line":181,"column":5}},"type":"if","locations":[{"start":{"line":174,"column":11},"end":{"line":181,"column":5}},{"start":{"line":176,"column":11},"end":{"line":181,"column":5}}],"line":174},"20":{"loc":{"start":{"line":176,"column":11},"end":{"line":181,"column":5}},"type":"if","locations":[{"start":{"line":176,"column":11},"end":{"line":181,"column":5}},{"start":{"line":178,"column":11},"end":{"line":181,"column":5}}],"line":176},"21":{"loc":{"start":{"line":178,"column":11},"end":{"line":181,"column":5}},"type":"if","locations":[{"start":{"line":178,"column":11},"end":{"line":181,"column":5}},{"start":{},"end":{}}],"line":178}},"s":{"0":0,"1":0,"2":0,"3":0,"4":0,"5":0,"6":0,"7":0,"8":0,"9":0,"10":0,"11":0,"12":0,"13":0,"14":0,"15":0,"16":0,"17":0,"18":0,"19":0,"20":0,"21":0,"22":0,"23":0,"24":0,"25":0,"26":0,"27":0,"28":0,"29":0,"30":0,"31":0,"32":0,"33":0,"34":0,"35":0,"36":0,"37":0,"38":0,"39":0,"40":0,"41":0,"42":0,"43":0,"44":0,"45":0,"46":0,"47":0,"48":0,"49":0,"50":0,"51":0,"52":0,"53":0,"54":0,"55":0,"56":0,"57":0,"58":0,"59":0,"60":0,"61":0,"62":0,"63":0,"64":0,"65":0,"66":0,"67":0,"68":0,"69":0,"70":0,"71":0,"72":0,"73":0,"74":0,"75":0,"76":0,"77":0,"78":0,"79":0,"80":0,"81":0,"82":0,"83":0,"84":0,"85":0,"86":0,"87":0,"88":0,"89":0,"90":0,"91":0,"92":0,"93":0,"94":0,"95":0,"96":0,"97":0,"98":0,"99":0,"100":0,"101":0,"102":0,"103":0,"104":0,"105":0,"106":0,"107":0,"108":0,"109":0,"110":0,"111":0,"112":0},"f":{"0":0,"1":0,"2":0,"3":0,"4":0,"5":0,"6":0,"7":0,"8":0,"9":0,"10":0,"11":0,"12":0,"13":0,"14":0,"15":0,"16":0,"17":0},"b":{"0":[0,0],"1":[0,0],"2":[0,0],"3":[0,0],"4":[0,0],"5":[0,0],"6":[0,0],"7":[0,0],"8":[0,0],"9":[0,0],"10":[0,0],"11":[0,0],"12":[0,0],"13":[0,0],"14":[0,0],"15":[0,0],"16":[0,0],"17":[0,0],"18":[0,0],"19":[0,0],"20":[0,0],"21":[0,0]}}
,"C:\\Users\\ecmcm\\S26-CSE-333\\Elizabeth Games\\chemistry\\utils.js": {"path":"C:\\Users\\ecmcm\\S26-CSE-333\\Elizabeth Games\\chemistry\\utils.js","statementMap":{"0":{"start":{"line":1,"column":22},"end":{"line":1,"column":47}},"1":{"start":{"line":8,"column":26},"end":{"line":12,"column":7}},"2":{"start":{"line":8,"column":66},"end":{"line":12,"column":5}},"3":{"start":{"line":15,"column":26},"end":{"line":15,"column":80}},"4":{"start":{"line":15,"column":61},"end":{"line":15,"column":78}},"5":{"start":{"line":18,"column":4},"end":{"line":30,"column":6}},"6":{"start":{"line":19,"column":43},"end":{"line":24,"column":9}},"7":{"start":{"line":25,"column":51},"end":{"line":29,"column":9}},"8":{"start":{"line":36,"column":21},"end":{"line":36,"column":23}},"9":{"start":{"line":37,"column":4},"end":{"line":41,"column":5}},"10":{"start":{"line":38,"column":8},"end":{"line":38,"column":30}},"11":{"start":{"line":40,"column":8},"end":{"line":40,"column":31}},"12":{"start":{"line":42,"column":4},"end":{"line":46,"column":5}},"13":{"start":{"line":43,"column":8},"end":{"line":43,"column":30}},"14":{"start":{"line":45,"column":8},"end":{"line":45,"column":31}},"15":{"start":{"line":47,"column":4},"end":{"line":51,"column":5}},"16":{"start":{"line":48,"column":8},"end":{"line":48,"column":30}},"17":{"start":{"line":50,"column":8},"end":{"line":50,"column":31}},"18":{"start":{"line":52,"column":4},"end":{"line":56,"column":5}},"19":{"start":{"line":53,"column":8},"end":{"line":53,"column":30}},"20":{"start":{"line":55,"column":8},"end":{"line":55,"column":31}},"21":{"start":{"line":57,"column":4},"end":{"line":61,"column":5}},"22":{"start":{"line":58,"column":8},"end":{"line":58,"column":30}},"23":{"start":{"line":60,"column":8},"end":{"line":60,"column":31}},"24":{"start":{"line":62,"column":4},"end":{"line":62,"column":22}},"25":{"start":{"line":67,"column":19},"end":{"line":67,"column":40}},"26":{"start":{"line":68,"column":4},"end":{"line":74,"column":5}},"27":{"start":{"line":69,"column":8},"end":{"line":69,"column":92}},"28":{"start":{"line":71,"column":24},"end":{"line":71,"column":46}},"29":{"start":{"line":72,"column":18},"end":{"line":72,"column":46}},"30":{"start":{"line":73,"column":8},"end":{"line":73,"column":98}},"31":{"start":{"line":80,"column":4},"end":{"line":83,"column":5}},"32":{"start":{"line":82,"column":8},"end":{"line":82,"column":54}},"33":{"start":{"line":85,"column":4},"end":{"line":88,"column":5}},"34":{"start":{"line":87,"column":8},"end":{"line":87,"column":54}},"35":{"start":{"line":90,"column":17},"end":{"line":90,"column":39}},"36":{"start":{"line":91,"column":4},"end":{"line":91,"column":47}},"37":{"start":{"line":92,"column":4},"end":{"line":92,"column":43}},"38":{"start":{"line":93,"column":4},"end":{"line":93,"column":48}},"39":{"start":{"line":93,"column":33},"end":{"line":93,"column":46}},"40":{"start":{"line":95,"column":17},"end":{"line":95,"column":39}},"41":{"start":{"line":96,"column":4},"end":{"line":96,"column":47}},"42":{"start":{"line":97,"column":4},"end":{"line":97,"column":43}},"43":{"start":{"line":98,"column":4},"end":{"line":98,"column":48}},"44":{"start":{"line":98,"column":33},"end":{"line":98,"column":46}},"45":{"start":{"line":100,"column":15},"end":{"line":100,"column":40}},"46":{"start":{"line":101,"column":15},"end":{"line":101,"column":40}},"47":{"start":{"line":102,"column":15},"end":{"line":102,"column":40}},"48":{"start":{"line":103,"column":15},"end":{"line":103,"column":40}},"49":{"start":{"line":105,"column":4},"end":{"line":110,"column":5}},"50":{"start":{"line":107,"column":8},"end":{"line":107,"column":63}},"51":{"start":{"line":109,"column":8},"end":{"line":109,"column":77}},"52":{"start":{"line":115,"column":15},"end":{"line":115,"column":39}},"53":{"start":{"line":116,"column":4},"end":{"line":116,"column":16}},"54":{"start":{"line":121,"column":4},"end":{"line":144,"column":6}},"55":{"start":{"line":123,"column":53},"end":{"line":123,"column":83}},"56":{"start":{"line":124,"column":52},"end":{"line":124,"column":82}},"57":{"start":{"line":128,"column":54},"end":{"line":133,"column":9}},"58":{"start":{"line":135,"column":49},"end":{"line":142,"column":9}},"59":{"start":{"line":143,"column":53},"end":{"line":143,"column":74}},"60":{"start":{"line":149,"column":28},"end":{"line":153,"column":16}},"61":{"start":{"line":150,"column":8},"end":{"line":152,"column":69}},"62":{"start":{"line":155,"column":23},"end":{"line":159,"column":66}},"63":{"start":{"line":161,"column":28},"end":{"line":163,"column":16}},"64":{"start":{"line":162,"column":8},"end":{"line":162,"column":29}},"65":{"start":{"line":165,"column":22},"end":{"line":169,"column":107}},"66":{"start":{"line":171,"column":24},"end":{"line":175,"column":16}},"67":{"start":{"line":172,"column":8},"end":{"line":174,"column":55}},"68":{"start":{"line":177,"column":20},"end":{"line":179,"column":93}},"69":{"start":{"line":180,"column":4},"end":{"line":216,"column":199}},"70":{"start":{"line":220,"column":0},"end":{"line":230,"column":1}},"71":{"start":{"line":221,"column":4},"end":{"line":229,"column":6}}},"fnMap":{"0":{"name":"calculateReaction","decl":{"start":{"line":5,"column":9},"end":{"line":5,"column":26}},"loc":{"start":{"line":5,"column":73},"end":{"line":31,"column":1}},"line":5},"1":{"name":"(anonymous_1)","decl":{"start":{"line":8,"column":48},"end":{"line":8,"column":49}},"loc":{"start":{"line":8,"column":66},"end":{"line":12,"column":5}},"line":8},"2":{"name":"(anonymous_2)","decl":{"start":{"line":15,"column":56},"end":{"line":15,"column":57}},"loc":{"start":{"line":15,"column":61},"end":{"line":15,"column":78}},"line":15},"3":{"name":"(anonymous_3)","decl":{"start":{"line":19,"column":37},"end":{"line":19,"column":38}},"loc":{"start":{"line":19,"column":43},"end":{"line":24,"column":9}},"line":19},"4":{"name":"(anonymous_4)","decl":{"start":{"line":25,"column":39},"end":{"line":25,"column":40}},"loc":{"start":{"line":25,"column":51},"end":{"line":29,"column":9}},"line":25},"5":{"name":"checkPPEAnswers","decl":{"start":{"line":35,"column":9},"end":{"line":35,"column":24}},"loc":{"start":{"line":35,"column":51},"end":{"line":63,"column":1}},"line":35},"6":{"name":"setAlpha","decl":{"start":{"line":66,"column":9},"end":{"line":66,"column":17}},"loc":{"start":{"line":66,"column":57},"end":{"line":75,"column":1}},"line":66},"7":{"name":"mixColors","decl":{"start":{"line":78,"column":9},"end":{"line":78,"column":18}},"loc":{"start":{"line":78,"column":45},"end":{"line":111,"column":1}},"line":78},"8":{"name":"(anonymous_8)","decl":{"start":{"line":93,"column":24},"end":{"line":93,"column":25}},"loc":{"start":{"line":93,"column":33},"end":{"line":93,"column":46}},"line":93},"9":{"name":"(anonymous_9)","decl":{"start":{"line":98,"column":24},"end":{"line":98,"column":25}},"loc":{"start":{"line":98,"column":33},"end":{"line":98,"column":46}},"line":98},"10":{"name":"distance","decl":{"start":{"line":114,"column":9},"end":{"line":114,"column":17}},"loc":{"start":{"line":114,"column":34},"end":{"line":117,"column":1}},"line":114},"11":{"name":"buildRunSummary","decl":{"start":{"line":120,"column":9},"end":{"line":120,"column":24}},"loc":{"start":{"line":120,"column":77},"end":{"line":145,"column":1}},"line":120},"12":{"name":"(anonymous_12)","decl":{"start":{"line":123,"column":48},"end":{"line":123,"column":49}},"loc":{"start":{"line":123,"column":53},"end":{"line":123,"column":83}},"line":123},"13":{"name":"(anonymous_13)","decl":{"start":{"line":124,"column":47},"end":{"line":124,"column":48}},"loc":{"start":{"line":124,"column":52},"end":{"line":124,"column":82}},"line":124},"14":{"name":"(anonymous_14)","decl":{"start":{"line":128,"column":43},"end":{"line":128,"column":44}},"loc":{"start":{"line":128,"column":54},"end":{"line":133,"column":9}},"line":128},"15":{"name":"(anonymous_15)","decl":{"start":{"line":135,"column":38},"end":{"line":135,"column":39}},"loc":{"start":{"line":135,"column":49},"end":{"line":142,"column":9}},"line":135},"16":{"name":"(anonymous_16)","decl":{"start":{"line":143,"column":48},"end":{"line":143,"column":49}},"loc":{"start":{"line":143,"column":53},"end":{"line":143,"column":74}},"line":143},"17":{"name":"buildSystemPrompt","decl":{"start":{"line":148,"column":9},"end":{"line":148,"column":26}},"loc":{"start":{"line":148,"column":36},"end":{"line":217,"column":1}},"line":148},"18":{"name":"(anonymous_18)","decl":{"start":{"line":149,"column":52},"end":{"line":149,"column":53}},"loc":{"start":{"line":150,"column":8},"end":{"line":152,"column":69}},"line":150},"19":{"name":"(anonymous_19)","decl":{"start":{"line":161,"column":55},"end":{"line":161,"column":56}},"loc":{"start":{"line":162,"column":8},"end":{"line":162,"column":29}},"line":162},"20":{"name":"(anonymous_20)","decl":{"start":{"line":171,"column":44},"end":{"line":171,"column":45}},"loc":{"start":{"line":172,"column":8},"end":{"line":174,"column":55}},"line":172}},"branchMap":{"0":{"loc":{"start":{"line":37,"column":4},"end":{"line":41,"column":5}},"type":"if","locations":[{"start":{"line":37,"column":4},"end":{"line":41,"column":5}},{"start":{"line":39,"column":11},"end":{"line":41,"column":5}}],"line":37},"1":{"loc":{"start":{"line":42,"column":4},"end":{"line":46,"column":5}},"type":"if","locations":[{"start":{"line":42,"column":4},"end":{"line":46,"column":5}},{"start":{"line":44,"column":11},"end":{"line":46,"column":5}}],"line":42},"2":{"loc":{"start":{"line":47,"column":4},"end":{"line":51,"column":5}},"type":"if","locations":[{"start":{"line":47,"column":4},"end":{"line":51,"column":5}},{"start":{"line":49,"column":11},"end":{"line":51,"column":5}}],"line":47},"3":{"loc":{"start":{"line":52,"column":4},"end":{"line":56,"column":5}},"type":"if","locations":[{"start":{"line":52,"column":4},"end":{"line":56,"column":5}},{"start":{"line":54,"column":11},"end":{"line":56,"column":5}}],"line":52},"4":{"loc":{"start":{"line":57,"column":4},"end":{"line":61,"column":5}},"type":"if","locations":[{"start":{"line":57,"column":4},"end":{"line":61,"column":5}},{"start":{"line":59,"column":11},"end":{"line":61,"column":5}}],"line":57},"5":{"loc":{"start":{"line":66,"column":40},"end":{"line":66,"column":55}},"type":"default-arg","locations":[{"start":{"line":66,"column":51},"end":{"line":66,"column":55}}],"line":66},"6":{"loc":{"start":{"line":68,"column":4},"end":{"line":74,"column":5}},"type":"if","locations":[{"start":{"line":68,"column":4},"end":{"line":74,"column":5}},{"start":{"line":70,"column":11},"end":{"line":74,"column":5}}],"line":68},"7":{"loc":{"start":{"line":80,"column":4},"end":{"line":83,"column":5}},"type":"if","locations":[{"start":{"line":80,"column":4},"end":{"line":83,"column":5}},{"start":{},"end":{}}],"line":80},"8":{"loc":{"start":{"line":85,"column":4},"end":{"line":88,"column":5}},"type":"if","locations":[{"start":{"line":85,"column":4},"end":{"line":88,"column":5}},{"start":{},"end":{}}],"line":85},"9":{"loc":{"start":{"line":105,"column":4},"end":{"line":110,"column":5}},"type":"if","locations":[{"start":{"line":105,"column":4},"end":{"line":110,"column":5}},{"start":{"line":108,"column":11},"end":{"line":110,"column":5}}],"line":105},"10":{"loc":{"start":{"line":130,"column":27},"end":{"line":130,"column":71}},"type":"binary-expr","locations":[{"start":{"line":130,"column":27},"end":{"line":130,"column":47}},{"start":{"line":130,"column":51},"end":{"line":130,"column":71}}],"line":130},"11":{"loc":{"start":{"line":150,"column":76},"end":{"line":152,"column":67}},"type":"cond-expr","locations":[{"start":{"line":151,"column":14},"end":{"line":151,"column":23}},{"start":{"line":152,"column":14},"end":{"line":152,"column":67}}],"line":150},"12":{"loc":{"start":{"line":155,"column":23},"end":{"line":159,"column":66}},"type":"cond-expr","locations":[{"start":{"line":156,"column":10},"end":{"line":156,"column":84}},{"start":{"line":157,"column":10},"end":{"line":159,"column":66}}],"line":155},"13":{"loc":{"start":{"line":157,"column":10},"end":{"line":159,"column":66}},"type":"cond-expr","locations":[{"start":{"line":158,"column":10},"end":{"line":158,"column":58}},{"start":{"line":159,"column":10},"end":{"line":159,"column":66}}],"line":157},"14":{"loc":{"start":{"line":165,"column":22},"end":{"line":169,"column":107}},"type":"cond-expr","locations":[{"start":{"line":166,"column":10},"end":{"line":166,"column":118}},{"start":{"line":167,"column":10},"end":{"line":169,"column":107}}],"line":165},"15":{"loc":{"start":{"line":167,"column":10},"end":{"line":169,"column":107}},"type":"cond-expr","locations":[{"start":{"line":168,"column":10},"end":{"line":168,"column":131}},{"start":{"line":169,"column":10},"end":{"line":169,"column":107}}],"line":167},"16":{"loc":{"start":{"line":172,"column":75},"end":{"line":174,"column":53}},"type":"cond-expr","locations":[{"start":{"line":173,"column":10},"end":{"line":173,"column":29}},{"start":{"line":174,"column":10},"end":{"line":174,"column":53}}],"line":172},"17":{"loc":{"start":{"line":177,"column":20},"end":{"line":179,"column":93}},"type":"cond-expr","locations":[{"start":{"line":178,"column":6},"end":{"line":178,"column":89}},{"start":{"line":179,"column":6},"end":{"line":179,"column":93}}],"line":177},"18":{"loc":{"start":{"line":220,"column":0},"end":{"line":230,"column":1}},"type":"if","locations":[{"start":{"line":220,"column":0},"end":{"line":230,"column":1}},{"start":{},"end":{}}],"line":220},"19":{"loc":{"start":{"line":220,"column":4},"end":{"line":220,"column":51}},"type":"binary-expr","locations":[{"start":{"line":220,"column":4},"end":{"line":220,"column":33}},{"start":{"line":220,"column":37},"end":{"line":220,"column":51}}],"line":220}},"s":{"0":1,"1":3,"2":6,"3":3,"4":6,"5":3,"6":6,"7":6,"8":3,"9":3,"10":2,"11":1,"12":3,"13":1,"14":2,"15":3,"16":2,"17":1,"18":3,"19":1,"20":2,"21":3,"22":2,"23":1,"24":3,"25":6,"26":6,"27":2,"28":4,"29":4,"30":4,"31":4,"32":2,"33":4,"34":1,"35":4,"36":4,"37":4,"38":4,"39":16,"40":4,"41":4,"42":4,"43":4,"44":16,"45":4,"46":4,"47":4,"48":4,"49":4,"50":1,"51":3,"52":5,"53":5,"54":7,"55":14,"56":14,"57":42,"58":14,"59":14,"60":11,"61":11,"62":11,"63":11,"64":22,"65":11,"66":11,"67":22,"68":11,"69":11,"70":1,"71":1},"f":{"0":3,"1":6,"2":6,"3":6,"4":6,"5":3,"6":6,"7":4,"8":16,"9":16,"10":5,"11":7,"12":14,"13":14,"14":42,"15":14,"16":14,"17":11,"18":11,"19":22,"20":22},"b":{"0":[2,1],"1":[1,2],"2":[2,1],"3":[1,2],"4":[2,1],"5":[2],"6":[2,4],"7":[2,2],"8":[1,3],"9":[1,3],"10":[42,0],"11":[0,11],"12":[9,2],"13":[1,1],"14":[1,10],"15":[9,1],"16":[22,0],"17":[0,11],"18":[1,0],"19":[1,1]},"_coverageSchema":"1a1c01bbd47fc00a2c39e90264f33305004495a9","hash":"1d323a3accf522665e1fbece5d9572ef07dab46d"}
}
