TN:
SF:main.js
FN:61,(anonymous_0)
FN:66,(anonymous_1)
FN:116,(anonymous_2)
FN:128,(anonymous_3)
FN:145,(anonymous_4)
FN:183,(anonymous_5)
FN:185,(anonymous_6)
FN:196,(anonymous_7)
FN:205,(anonymous_8)
FN:229,(anonymous_9)
FN:230,(anonymous_10)
FN:233,(anonymous_11)
FN:249,(anonymous_12)
FN:261,(anonymous_13)
FN:294,(anonymous_14)
FN:297,(anonymous_15)
FN:306,(anonymous_16)
FN:327,(anonymous_17)
FN:335,(anonymous_18)
FN:357,updateReactionText
FN:361,(anonymous_20)
FN:375,(anonymous_21)
FN:386,(anonymous_22)
FN:392,(anonymous_23)
FN:399,(anonymous_24)
FN:405,(anonymous_25)
FN:420,(anonymous_26)
FN:449,(anonymous_27)
FN:457,(anonymous_28)
FN:466,(anonymous_29)
FN:470,resizeCanvas
FN:484,draw
FN:503,drawBeaker
FN:555,drawVessel
FN:589,drawStream
FN:625,animate
FN:627,(anonymous_36)
FN:686,(anonymous_37)
FN:702,(anonymous_38)
FN:744,(anonymous_39)
FN:747,(anonymous_40)
FN:752,(anonymous_41)
FN:771,(anonymous_42)
FN:818,(anonymous_43)
FN:823,triggerReaction
FN:842,drawStirTrail
FN:864,inVessel
FN:874,(anonymous_47)
FN:984,(anonymous_48)
FN:1001,(anonymous_49)
FN:1005,(anonymous_50)
FN:1041,makeObservationRow
FN:1069,makeInstrument
FN:1092,makeProductCard
FN:1125,(anonymous_54)
FN:1145,(anonymous_55)
FN:1151,checkEvidence
FN:1170,(anonymous_57)
FN:1171,(anonymous_58)
FN:1195,(anonymous_59)
FN:1242,appendMessage
FN:1258,showThinking
FN:1272,hideThinking
FN:1280,setDebriefInputEnabled
FN:1286,updateExchangeCounter
FN:1296,showDebriefError
FN:1301,clearDebriefError
FN:1306,sendDebriefMessage
FN:1353,(anonymous_68)
FN:1388,buildSummaryCard
FN:1411,(anonymous_70)
FN:1449,initDebrief
FN:1465,(anonymous_72)
FN:1474,(anonymous_73)
FNF:74
FNH:0
FNDA:0,(anonymous_0)
FNDA:0,(anonymous_1)
FNDA:0,(anonymous_2)
FNDA:0,(anonymous_3)
FNDA:0,(anonymous_4)
FNDA:0,(anonymous_5)
FNDA:0,(anonymous_6)
FNDA:0,(anonymous_7)
FNDA:0,(anonymous_8)
FNDA:0,(anonymous_9)
FNDA:0,(anonymous_10)
FNDA:0,(anonymous_11)
FNDA:0,(anonymous_12)
FNDA:0,(anonymous_13)
FNDA:0,(anonymous_14)
FNDA:0,(anonymous_15)
FNDA:0,(anonymous_16)
FNDA:0,(anonymous_17)
FNDA:0,(anonymous_18)
FNDA:0,updateReactionText
FNDA:0,(anonymous_20)
FNDA:0,(anonymous_21)
FNDA:0,(anonymous_22)
FNDA:0,(anonymous_23)
FNDA:0,(anonymous_24)
FNDA:0,(anonymous_25)
FNDA:0,(anonymous_26)
FNDA:0,(anonymous_27)
FNDA:0,(anonymous_28)
FNDA:0,(anonymous_29)
FNDA:0,resizeCanvas
FNDA:0,draw
FNDA:0,drawBeaker
FNDA:0,drawVessel
FNDA:0,drawStream
FNDA:0,animate
FNDA:0,(anonymous_36)
FNDA:0,(anonymous_37)
FNDA:0,(anonymous_38)
FNDA:0,(anonymous_39)
FNDA:0,(anonymous_40)
FNDA:0,(anonymous_41)
FNDA:0,(anonymous_42)
FNDA:0,(anonymous_43)
FNDA:0,triggerReaction
FNDA:0,drawStirTrail
FNDA:0,inVessel
FNDA:0,(anonymous_47)
FNDA:0,(anonymous_48)
FNDA:0,(anonymous_49)
FNDA:0,(anonymous_50)
FNDA:0,makeObservationRow
FNDA:0,makeInstrument
FNDA:0,makeProductCard
FNDA:0,(anonymous_54)
FNDA:0,(anonymous_55)
FNDA:0,checkEvidence
FNDA:0,(anonymous_57)
FNDA:0,(anonymous_58)
FNDA:0,(anonymous_59)
FNDA:0,appendMessage
FNDA:0,showThinking
FNDA:0,hideThinking
FNDA:0,setDebriefInputEnabled
FNDA:0,updateExchangeCounter
FNDA:0,showDebriefError
FNDA:0,clearDebriefError
FNDA:0,sendDebriefMessage
FNDA:0,(anonymous_68)
FNDA:0,buildSummaryCard
FNDA:0,(anonymous_70)
FNDA:0,initDebrief
FNDA:0,(anonymous_72)
FNDA:0,(anonymous_73)
DA:1,0
DA:2,0
DA:4,0
DA:5,0
DA:6,0
DA:7,0
DA:9,0
DA:10,0
DA:11,0
DA:12,0
DA:13,0
DA:14,0
DA:16,0
DA:17,0
DA:20,0
DA:21,0
DA:23,0
DA:24,0
DA:27,0
DA:28,0
DA:29,0
DA:30,0
DA:32,0
DA:33,0
DA:34,0
DA:35,0
DA:36,0
DA:38,0
DA:39,0
DA:41,0
DA:42,0
DA:43,0
DA:44,0
DA:45,0
DA:46,0
DA:47,0
DA:49,0
DA:50,0
DA:51,0
DA:54,0
DA:56,0
DA:57,0
DA:58,0
DA:61,0
DA:62,0
DA:66,0
DA:68,0
DA:69,0
DA:70,0
DA:71,0
DA:73,0
DA:74,0
DA:75,0
DA:76,0
DA:77,0
DA:78,0
DA:80,0
DA:81,0
DA:83,0
DA:84,0
DA:85,0
DA:86,0
DA:87,0
DA:88,0
DA:89,0
DA:90,0
DA:91,0
DA:92,0
DA:93,0
DA:94,0
DA:96,0
DA:97,0
DA:98,0
DA:102,0
DA:103,0
DA:105,0
DA:108,0
DA:109,0
DA:110,0
DA:112,0
DA:116,0
DA:117,0
DA:120,0
DA:123,0
DA:125,0
DA:128,0
DA:130,0
DA:131,0
DA:134,0
DA:136,0
DA:137,0
DA:138,0
DA:141,0
DA:142,0
DA:145,0
DA:148,0
DA:151,0
DA:152,0
DA:153,0
DA:154,0
DA:155,0
DA:156,0
DA:157,0
DA:161,0
DA:162,0
DA:163,0
DA:166,0
DA:167,0
DA:170,0
DA:174,0
DA:175,0
DA:178,0
DA:183,0
DA:185,0
DA:186,0
DA:187,0
DA:188,0
DA:190,0
DA:196,0
DA:199,0
DA:201,0
DA:205,0
DA:207,0
DA:208,0
DA:211,0
DA:213,0
DA:214,0
DA:215,0
DA:218,0
DA:219,0
DA:223,0
DA:229,0
DA:230,0
DA:233,0
DA:234,0
DA:235,0
DA:236,0
DA:240,0
DA:241,0
DA:244,0
DA:249,0
DA:251,0
DA:259,0
DA:260,0
DA:261,0
DA:262,0
DA:263,0
DA:267,0
DA:269,0
DA:270,0
DA:271,0
DA:272,0
DA:275,0
DA:276,0
DA:277,0
DA:278,0
DA:279,0
DA:280,0
DA:281,0
DA:282,0
DA:283,0
DA:284,0
DA:286,0
DA:289,0
DA:294,0
DA:296,0
DA:297,0
DA:298,0
DA:300,0
DA:305,0
DA:306,0
DA:308,0
DA:309,0
DA:312,0
DA:313,0
DA:316,0
DA:317,0
DA:318,0
DA:319,0
DA:322,0
DA:323,0
DA:325,0
DA:326,0
DA:327,0
DA:328,0
DA:329,0
DA:330,0
DA:333,0
DA:334,0
DA:335,0
DA:336,0
DA:337,0
DA:339,0
DA:340,0
DA:343,0
DA:345,0
DA:346,0
DA:347,0
DA:349,0
DA:350,0
DA:353,0
DA:358,0
DA:359,0
DA:361,0
DA:362,0
DA:364,0
DA:365,0
DA:367,0
DA:369,0
DA:370,0
DA:373,0
DA:375,0
DA:376,0
DA:377,0
DA:379,0
DA:381,0
DA:382,0
DA:386,0
DA:389,0
DA:392,0
DA:393,0
DA:394,0
DA:399,0
DA:400,0
DA:403,0
DA:405,0
DA:406,0
DA:407,0
DA:409,0
DA:412,0
DA:420,0
DA:422,0
DA:425,0
DA:441,0
DA:442,0
DA:444,0
DA:445,0
DA:449,0
DA:450,0
DA:451,0
DA:452,0
DA:454,0
DA:457,0
DA:458,0
DA:459,0
DA:460,0
DA:462,0
DA:466,0
DA:467,0
DA:471,0
DA:472,0
DA:473,0
DA:475,0
DA:476,0
DA:479,0
DA:481,0
DA:485,0
DA:488,0
DA:489,0
DA:491,0
DA:492,0
DA:495,0
DA:496,0
DA:498,0
DA:499,0
DA:504,0
DA:507,0
DA:510,0
DA:511,0
DA:513,0
DA:516,0
DA:517,0
DA:518,0
DA:520,0
DA:523,0
DA:524,0
DA:525,0
DA:526,0
DA:527,0
DA:528,0
DA:529,0
DA:530,0
DA:531,0
DA:534,0
DA:536,0
DA:538,0
DA:539,0
DA:541,0
DA:543,0
DA:544,0
DA:545,0
DA:546,0
DA:547,0
DA:548,0
DA:551,0
DA:556,0
DA:557,0
DA:558,0
DA:559,0
DA:562,0
DA:563,0
DA:564,0
DA:565,0
DA:566,0
DA:567,0
DA:568,0
DA:569,0
DA:570,0
DA:573,0
DA:574,0
DA:575,0
DA:576,0
DA:578,0
DA:579,0
DA:580,0
DA:581,0
DA:582,0
DA:583,0
DA:591,0
DA:592,0
DA:595,0
DA:596,0
DA:597,0
DA:601,0
DA:602,0
DA:604,0
DA:605,0
DA:607,0
DA:609,0
DA:610,0
DA:611,0
DA:612,0
DA:613,0
DA:614,0
DA:615,0
DA:616,0
DA:617,0
DA:619,0
DA:620,0
DA:621,0
DA:622,0
DA:627,0
DA:629,0
DA:631,0
DA:633,0
DA:635,0
DA:636,0
DA:637,0
DA:638,0
DA:639,0
DA:640,0
DA:642,0
DA:644,0
DA:647,0
DA:649,0
DA:650,0
DA:651,0
DA:655,0
DA:657,0
DA:659,0
DA:661,0
DA:663,0
DA:668,0
DA:669,0
DA:672,0
DA:674,0
DA:676,0
DA:679,0
DA:686,0
DA:687,0
DA:688,0
DA:690,0
DA:692,0
DA:693,0
DA:695,0
DA:696,0
DA:697,0
DA:702,0
DA:703,0
DA:704,0
DA:707,0
DA:708,0
DA:709,0
DA:712,0
DA:714,0
DA:716,0
DA:719,0
DA:721,0
DA:723,0
DA:724,0
DA:728,0
DA:730,0
DA:733,0
DA:734,0
DA:737,0
DA:739,0
DA:744,0
DA:745,0
DA:747,0
DA:748,0
DA:752,0
DA:754,0
DA:755,0
DA:757,0
DA:758,0
DA:759,0
DA:761,0
DA:763,0
DA:764,0
DA:771,0
DA:773,0
DA:775,0
DA:776,0
DA:779,0
DA:781,0
DA:782,0
DA:783,0
DA:786,0
DA:788,0
DA:790,0
DA:793,0
DA:795,0
DA:798,0
DA:799,0
DA:803,0
DA:805,0
DA:808,0
DA:809,0
DA:818,0
DA:819,0
DA:824,0
DA:825,0
DA:826,0
DA:827,0
DA:828,0
DA:830,0
DA:831,0
DA:833,0
DA:836,0
DA:837,0
DA:838,0
DA:844,0
DA:845,0
DA:849,0
DA:851,0
DA:852,0
DA:853,0
DA:854,0
DA:855,0
DA:856,0
DA:857,0
DA:859,0
DA:865,0
DA:866,0
DA:868,0
DA:874,0
DA:875,0
DA:878,0
DA:879,0
DA:882,0
DA:883,0
DA:884,0
DA:887,0
DA:888,0
DA:889,0
DA:892,0
DA:895,0
DA:902,0
DA:909,0
DA:916,0
DA:923,0
DA:924,0
DA:927,0
DA:928,0
DA:932,0
DA:933,0
DA:935,0
DA:939,0
DA:943,0
DA:944,0
DA:946,0
DA:949,0
DA:952,0
DA:953,0
DA:954,0
DA:957,0
DA:958,0
DA:959,0
DA:962,0
DA:963,0
DA:964,0
DA:965,0
DA:966,0
DA:967,0
DA:970,0
DA:971,0
DA:972,0
DA:973,0
DA:976,0
DA:977,0
DA:981,0
DA:982,0
DA:984,0
DA:986,0
DA:988,0
DA:992,0
DA:993,0
DA:998,0
DA:999,0
DA:1001,0
DA:1003,0
DA:1005,0
DA:1007,0
DA:1010,0
DA:1011,0
DA:1012,0
DA:1014,0
DA:1018,0
DA:1019,0
DA:1021,0
DA:1025,0
DA:1029,0
DA:1030,0
DA:1034,0
DA:1035,0
DA:1036,0
DA:1037,0
DA:1043,0
DA:1044,0
DA:1047,0
DA:1048,0
DA:1049,0
DA:1052,0
DA:1053,0
DA:1054,0
DA:1057,0
DA:1058,0
DA:1059,0
DA:1062,0
DA:1063,0
DA:1064,0
DA:1065,0
DA:1070,0
DA:1071,0
DA:1073,0
DA:1074,0
DA:1075,0
DA:1077,0
DA:1078,0
DA:1079,0
DA:1081,0
DA:1082,0
DA:1083,0
DA:1085,0
DA:1086,0
DA:1087,0
DA:1088,0
DA:1095,0
DA:1096,0
DA:1097,0
DA:1100,0
DA:1101,0
DA:1104,0
DA:1105,0
DA:1106,0
DA:1107,0
DA:1109,0
DA:1111,0
DA:1114,0
DA:1115,0
DA:1116,0
DA:1119,0
DA:1120,0
DA:1121,0
DA:1122,0
DA:1123,0
DA:1125,0
DA:1126,0
DA:1127,0
DA:1128,0
DA:1130,0
DA:1132,0
DA:1133,0
DA:1134,0
DA:1135,0
DA:1136,0
DA:1139,0
DA:1140,0
DA:1141,0
DA:1145,0
DA:1146,0
DA:1153,0
DA:1154,0
DA:1157,0
DA:1158,0
DA:1161,0
DA:1162,0
DA:1163,0
DA:1164,0
DA:1167,0
DA:1168,0
DA:1170,0
DA:1171,0
DA:1172,0
DA:1176,0
DA:1177,0
DA:1178,0
DA:1179,0
DA:1180,0
DA:1182,0
DA:1184,0
DA:1185,0
DA:1186,0
DA:1189,0
DA:1190,0
DA:1195,0
DA:1197,0
DA:1198,0
DA:1199,0
DA:1202,0
DA:1203,0
DA:1204,0
DA:1207,0
DA:1208,0
DA:1210,0
DA:1211,0
DA:1213,0
DA:1214,0
DA:1217,0
DA:1219,0
DA:1220,0
DA:1221,0
DA:1222,0
DA:1225,0
DA:1226,0
DA:1227,0
DA:1228,0
DA:1229,0
DA:1230,0
DA:1232,0
DA:1236,0
DA:1244,0
DA:1246,0
DA:1247,0
DA:1249,0
DA:1251,0
DA:1253,0
DA:1254,0
DA:1260,0
DA:1262,0
DA:1264,0
DA:1265,0
DA:1266,0
DA:1267,0
DA:1268,0
DA:1273,0
DA:1274,0
DA:1275,0
DA:1281,0
DA:1282,0
DA:1287,0
DA:1290,0
DA:1291,0
DA:1297,0
DA:1302,0
DA:1308,0
DA:1309,0
DA:1311,0
DA:1314,0
DA:1315,0
DA:1316,0
DA:1317,0
DA:1320,0
DA:1327,0
DA:1328,0
DA:1329,0
DA:1332,0
DA:1334,0
DA:1335,0
DA:1338,0
DA:1352,0
DA:1353,0
DA:1354,0
DA:1358,0
DA:1359,0
DA:1362,0
DA:1363,0
DA:1364,0
DA:1367,0
DA:1368,0
DA:1369,0
DA:1373,0
DA:1374,0
DA:1378,0
DA:1379,0
DA:1380,0
DA:1381,0
DA:1384,0
DA:1390,0
DA:1392,0
DA:1395,0
DA:1396,0
DA:1399,0
DA:1400,0
DA:1401,0
DA:1402,0
DA:1405,0
DA:1406,0
DA:1407,0
DA:1408,0
DA:1411,0
DA:1413,0
DA:1414,0
DA:1415,0
DA:1416,0
DA:1419,0
DA:1420,0
DA:1421,0
DA:1422,0
DA:1425,0
DA:1426,0
DA:1427,0
DA:1428,0
DA:1433,0
DA:1434,0
DA:1435,0
DA:1439,0
DA:1440,0
DA:1441,0
DA:1442,0
DA:1443,0
DA:1445,0
DA:1450,0
DA:1451,0
DA:1452,0
DA:1453,0
DA:1454,0
DA:1455,0
DA:1456,0
DA:1458,0
DA:1459,0
DA:1461,0
DA:1465,0
DA:1466,0
DA:1467,0
DA:1468,0
DA:1470,0
DA:1474,0
DA:1475,0
DA:1476,0
DA:1477,0
DA:1478,0
DA:1479,0
DA:1481,0
LF:754
LH:0
BRDA:156,0,0,0
BRDA:156,0,1,0
BRDA:187,1,0,0
BRDA:187,1,1,0
BRDA:262,2,0,0
BRDA:262,2,1,0
BRDA:267,3,0,0
BRDA:267,3,1,0
BRDA:275,4,0,0
BRDA:275,4,1,0
BRDA:277,5,0,0
BRDA:277,5,1,0
BRDA:279,6,0,0
BRDA:279,6,1,0
BRDA:281,7,0,0
BRDA:281,7,1,0
BRDA:283,8,0,0
BRDA:283,8,1,0
BRDA:336,9,0,0
BRDA:336,9,1,0
BRDA:364,10,0,0
BRDA:364,10,1,0
BRDA:369,11,0,0
BRDA:369,11,1,0
BRDA:376,12,0,0
BRDA:376,12,1,0
BRDA:393,13,0,0
BRDA:393,13,1,0
BRDA:403,14,0,0
BRDA:403,14,1,0
BRDA:407,15,0,0
BRDA:407,15,1,0
BRDA:451,16,0,0
BRDA:451,16,1,0
BRDA:459,17,0,0
BRDA:459,17,1,0
BRDA:488,18,0,0
BRDA:488,18,1,0
BRDA:491,19,0,0
BRDA:491,19,1,0
BRDA:510,20,0,0
BRDA:510,20,1,0
BRDA:517,21,0,0
BRDA:517,21,1,0
BRDA:534,22,0,0
BRDA:534,22,1,0
BRDA:573,23,0,0
BRDA:573,23,1,0
BRDA:591,24,0,0
BRDA:591,24,1,0
BRDA:596,25,0,0
BRDA:596,25,1,0
BRDA:629,26,0,0
BRDA:629,26,1,0
BRDA:633,27,0,0
BRDA:633,27,1,0
BRDA:638,28,0,0
BRDA:638,28,1,0
BRDA:639,29,0,0
BRDA:639,29,1,0
BRDA:647,30,0,0
BRDA:647,30,1,0
BRDA:655,31,0,0
BRDA:655,31,1,0
BRDA:659,32,0,0
BRDA:659,32,1,0
BRDA:672,33,0,0
BRDA:672,33,1,0
BRDA:674,34,0,0
BRDA:674,34,1,0
BRDA:687,35,0,0
BRDA:687,35,1,0
BRDA:695,36,0,0
BRDA:695,36,1,0
BRDA:703,37,0,0
BRDA:703,37,1,0
BRDA:712,38,0,0
BRDA:712,38,1,0
BRDA:712,39,0,0
BRDA:712,39,1,0
BRDA:719,40,0,0
BRDA:719,40,1,0
BRDA:723,41,0,0
BRDA:723,41,1,0
BRDA:733,42,0,0
BRDA:733,42,1,0
BRDA:733,43,0,0
BRDA:733,43,1,0
BRDA:737,44,0,0
BRDA:737,44,1,0
BRDA:761,45,0,0
BRDA:761,45,1,0
BRDA:761,46,0,0
BRDA:761,46,1,0
BRDA:775,47,0,0
BRDA:775,47,1,0
BRDA:775,48,0,0
BRDA:775,48,1,0
BRDA:786,49,0,0
BRDA:786,49,1,0
BRDA:793,50,0,0
BRDA:793,50,1,0
BRDA:798,51,0,0
BRDA:798,51,1,0
BRDA:808,52,0,0
BRDA:808,52,1,0
BRDA:808,53,0,0
BRDA:808,53,1,0
BRDA:844,54,0,0
BRDA:844,54,1,0
BRDA:844,55,0,0
BRDA:844,55,1,0
BRDA:849,56,0,0
BRDA:849,56,1,0
BRDA:865,57,0,0
BRDA:865,57,1,0
BRDA:865,58,0,0
BRDA:865,58,1,0
BRDA:865,58,2,0
BRDA:865,58,3,0
BRDA:932,59,0,0
BRDA:932,59,1,0
BRDA:932,60,0,0
BRDA:932,60,1,0
BRDA:932,60,2,0
BRDA:943,61,0,0
BRDA:943,61,1,0
BRDA:986,62,0,0
BRDA:986,62,1,0
BRDA:986,63,0,0
BRDA:986,63,1,0
BRDA:992,64,0,0
BRDA:992,64,1,0
BRDA:1003,65,0,0
BRDA:1003,65,1,0
BRDA:1010,66,0,0
BRDA:1010,66,1,0
BRDA:1018,67,0,0
BRDA:1018,67,1,0
BRDA:1029,68,0,0
BRDA:1029,68,1,0
BRDA:1092,69,0,0
BRDA:1092,70,0,0
BRDA:1106,71,0,0
BRDA:1106,71,1,0
BRDA:1120,72,0,0
BRDA:1120,72,1,0
BRDA:1132,73,0,0
BRDA:1132,73,1,0
BRDA:1153,74,0,0
BRDA:1153,74,1,0
BRDA:1153,75,0,0
BRDA:1153,75,1,0
BRDA:1161,76,0,0
BRDA:1161,76,1,0
BRDA:1172,77,0,0
BRDA:1172,77,1,0
BRDA:1176,78,0,0
BRDA:1176,78,1,0
BRDA:1184,79,0,0
BRDA:1184,79,1,0
BRDA:1207,80,0,0
BRDA:1207,80,1,0
BRDA:1210,81,0,0
BRDA:1210,81,1,0
BRDA:1213,82,0,0
BRDA:1213,82,1,0
BRDA:1217,83,0,0
BRDA:1217,83,1,0
BRDA:1217,84,0,0
BRDA:1217,84,1,0
BRDA:1217,84,2,0
BRDA:1225,85,0,0
BRDA:1225,85,1,0
BRDA:1227,86,0,0
BRDA:1227,86,1,0
BRDA:1229,87,0,0
BRDA:1229,87,1,0
BRDA:1249,88,0,0
BRDA:1249,88,1,0
BRDA:1274,89,0,0
BRDA:1274,89,1,0
BRDA:1290,90,0,0
BRDA:1290,90,1,0
BRDA:1308,91,0,0
BRDA:1308,91,1,0
BRDA:1314,92,0,0
BRDA:1314,92,1,0
BRDA:1352,93,0,0
BRDA:1352,93,1,0
BRDA:1354,94,0,0
BRDA:1354,94,1,0
BRDA:1367,95,0,0
BRDA:1367,95,1,0
BRDA:1426,96,0,0
BRDA:1426,96,1,0
BRDA:1428,97,0,0
BRDA:1428,97,1,0
BRDA:1467,98,0,0
BRDA:1467,98,1,0
BRDA:1475,99,0,0
BRDA:1475,99,1,0
BRDA:1475,100,0,0
BRDA:1475,100,1,0
BRDA:1478,101,0,0
BRDA:1478,101,1,0
BRF:206
BRH:0
end_of_record
TN:
SF:reactions.js
FNF:0
FNH:0
DA:4,1
DA:746,1
DA:747,1
LF:3
LH:3
BRDA:746,0,0,1
BRDA:746,0,1,0
BRDA:746,1,0,1
BRDA:746,1,1,1
BRF:4
BRH:3
end_of_record
TN:
SF:swapScreen.js
FN:14,(anonymous_0)
FN:19,(anonymous_1)
FN:24,(anonymous_2)
FN:29,(anonymous_3)
FN:36,(anonymous_4)
FN:46,(anonymous_5)
FN:59,(anonymous_6)
FN:72,(anonymous_7)
FN:86,(anonymous_8)
FN:98,(anonymous_9)
FN:108,(anonymous_10)
FN:118,(anonymous_11)
FN:119,(anonymous_12)
FN:125,(anonymous_13)
FN:130,(anonymous_14)
FN:135,(anonymous_15)
FN:141,(anonymous_16)
FN:145,swapScreen
FNF:18
FNH:0
FNDA:0,(anonymous_0)
FNDA:0,(anonymous_1)
FNDA:0,(anonymous_2)
FNDA:0,(anonymous_3)
FNDA:0,(anonymous_4)
FNDA:0,(anonymous_5)
FNDA:0,(anonymous_6)
FNDA:0,(anonymous_7)
FNDA:0,(anonymous_8)
FNDA:0,(anonymous_9)
FNDA:0,(anonymous_10)
FNDA:0,(anonymous_11)
FNDA:0,(anonymous_12)
FNDA:0,(anonymous_13)
FNDA:0,(anonymous_14)
FNDA:0,(anonymous_15)
FNDA:0,(anonymous_16)
FNDA:0,swapScreen
DA:1,0
DA:2,0
DA:3,0
DA:4,0
DA:5,0
DA:6,0
DA:7,0
DA:8,0
DA:9,0
DA:10,0
DA:11,0
DA:14,0
DA:15,0
DA:19,0
DA:20,0
DA:24,0
DA:25,0
DA:29,0
DA:30,0
DA:31,0
DA:32,0
DA:36,0
DA:37,0
DA:38,0
DA:40,0
DA:41,0
DA:46,0
DA:47,0
DA:48,0
DA:49,0
DA:50,0
DA:51,0
DA:52,0
DA:54,0
DA:59,0
DA:60,0
DA:62,0
DA:63,0
DA:64,0
DA:65,0
DA:67,0
DA:72,0
DA:73,0
DA:74,0
DA:75,0
DA:76,0
DA:77,0
DA:78,0
DA:79,0
DA:81,0
DA:86,0
DA:87,0
DA:88,0
DA:89,0
DA:90,0
DA:91,0
DA:93,0
DA:98,0
DA:99,0
DA:100,0
DA:101,0
DA:103,0
DA:108,0
DA:109,0
DA:110,0
DA:111,0
DA:113,0
DA:118,0
DA:119,0
DA:120,0
DA:125,0
DA:126,0
DA:130,0
DA:131,0
DA:135,0
DA:136,0
DA:137,0
DA:141,0
DA:142,0
DA:146,0
DA:147,0
DA:148,0
DA:149,0
DA:150,0
DA:151,0
DA:152,0
DA:153,0
DA:154,0
DA:155,0
DA:156,0
DA:158,0
DA:159,0
DA:160,0
DA:161,0
DA:162,0
DA:163,0
DA:164,0
DA:165,0
DA:166,0
DA:167,0
DA:168,0
DA:169,0
DA:170,0
DA:171,0
DA:172,0
DA:173,0
DA:174,0
DA:175,0
DA:176,0
DA:177,0
DA:178,0
DA:179,0
DA:180,0
LF:113
LH:0
BRDA:37,0,0,0
BRDA:37,0,1,0
BRDA:47,1,0,0
BRDA:47,1,1,0
BRDA:49,2,0,0
BRDA:49,2,1,0
BRDA:60,3,0,0
BRDA:60,3,1,0
BRDA:63,4,0,0
BRDA:63,4,1,0
BRDA:73,5,0,0
BRDA:73,5,1,0
BRDA:75,6,0,0
BRDA:75,6,1,0
BRDA:87,7,0,0
BRDA:87,7,1,0
BRDA:89,8,0,0
BRDA:89,8,1,0
BRDA:99,9,0,0
BRDA:99,9,1,0
BRDA:109,10,0,0
BRDA:109,10,1,0
BRDA:158,11,0,0
BRDA:158,11,1,0
BRDA:160,12,0,0
BRDA:160,12,1,0
BRDA:162,13,0,0
BRDA:162,13,1,0
BRDA:164,14,0,0
BRDA:164,14,1,0
BRDA:166,15,0,0
BRDA:166,15,1,0
BRDA:168,16,0,0
BRDA:168,16,1,0
BRDA:170,17,0,0
BRDA:170,17,1,0
BRDA:172,18,0,0
BRDA:172,18,1,0
BRDA:174,19,0,0
BRDA:174,19,1,0
BRDA:176,20,0,0
BRDA:176,20,1,0
BRDA:178,21,0,0
BRDA:178,21,1,0
BRF:44
BRH:0
end_of_record
