TN:
SF:game.utils.js
FN:78,computeDesign
FN:100,evaluateDesign
FN:103,(anonymous_2)
FN:119,formatConstraints
FN:129,constraintList
FN:136,(anonymous_5)
FN:145,pickCharacter
FN:149,characterImage
FN:150,(anonymous_8)
FN:159,characterDisplayName
FN:169,extractJobTitle
FN:171,(anonymous_11)
FNF:12
FNH:12
FNDA:6,computeDesign
FNDA:4,evaluateDesign
FNDA:5,(anonymous_2)
FNDA:1,formatConstraints
FNDA:1,constraintList
FNDA:3,(anonymous_5)
FNDA:30,pickCharacter
FNDA:2,characterImage
FNDA:1,(anonymous_8)
FNDA:3,characterDisplayName
FNDA:2,extractJobTitle
FNDA:3,(anonymous_11)
DA:5,1
DA:56,1
DA:79,6
DA:80,6
DA:81,6
DA:82,6
DA:101,4
DA:102,4
DA:103,4
DA:104,5
DA:105,5
DA:107,4
DA:108,4
DA:109,4
DA:110,4
DA:111,4
DA:112,4
DA:120,1
DA:121,1
DA:122,1
DA:123,1
DA:124,1
DA:125,1
DA:126,1
DA:130,1
DA:131,1
DA:132,1
DA:133,1
DA:134,1
DA:135,1
DA:136,3
DA:143,1
DA:146,30
DA:150,2
DA:152,2
DA:155,2
DA:156,2
DA:160,3
DA:161,2
DA:162,1
DA:170,2
DA:171,3
DA:172,2
DA:179,1
LF:44
LH:44
BRDA:80,0,0,6
BRDA:80,0,1,0
BRDA:92,1,0,6
BRDA:92,1,1,0
BRDA:101,2,0,4
BRDA:101,2,1,0
BRDA:105,3,0,2
BRDA:105,3,1,3
BRDA:107,4,0,3
BRDA:107,4,1,1
BRDA:108,5,0,2
BRDA:108,5,1,2
BRDA:109,6,0,0
BRDA:109,6,1,4
BRDA:110,7,0,0
BRDA:110,7,1,4
BRDA:111,8,0,0
BRDA:111,8,1,4
BRDA:121,9,0,1
BRDA:121,9,1,0
BRDA:122,10,0,0
BRDA:122,10,1,1
BRDA:123,11,0,1
BRDA:123,11,1,0
BRDA:124,12,0,0
BRDA:124,12,1,1
BRDA:125,13,0,0
BRDA:125,13,1,1
BRDA:126,14,0,1
BRDA:126,14,1,0
BRDA:131,15,0,1
BRDA:131,15,1,0
BRDA:132,16,0,1
BRDA:132,16,1,0
BRDA:133,17,0,1
BRDA:133,17,1,0
BRDA:134,18,0,0
BRDA:134,18,1,1
BRDA:135,19,0,0
BRDA:135,19,1,1
BRDA:136,20,0,1
BRDA:136,20,1,0
BRDA:149,21,0,1
BRDA:152,22,0,1
BRDA:152,22,1,1
BRDA:153,23,0,0
BRDA:153,23,1,1
BRDA:155,24,0,1
BRDA:155,24,1,1
BRDA:155,25,0,2
BRDA:155,25,1,1
BRDA:160,26,0,1
BRDA:160,26,1,2
BRDA:161,27,0,1
BRDA:161,27,1,1
BRDA:162,28,0,1
BRDA:162,28,1,0
BRDA:170,29,0,0
BRDA:170,29,1,2
BRDA:172,30,0,1
BRDA:172,30,1,1
BRF:61
BRH:40
end_of_record
TN:
SF:server.js
FN:16,enqueue
FN:17,(anonymous_1)
FN:22,(anonymous_2)
FN:25,(anonymous_3)
FN:29,extractJson
FN:35,(anonymous_5)
FN:38,(anonymous_6)
FN:43,(anonymous_7)
FN:58,(anonymous_8)
FN:63,(anonymous_9)
FN:83,(anonymous_10)
FN:88,(anonymous_11)
FN:107,buildCustomerPrompt
FN:151,buildNegotiatePrompt
FN:153,(anonymous_14)
FN:202,buildAutopsyPrompt
FN:228,sanitizeCustomer
FN:239,(anonymous_17)
FN:255,(anonymous_18)
FNF:19
FNH:0
FNDA:0,enqueue
FNDA:0,(anonymous_1)
FNDA:0,(anonymous_2)
FNDA:0,(anonymous_3)
FNDA:0,extractJson
FNDA:0,(anonymous_5)
FNDA:0,(anonymous_6)
FNDA:0,(anonymous_7)
FNDA:0,(anonymous_8)
FNDA:0,(anonymous_9)
FNDA:0,(anonymous_10)
FNDA:0,(anonymous_11)
FNDA:0,buildCustomerPrompt
FNDA:0,buildNegotiatePrompt
FNDA:0,(anonymous_14)
FNDA:0,buildAutopsyPrompt
FNDA:0,sanitizeCustomer
FNDA:0,(anonymous_17)
FNDA:0,(anonymous_18)
DA:1,0
DA:3,0
DA:4,0
DA:5,0
DA:7,0
DA:8,0
DA:9,0
DA:11,0
DA:14,0
DA:15,0
DA:17,0
DA:18,0
DA:19,0
DA:21,0
DA:22,0
DA:25,0
DA:26,0
DA:30,0
DA:31,0
DA:35,0
DA:38,0
DA:39,0
DA:40,0
DA:41,0
DA:43,0
DA:48,0
DA:49,0
DA:50,0
DA:52,0
DA:53,0
DA:58,0
DA:59,0
DA:60,0
DA:61,0
DA:63,0
DA:68,0
DA:69,0
DA:71,0
DA:77,0
DA:78,0
DA:83,0
DA:84,0
DA:85,0
DA:86,0
DA:88,0
DA:93,0
DA:94,0
DA:95,0
DA:96,0
DA:97,0
DA:99,0
DA:101,0
DA:102,0
DA:108,0
DA:152,0
DA:153,0
DA:158,0
DA:159,0
DA:163,0
DA:203,0
DA:229,0
DA:230,0
DA:231,0
DA:232,0
DA:233,0
DA:234,0
DA:235,0
DA:237,0
DA:238,0
DA:239,0
DA:240,0
DA:241,0
DA:242,0
DA:244,0
DA:245,0
DA:246,0
DA:247,0
DA:248,0
DA:249,0
DA:250,0
DA:253,0
DA:254,0
DA:255,0
DA:256,0
DA:260,0
LF:85
LH:0
BRDA:22,0,0,0
BRDA:22,0,1,0
BRDA:31,1,0,0
BRDA:31,1,1,0
BRDA:40,2,0,0
BRDA:40,3,0,0
BRDA:40,4,0,0
BRDA:60,5,0,0
BRDA:60,6,0,0
BRDA:72,7,0,0
BRDA:72,7,1,0
BRDA:73,8,0,0
BRDA:73,8,1,0
BRDA:74,9,0,0
BRDA:74,9,1,0
BRDA:85,10,0,0
BRDA:85,11,0,0
BRDA:97,12,0,0
BRDA:97,12,1,0
BRDA:97,13,0,0
BRDA:97,13,1,0
BRDA:112,14,0,0
BRDA:112,14,1,0
BRDA:152,15,0,0
BRDA:152,15,1,0
BRDA:152,16,0,0
BRDA:152,16,1,0
BRDA:153,17,0,0
BRDA:153,17,1,0
BRDA:158,18,0,0
BRDA:158,18,1,0
BRDA:158,18,2,0
BRDA:159,19,0,0
BRDA:159,19,1,0
BRDA:172,20,0,0
BRDA:172,20,1,0
BRDA:182,21,0,0
BRDA:182,21,1,0
BRDA:183,22,0,0
BRDA:183,22,1,0
BRDA:183,23,0,0
BRDA:183,23,1,0
BRDA:214,24,0,0
BRDA:214,24,1,0
BRDA:230,25,0,0
BRDA:230,25,1,0
BRDA:231,26,0,0
BRDA:231,26,1,0
BRDA:232,27,0,0
BRDA:232,27,1,0
BRDA:233,28,0,0
BRDA:233,28,1,0
BRDA:234,29,0,0
BRDA:234,29,1,0
BRDA:235,30,0,0
BRDA:235,30,1,0
BRDA:237,31,0,0
BRDA:237,31,1,0
BRDA:241,32,0,0
BRDA:241,32,1,0
BRDA:241,33,0,0
BRDA:241,33,1,0
BRDA:244,34,0,0
BRDA:244,34,1,0
BRDA:244,35,0,0
BRDA:244,35,1,0
BRDA:245,36,0,0
BRDA:245,36,1,0
BRDA:245,37,0,0
BRDA:245,37,1,0
BRDA:246,38,0,0
BRDA:246,38,1,0
BRDA:246,39,0,0
BRDA:246,39,1,0
BRDA:247,40,0,0
BRDA:247,40,1,0
BRDA:247,41,0,0
BRDA:247,41,1,0
BRDA:248,42,0,0
BRDA:248,42,1,0
BRDA:248,43,0,0
BRDA:248,43,1,0
BRDA:253,44,0,0
BRDA:253,44,1,0
BRDA:254,45,0,0
BRDA:254,45,1,0
BRF:86
BRH:0
end_of_record
