<?xml version="1.0" encoding="UTF-8"?>
<coverage generated="1777695557225" clover="3.2.0">
  <project timestamp="1777695557226" name="All files">
    <metrics statements="55" coveredstatements="54" conditionals="59" coveredconditionals="52" methods="14" coveredmethods="13" elements="128" coveredelements="119" complexity="0" loc="55" ncloc="55" packages="2" files="2" classes="2"/>
    <package name="Game1">
      <metrics statements="15" coveredstatements="14" conditionals="8" coveredconditionals="6" methods="3" coveredmethods="2"/>
      <file name="server.js" path="C:\Users\12096\Downloads\ProjectSWE\S26-CSE-333\Adrian Games\Game1\server.js">
        <metrics statements="15" coveredstatements="14" conditionals="8" coveredconditionals="6" methods="3" coveredmethods="2"/>
        <line num="1" count="1" type="stmt"/>
        <line num="2" count="1" type="stmt"/>
        <line num="3" count="1" type="stmt"/>
        <line num="5" count="1" type="stmt"/>
        <line num="6" count="27" type="stmt"/>
        <line num="7" count="27" type="cond" truecount="2" falsecount="0"/>
        <line num="9" count="27" type="stmt"/>
        <line num="10" count="27" type="stmt"/>
        <line num="20" count="27" type="stmt"/>
        <line num="21" count="27" type="cond" truecount="2" falsecount="0"/>
        <line num="22" count="23" type="cond" truecount="1" falsecount="1"/>
        <line num="23" count="23" type="stmt"/>
        <line num="27" count="1" type="cond" truecount="1" falsecount="1"/>
        <line num="28" count="0" type="stmt"/>
        <line num="31" count="1" type="stmt"/>
      </file>
    </package>
    <package name="Game1.js">
      <metrics statements="40" coveredstatements="40" conditionals="51" coveredconditionals="46" methods="11" coveredmethods="11"/>
      <file name="physics.js" path="C:\Users\12096\Downloads\ProjectSWE\S26-CSE-333\Adrian Games\Game1\js\physics.js">
        <metrics statements="40" coveredstatements="40" conditionals="51" coveredconditionals="46" methods="11" coveredmethods="11"/>
        <line num="4" count="23" type="stmt"/>
        <line num="5" count="43" type="stmt"/>
        <line num="9" count="11" type="stmt"/>
        <line num="10" count="11" type="stmt"/>
        <line num="11" count="11" type="stmt"/>
        <line num="12" count="11" type="stmt"/>
        <line num="13" count="11" type="stmt"/>
        <line num="14" count="11" type="stmt"/>
        <line num="15" count="11" type="cond" truecount="2" falsecount="0"/>
        <line num="16" count="11" type="cond" truecount="2" falsecount="0"/>
        <line num="17" count="11" type="stmt"/>
        <line num="22" count="3" type="stmt"/>
        <line num="29" count="3" type="stmt"/>
        <line num="30" count="2" type="stmt"/>
        <line num="34" count="9" type="stmt"/>
        <line num="39" count="3" type="stmt"/>
        <line num="40" count="3" type="cond" truecount="2" falsecount="0"/>
        <line num="41" count="1" type="cond" truecount="1" falsecount="1"/>
        <line num="42" count="1" type="cond" truecount="1" falsecount="1"/>
        <line num="44" count="2" type="cond" truecount="2" falsecount="0"/>
        <line num="45" count="2" type="cond" truecount="1" falsecount="1"/>
        <line num="47" count="3" type="stmt"/>
        <line num="52" count="3" type="stmt"/>
        <line num="53" count="3" type="cond" truecount="2" falsecount="0"/>
        <line num="54" count="2" type="stmt"/>
        <line num="55" count="2" type="stmt"/>
        <line num="57" count="1" type="stmt"/>
        <line num="62" count="7" type="stmt"/>
        <line num="63" count="7" type="stmt"/>
        <line num="64" count="7" type="cond" truecount="4" falsecount="0"/>
        <line num="65" count="7" type="cond" truecount="4" falsecount="0"/>
        <line num="66" count="7" type="cond" truecount="4" falsecount="0"/>
        <line num="67" count="7" type="cond" truecount="3" falsecount="1"/>
        <line num="68" count="7" type="cond" truecount="6" falsecount="0"/>
        <line num="69" count="7" type="cond" truecount="6" falsecount="0"/>
        <line num="70" count="7" type="stmt"/>
        <line num="71" count="7" type="stmt"/>
        <line num="72" count="7" type="stmt"/>
        <line num="77" count="5" type="stmt"/>
        <line num="80" count="1" type="stmt"/>
      </file>
    </package>
  </project>
</coverage>
