{"C:\\Users\\12096\\Downloads\\ProjectSWE\\S26-CSE-333\\Adrian Games\\Game1\\server.js": {"path":"C:\\Users\\12096\\Downloads\\ProjectSWE\\S26-CSE-333\\Adrian Games\\Game1\\server.js","statementMap":{"0":{"start":{"line":1,"column":13},"end":{"line":1,"column":28}},"1":{"start":{"line":2,"column":13},"end":{"line":2,"column":26}},"2":{"start":{"line":3,"column":13},"end":{"line":3,"column":28}},"3":{"start":{"line":5,"column":15},"end":{"line":25,"column":2}},"4":{"start":{"line":6,"column":19},"end":{"line":6,"column":32}},"5":{"start":{"line":7,"column":4},"end":{"line":7,"column":53}},"6":{"start":{"line":7,"column":27},"end":{"line":7,"column":53}},"7":{"start":{"line":9,"column":16},"end":{"line":9,"column":38}},"8":{"start":{"line":10,"column":25},"end":{"line":18,"column":5}},"9":{"start":{"line":20,"column":4},"end":{"line":24,"column":7}},"10":{"start":{"line":21,"column":8},"end":{"line":21,"column":70}},"11":{"start":{"line":21,"column":19},"end":{"line":21,"column":38}},"12":{"start":{"line":21,"column":39},"end":{"line":21,"column":60}},"13":{"start":{"line":21,"column":61},"end":{"line":21,"column":68}},"14":{"start":{"line":22,"column":8},"end":{"line":22,"column":82}},"15":{"start":{"line":23,"column":8},"end":{"line":23,"column":22}},"16":{"start":{"line":27,"column":0},"end":{"line":29,"column":1}},"17":{"start":{"line":28,"column":4},"end":{"line":28,"column":92}},"18":{"start":{"line":28,"column":30},"end":{"line":28,"column":90}},"19":{"start":{"line":31,"column":0},"end":{"line":31,"column":24}}},"fnMap":{"0":{"name":"(anonymous_0)","decl":{"start":{"line":5,"column":33},"end":{"line":5,"column":34}},"loc":{"start":{"line":5,"column":47},"end":{"line":25,"column":1}},"line":5},"1":{"name":"(anonymous_1)","decl":{"start":{"line":20,"column":26},"end":{"line":20,"column":27}},"loc":{"start":{"line":20,"column":41},"end":{"line":24,"column":5}},"line":20},"2":{"name":"(anonymous_2)","decl":{"start":{"line":28,"column":24},"end":{"line":28,"column":25}},"loc":{"start":{"line":28,"column":30},"end":{"line":28,"column":90}},"line":28}},"branchMap":{"0":{"loc":{"start":{"line":7,"column":4},"end":{"line":7,"column":53}},"type":"if","locations":[{"start":{"line":7,"column":4},"end":{"line":7,"column":53}},{"start":{},"end":{}}],"line":7},"1":{"loc":{"start":{"line":21,"column":8},"end":{"line":21,"column":70}},"type":"if","locations":[{"start":{"line":21,"column":8},"end":{"line":21,"column":70}},{"start":{},"end":{}}],"line":21},"2":{"loc":{"start":{"line":22,"column":45},"end":{"line":22,"column":78}},"type":"binary-expr","locations":[{"start":{"line":22,"column":45},"end":{"line":22,"column":62}},{"start":{"line":22,"column":66},"end":{"line":22,"column":78}}],"line":22},"3":{"loc":{"start":{"line":27,"column":0},"end":{"line":29,"column":1}},"type":"if","locations":[{"start":{"line":27,"column":0},"end":{"line":29,"column":1}},{"start":{},"end":{}}],"line":27}},"s":{"0":1,"1":1,"2":1,"3":1,"4":4,"5":4,"6":1,"7":4,"8":4,"9":4,"10":4,"11":1,"12":1,"13":1,"14":3,"15":3,"16":1,"17":0,"18":0,"19":1},"f":{"0":4,"1":4,"2":0},"b":{"0":[1,3],"1":[1,3],"2":[3,0],"3":[0,1]},"_coverageSchema":"1a1c01bbd47fc00a2c39e90264f33305004495a9","hash":"36e83d7e31da55cb0b683ff642ecfbde21503214"}
,"C:\\Users\\12096\\Downloads\\ProjectSWE\\S26-CSE-333\\Adrian Games\\Game1\\js\\physics.js": {"path":"C:\\Users\\12096\\Downloads\\ProjectSWE\\S26-CSE-333\\Adrian Games\\Game1\\js\\physics.js","statementMap":{"0":{"start":{"line":4,"column":25},"end":{"line":4,"column":52}},"1":{"start":{"line":5,"column":32},"end":{"line":5,"column":73}},"2":{"start":{"line":9,"column":17},"end":{"line":9,"column":48}},"3":{"start":{"line":10,"column":17},"end":{"line":10,"column":48}},"4":{"start":{"line":11,"column":17},"end":{"line":11,"column":42}},"5":{"start":{"line":12,"column":17},"end":{"line":12,"column":42}},"6":{"start":{"line":13,"column":17},"end":{"line":13,"column":70}},"7":{"start":{"line":14,"column":17},"end":{"line":14,"column":26}},"8":{"start":{"line":15,"column":17},"end":{"line":15,"column":73}},"9":{"start":{"line":16,"column":17},"end":{"line":16,"column":73}},"10":{"start":{"line":17,"column":4},"end":{"line":17,"column":40}},"11":{"start":{"line":22,"column":4},"end":{"line":25,"column":6}},"12":{"start":{"line":29,"column":32},"end":{"line":29,"column":68}},"13":{"start":{"line":30,"column":40},"end":{"line":30,"column":85}},"14":{"start":{"line":34,"column":4},"end":{"line":34,"column":60}},"15":{"start":{"line":39,"column":14},"end":{"line":39,"column":16}},"16":{"start":{"line":39,"column":24},"end":{"line":39,"column":26}},"17":{"start":{"line":39,"column":34},"end":{"line":39,"column":36}},"18":{"start":{"line":39,"column":44},"end":{"line":39,"column":46}},"19":{"start":{"line":40,"column":4},"end":{"line":46,"column":5}},"20":{"start":{"line":41,"column":8},"end":{"line":41,"column":59}},"21":{"start":{"line":41,"column":32},"end":{"line":41,"column":59}},"22":{"start":{"line":42,"column":8},"end":{"line":42,"column":59}},"23":{"start":{"line":42,"column":32},"end":{"line":42,"column":59}},"24":{"start":{"line":44,"column":8},"end":{"line":44,"column":79}},"25":{"start":{"line":44,"column":36},"end":{"line":44,"column":64}},"26":{"start":{"line":44,"column":65},"end":{"line":44,"column":77}},"27":{"start":{"line":45,"column":8},"end":{"line":45,"column":79}},"28":{"start":{"line":45,"column":36},"end":{"line":45,"column":64}},"29":{"start":{"line":45,"column":65},"end":{"line":45,"column":77}},"30":{"start":{"line":47,"column":4},"end":{"line":47,"column":50}},"31":{"start":{"line":52,"column":17},"end":{"line":52,"column":45}},"32":{"start":{"line":53,"column":4},"end":{"line":56,"column":5}},"33":{"start":{"line":54,"column":22},"end":{"line":54,"column":40}},"34":{"start":{"line":55,"column":8},"end":{"line":55,"column":113}},"35":{"start":{"line":57,"column":4},"end":{"line":57,"column":42}},"36":{"start":{"line":62,"column":19},"end":{"line":62,"column":24}},"37":{"start":{"line":63,"column":19},"end":{"line":63,"column":24}},"38":{"start":{"line":64,"column":4},"end":{"line":64,"column":59}},"39":{"start":{"line":64,"column":35},"end":{"line":64,"column":59}},"40":{"start":{"line":65,"column":4},"end":{"line":65,"column":59}},"41":{"start":{"line":65,"column":35},"end":{"line":65,"column":59}},"42":{"start":{"line":66,"column":4},"end":{"line":66,"column":59}},"43":{"start":{"line":66,"column":35},"end":{"line":66,"column":59}},"44":{"start":{"line":67,"column":4},"end":{"line":67,"column":59}},"45":{"start":{"line":67,"column":35},"end":{"line":67,"column":59}},"46":{"start":{"line":68,"column":4},"end":{"line":68,"column":91}},"47":{"start":{"line":68,"column":67},"end":{"line":68,"column":91}},"48":{"start":{"line":69,"column":4},"end":{"line":69,"column":91}},"49":{"start":{"line":69,"column":67},"end":{"line":69,"column":91}},"50":{"start":{"line":70,"column":4},"end":{"line":70,"column":40}},"51":{"start":{"line":71,"column":4},"end":{"line":71,"column":40}},"52":{"start":{"line":72,"column":4},"end":{"line":72,"column":48}},"53":{"start":{"line":77,"column":4},"end":{"line":77,"column":48}},"54":{"start":{"line":80,"column":0},"end":{"line":80,"column":177}}},"fnMap":{"0":{"name":"degToRad","decl":{"start":{"line":4,"column":9},"end":{"line":4,"column":17}},"loc":{"start":{"line":4,"column":23},"end":{"line":4,"column":54}},"line":4},"1":{"name":"clamp","decl":{"start":{"line":5,"column":9},"end":{"line":5,"column":14}},"loc":{"start":{"line":5,"column":30},"end":{"line":5,"column":75}},"line":5},"2":{"name":"computeForces","decl":{"start":{"line":8,"column":9},"end":{"line":8,"column":22}},"loc":{"start":{"line":8,"column":50},"end":{"line":18,"column":1}},"line":8},"3":{"name":"updateVelocity","decl":{"start":{"line":21,"column":9},"end":{"line":21,"column":23}},"loc":{"start":{"line":21,"column":60},"end":{"line":26,"column":1}},"line":21},"4":{"name":"computeSpeed","decl":{"start":{"line":29,"column":9},"end":{"line":29,"column":21}},"loc":{"start":{"line":29,"column":30},"end":{"line":29,"column":70}},"line":29},"5":{"name":"computeAccel","decl":{"start":{"line":30,"column":9},"end":{"line":30,"column":21}},"loc":{"start":{"line":30,"column":38},"end":{"line":30,"column":87}},"line":30},"6":{"name":"distToGoal","decl":{"start":{"line":33,"column":9},"end":{"line":33,"column":19}},"loc":{"start":{"line":33,"column":42},"end":{"line":35,"column":1}},"line":33},"7":{"name":"checkBoundary","decl":{"start":{"line":38,"column":9},"end":{"line":38,"column":22}},"loc":{"start":{"line":38,"column":45},"end":{"line":48,"column":1}},"line":38},"8":{"name":"checkPillarCollision","decl":{"start":{"line":51,"column":9},"end":{"line":51,"column":29}},"loc":{"start":{"line":51,"column":46},"end":{"line":58,"column":1}},"line":51},"9":{"name":"applyKeyTilt","decl":{"start":{"line":61,"column":9},"end":{"line":61,"column":21}},"loc":{"start":{"line":61,"column":81},"end":{"line":73,"column":1}},"line":61},"10":{"name":"isMatchingTarget","decl":{"start":{"line":76,"column":9},"end":{"line":76,"column":25}},"loc":{"start":{"line":76,"column":52},"end":{"line":78,"column":1}},"line":76}},"branchMap":{"0":{"loc":{"start":{"line":15,"column":17},"end":{"line":15,"column":73}},"type":"cond-expr","locations":[{"start":{"line":15,"column":42},"end":{"line":15,"column":69}},{"start":{"line":15,"column":72},"end":{"line":15,"column":73}}],"line":15},"1":{"loc":{"start":{"line":16,"column":17},"end":{"line":16,"column":73}},"type":"cond-expr","locations":[{"start":{"line":16,"column":42},"end":{"line":16,"column":69}},{"start":{"line":16,"column":72},"end":{"line":16,"column":73}}],"line":16},"2":{"loc":{"start":{"line":21,"column":48},"end":{"line":21,"column":58}},"type":"default-arg","locations":[{"start":{"line":21,"column":53},"end":{"line":21,"column":58}}],"line":21},"3":{"loc":{"start":{"line":23,"column":12},"end":{"line":23,"column":60}},"type":"cond-expr","locations":[{"start":{"line":23,"column":26},"end":{"line":23,"column":35}},{"start":{"line":23,"column":38},"end":{"line":23,"column":60}}],"line":23},"4":{"loc":{"start":{"line":24,"column":12},"end":{"line":24,"column":60}},"type":"cond-expr","locations":[{"start":{"line":24,"column":26},"end":{"line":24,"column":35}},{"start":{"line":24,"column":38},"end":{"line":24,"column":60}}],"line":24},"5":{"loc":{"start":{"line":40,"column":4},"end":{"line":46,"column":5}},"type":"if","locations":[{"start":{"line":40,"column":4},"end":{"line":46,"column":5}},{"start":{"line":43,"column":11},"end":{"line":46,"column":5}}],"line":40},"6":{"loc":{"start":{"line":41,"column":8},"end":{"line":41,"column":59}},"type":"if","locations":[{"start":{"line":41,"column":8},"end":{"line":41,"column":59}},{"start":{},"end":{}}],"line":41},"7":{"loc":{"start":{"line":42,"column":8},"end":{"line":42,"column":59}},"type":"if","locations":[{"start":{"line":42,"column":8},"end":{"line":42,"column":59}},{"start":{},"end":{}}],"line":42},"8":{"loc":{"start":{"line":44,"column":8},"end":{"line":44,"column":79}},"type":"if","locations":[{"start":{"line":44,"column":8},"end":{"line":44,"column":79}},{"start":{},"end":{}}],"line":44},"9":{"loc":{"start":{"line":45,"column":8},"end":{"line":45,"column":79}},"type":"if","locations":[{"start":{"line":45,"column":8},"end":{"line":45,"column":79}},{"start":{},"end":{}}],"line":45},"10":{"loc":{"start":{"line":53,"column":4},"end":{"line":56,"column":5}},"type":"if","locations":[{"start":{"line":53,"column":4},"end":{"line":56,"column":5}},{"start":{},"end":{}}],"line":53},"11":{"loc":{"start":{"line":61,"column":42},"end":{"line":61,"column":59}},"type":"default-arg","locations":[{"start":{"line":61,"column":56},"end":{"line":61,"column":59}}],"line":61},"12":{"loc":{"start":{"line":61,"column":61},"end":{"line":61,"column":79}},"type":"default-arg","locations":[{"start":{"line":61,"column":75},"end":{"line":61,"column":79}}],"line":61},"13":{"loc":{"start":{"line":64,"column":4},"end":{"line":64,"column":59}},"type":"if","locations":[{"start":{"line":64,"column":4},"end":{"line":64,"column":59}},{"start":{},"end":{}}],"line":64},"14":{"loc":{"start":{"line":64,"column":8},"end":{"line":64,"column":32}},"type":"binary-expr","locations":[{"start":{"line":64,"column":8},"end":{"line":64,"column":22}},{"start":{"line":64,"column":26},"end":{"line":64,"column":32}}],"line":64},"15":{"loc":{"start":{"line":65,"column":4},"end":{"line":65,"column":59}},"type":"if","locations":[{"start":{"line":65,"column":4},"end":{"line":65,"column":59}},{"start":{},"end":{}}],"line":65},"16":{"loc":{"start":{"line":65,"column":8},"end":{"line":65,"column":33}},"type":"binary-expr","locations":[{"start":{"line":65,"column":8},"end":{"line":65,"column":23}},{"start":{"line":65,"column":27},"end":{"line":65,"column":33}}],"line":65},"17":{"loc":{"start":{"line":66,"column":4},"end":{"line":66,"column":59}},"type":"if","locations":[{"start":{"line":66,"column":4},"end":{"line":66,"column":59}},{"start":{},"end":{}}],"line":66},"18":{"loc":{"start":{"line":66,"column":8},"end":{"line":66,"column":30}},"type":"binary-expr","locations":[{"start":{"line":66,"column":8},"end":{"line":66,"column":20}},{"start":{"line":66,"column":24},"end":{"line":66,"column":30}}],"line":66},"19":{"loc":{"start":{"line":67,"column":4},"end":{"line":67,"column":59}},"type":"if","locations":[{"start":{"line":67,"column":4},"end":{"line":67,"column":59}},{"start":{},"end":{}}],"line":67},"20":{"loc":{"start":{"line":67,"column":8},"end":{"line":67,"column":32}},"type":"binary-expr","locations":[{"start":{"line":67,"column":8},"end":{"line":67,"column":22}},{"start":{"line":67,"column":26},"end":{"line":67,"column":32}}],"line":67},"21":{"loc":{"start":{"line":68,"column":4},"end":{"line":68,"column":91}},"type":"if","locations":[{"start":{"line":68,"column":4},"end":{"line":68,"column":91}},{"start":{},"end":{}}],"line":68},"22":{"loc":{"start":{"line":68,"column":8},"end":{"line":68,"column":65}},"type":"binary-expr","locations":[{"start":{"line":68,"column":8},"end":{"line":68,"column":23}},{"start":{"line":68,"column":27},"end":{"line":68,"column":43}},{"start":{"line":68,"column":47},"end":{"line":68,"column":54}},{"start":{"line":68,"column":58},"end":{"line":68,"column":65}}],"line":68},"23":{"loc":{"start":{"line":69,"column":4},"end":{"line":69,"column":91}},"type":"if","locations":[{"start":{"line":69,"column":4},"end":{"line":69,"column":91}},{"start":{},"end":{}}],"line":69},"24":{"loc":{"start":{"line":69,"column":8},"end":{"line":69,"column":62}},"type":"binary-expr","locations":[{"start":{"line":69,"column":8},"end":{"line":69,"column":21}},{"start":{"line":69,"column":25},"end":{"line":69,"column":40}},{"start":{"line":69,"column":44},"end":{"line":69,"column":51}},{"start":{"line":69,"column":55},"end":{"line":69,"column":62}}],"line":69}},"s":{"0":13,"1":29,"2":6,"3":6,"4":6,"5":6,"6":6,"7":6,"8":6,"9":6,"10":6,"11":3,"12":2,"13":2,"14":3,"15":3,"16":3,"17":3,"18":3,"19":3,"20":1,"21":1,"22":1,"23":0,"24":2,"25":1,"26":1,"27":2,"28":0,"29":0,"30":3,"31":3,"32":3,"33":2,"34":2,"35":1,"36":7,"37":7,"38":7,"39":1,"40":7,"41":4,"42":7,"43":1,"44":7,"45":0,"46":7,"47":2,"48":7,"49":6,"50":7,"51":7,"52":7,"53":4,"54":1},"f":{"0":13,"1":29,"2":6,"3":3,"4":2,"5":2,"6":3,"7":3,"8":3,"9":7,"10":4},"b":{"0":[4,2],"1":[0,6],"2":[3],"3":[2,1],"4":[3,0],"5":[1,2],"6":[1,0],"7":[0,1],"8":[1,1],"9":[0,2],"10":[2,1],"11":[7],"12":[7],"13":[1,6],"14":[7,6],"15":[4,3],"16":[7,4],"17":[1,6],"18":[7,6],"19":[0,7],"20":[7,7],"21":[2,5],"22":[7,6,3,3],"23":[6,1],"24":[7,6,6,6]},"_coverageSchema":"1a1c01bbd47fc00a2c39e90264f33305004495a9","hash":"49ec04094542a615ad108f781bb5fba1d0d05d55"}
}
