TN:
SF:server.js
FN:5,(anonymous_0)
FN:20,(anonymous_1)
FN:28,(anonymous_2)
FNF:3
FNH:2
FNDA:4,(anonymous_0)
FNDA:4,(anonymous_1)
FNDA:0,(anonymous_2)
DA:1,1
DA:2,1
DA:3,1
DA:5,1
DA:6,4
DA:7,4
DA:9,4
DA:10,4
DA:20,4
DA:21,4
DA:22,3
DA:23,3
DA:27,1
DA:28,0
DA:31,1
LF:15
LH:14
BRDA:7,0,0,1
BRDA:7,0,1,3
BRDA:21,1,0,1
BRDA:21,1,1,3
BRDA:22,2,0,3
BRDA:22,2,1,0
BRDA:27,3,0,0
BRDA:27,3,1,1
BRF:8
BRH:6
end_of_record
TN:
SF:js\physics.js
FN:4,degToRad
FN:5,clamp
FN:8,computeForces
FN:21,updateVelocity
FN:29,computeSpeed
FN:30,computeAccel
FN:33,distToGoal
FN:38,checkBoundary
FN:51,checkPillarCollision
FN:61,applyKeyTilt
FN:76,isMatchingTarget
FNF:11
FNH:11
FNDA:13,degToRad
FNDA:29,clamp
FNDA:6,computeForces
FNDA:3,updateVelocity
FNDA:2,computeSpeed
FNDA:2,computeAccel
FNDA:3,distToGoal
FNDA:3,checkBoundary
FNDA:3,checkPillarCollision
FNDA:7,applyKeyTilt
FNDA:4,isMatchingTarget
DA:4,13
DA:5,29
DA:9,6
DA:10,6
DA:11,6
DA:12,6
DA:13,6
DA:14,6
DA:15,6
DA:16,6
DA:17,6
DA:22,3
DA:29,2
DA:30,2
DA:34,3
DA:39,3
DA:40,3
DA:41,1
DA:42,1
DA:44,2
DA:45,2
DA:47,3
DA:52,3
DA:53,3
DA:54,2
DA:55,2
DA:57,1
DA:62,7
DA:63,7
DA:64,7
DA:65,7
DA:66,7
DA:67,7
DA:68,7
DA:69,7
DA:70,7
DA:71,7
DA:72,7
DA:77,4
DA:80,1
LF:40
LH:40
BRDA:15,0,0,4
BRDA:15,0,1,2
BRDA:16,1,0,0
BRDA:16,1,1,6
BRDA:21,2,0,3
BRDA:23,3,0,2
BRDA:23,3,1,1
BRDA:24,4,0,3
BRDA:24,4,1,0
BRDA:40,5,0,1
BRDA:40,5,1,2
BRDA:41,6,0,1
BRDA:41,6,1,0
BRDA:42,7,0,0
BRDA:42,7,1,1
BRDA:44,8,0,1
BRDA:44,8,1,1
BRDA:45,9,0,0
BRDA:45,9,1,2
BRDA:53,10,0,2
BRDA:53,10,1,1
BRDA:61,11,0,7
BRDA:61,12,0,7
BRDA:64,13,0,1
BRDA:64,13,1,6
BRDA:64,14,0,7
BRDA:64,14,1,6
BRDA:65,15,0,4
BRDA:65,15,1,3
BRDA:65,16,0,7
BRDA:65,16,1,4
BRDA:66,17,0,1
BRDA:66,17,1,6
BRDA:66,18,0,7
BRDA:66,18,1,6
BRDA:67,19,0,0
BRDA:67,19,1,7
BRDA:67,20,0,7
BRDA:67,20,1,7
BRDA:68,21,0,2
BRDA:68,21,1,5
BRDA:68,22,0,7
BRDA:68,22,1,6
BRDA:68,22,2,3
BRDA:68,22,3,3
BRDA:69,23,0,6
BRDA:69,23,1,1
BRDA:69,24,0,7
BRDA:69,24,1,6
BRDA:69,24,2,6
BRDA:69,24,3,6
BRF:51
BRH:45
end_of_record
