TN:
SF:src\fourierGame.js
FN:8,randomRounded
FN:15,generateWave
FN:25,generateComposite
FN:28,(anonymous_3)
FN:59,getDifficultyForScore
FN:85,applyDifficulty
FN:87,(anonymous_6)
FN:88,(anonymous_7)
FN:97,(anonymous_8)
FN:109,checkSolution
FN:111,(anonymous_10)
FN:113,(anonymous_11)
FN:129,computeMaxAmplitude
FN:130,(anonymous_13)
FN:137,makeSubwave
FN:142,makeRealwave
FNF:16
FNH:16
FNDA:831,randomRounded
FNDA:27,generateWave
FNDA:17,generateComposite
FNDA:20,(anonymous_3)
FNDA:28,getDifficultyForScore
FNDA:118,applyDifficulty
FNDA:472,(anonymous_6)
FNDA:472,(anonymous_7)
FNDA:472,(anonymous_8)
FNDA:11,checkSolution
FNDA:20,(anonymous_10)
FNDA:27,(anonymous_11)
FNDA:4,computeMaxAmplitude
FNDA:7,(anonymous_13)
FNDA:44,makeSubwave
FNDA:44,makeRealwave
DA:9,831
DA:10,831
DA:11,831
DA:16,27
DA:18,26
DA:20,1
DA:26,17
DA:28,17
DA:29,20
DA:30,17
DA:33,17
DA:41,1
DA:61,28
DA:62,28
DA:64,1
DA:66,27
DA:67,2
DA:68,3
DA:69,3
DA:70,4
DA:71,3
DA:72,3
DA:73,3
DA:74,3
DA:75,3
DA:76,0
DA:87,472
DA:88,472
DA:91,118
DA:92,120
DA:93,120
DA:97,118
DA:98,472
DA:99,120
DA:100,120
DA:101,120
DA:104,118
DA:110,11
DA:111,11
DA:112,20
DA:113,13
DA:114,27
DA:115,19
DA:116,19
DA:117,19
DA:118,19
DA:121,11
DA:130,7
DA:138,44
DA:143,44
DA:148,1
LF:51
LH:50
BRDA:16,0,0,26
BRDA:16,0,1,1
BRDA:29,1,0,17
BRDA:29,1,1,3
BRDA:62,2,0,1
BRDA:62,2,1,27
BRDA:66,3,0,2
BRDA:66,3,1,3
BRDA:66,3,2,3
BRDA:66,3,3,4
BRDA:66,3,4,3
BRDA:66,3,5,3
BRDA:66,3,6,3
BRDA:66,3,7,3
BRDA:66,3,8,3
BRDA:66,3,9,0
BRDA:98,4,0,352
BRDA:98,4,1,120
BRDA:99,5,0,119
BRDA:99,5,1,1
BRDA:100,6,0,36
BRDA:100,6,1,84
BRDA:101,7,0,31
BRDA:101,7,1,89
BRDA:112,8,0,7
BRDA:112,8,1,13
BRDA:114,9,0,8
BRDA:114,9,1,19
BRDA:118,10,0,7
BRDA:118,10,1,12
BRDA:118,11,0,19
BRDA:118,11,1,9
BRDA:118,11,2,8
BRDA:130,12,0,4
BRDA:130,12,1,3
BRDA:137,13,0,0
BRF:36
BRH:34
end_of_record
