{"C:\\Users\\12096\\Downloads\\ProjectSWE\\S26-CSE-333\\Adrian Games\\Game2\\server.js": {"path":"C:\\Users\\12096\\Downloads\\ProjectSWE\\S26-CSE-333\\Adrian Games\\Game2\\server.js","statementMap":{"0":{"start":{"line":1,"column":13},"end":{"line":1,"column":28}},"1":{"start":{"line":2,"column":11},"end":{"line":2,"column":24}},"2":{"start":{"line":3,"column":13},"end":{"line":3,"column":28}},"3":{"start":{"line":4,"column":0},"end":{"line":4,"column":27}},"4":{"start":{"line":6,"column":15},"end":{"line":75,"column":2}},"5":{"start":{"line":9,"column":4},"end":{"line":34,"column":5}},"6":{"start":{"line":10,"column":23},"end":{"line":10,"column":36}},"7":{"start":{"line":11,"column":8},"end":{"line":11,"column":55}},"8":{"start":{"line":11,"column":30},"end":{"line":11,"column":55}},"9":{"start":{"line":13,"column":20},"end":{"line":13,"column":42}},"10":{"start":{"line":14,"column":29},"end":{"line":23,"column":9}},"11":{"start":{"line":25,"column":8},"end":{"line":33,"column":11}},"12":{"start":{"line":26,"column":12},"end":{"line":30,"column":13}},"13":{"start":{"line":27,"column":16},"end":{"line":27,"column":35}},"14":{"start":{"line":28,"column":16},"end":{"line":28,"column":37}},"15":{"start":{"line":29,"column":16},"end":{"line":29,"column":23}},"16":{"start":{"line":31,"column":12},"end":{"line":31,"column":86}},"17":{"start":{"line":32,"column":12},"end":{"line":32,"column":26}},"18":{"start":{"line":37,"column":4},"end":{"line":74,"column":5}},"19":{"start":{"line":38,"column":19},"end":{"line":38,"column":21}},"20":{"start":{"line":39,"column":8},"end":{"line":39,"column":47}},"21":{"start":{"line":39,"column":32},"end":{"line":39,"column":45}},"22":{"start":{"line":40,"column":8},"end":{"line":73,"column":11}},"23":{"start":{"line":41,"column":12},"end":{"line":72,"column":13}},"24":{"start":{"line":42,"column":36},"end":{"line":42,"column":52}},"25":{"start":{"line":44,"column":33},"end":{"line":62,"column":18}},"26":{"start":{"line":64,"column":29},"end":{"line":64,"column":50}},"27":{"start":{"line":65,"column":16},"end":{"line":65,"column":75}},"28":{"start":{"line":66,"column":16},"end":{"line":66,"column":72}},"29":{"start":{"line":69,"column":16},"end":{"line":69,"column":45}},"30":{"start":{"line":70,"column":16},"end":{"line":70,"column":75}},"31":{"start":{"line":71,"column":16},"end":{"line":71,"column":75}},"32":{"start":{"line":77,"column":0},"end":{"line":82,"column":1}},"33":{"start":{"line":78,"column":4},"end":{"line":81,"column":7}},"34":{"start":{"line":79,"column":8},"end":{"line":79,"column":63}},"35":{"start":{"line":80,"column":8},"end":{"line":80,"column":78}},"36":{"start":{"line":84,"column":0},"end":{"line":84,"column":24}}},"fnMap":{"0":{"name":"(anonymous_0)","decl":{"start":{"line":6,"column":33},"end":{"line":6,"column":34}},"loc":{"start":{"line":6,"column":53},"end":{"line":75,"column":1}},"line":6},"1":{"name":"(anonymous_1)","decl":{"start":{"line":25,"column":30},"end":{"line":25,"column":31}},"loc":{"start":{"line":25,"column":45},"end":{"line":33,"column":9}},"line":25},"2":{"name":"(anonymous_2)","decl":{"start":{"line":39,"column":23},"end":{"line":39,"column":24}},"loc":{"start":{"line":39,"column":32},"end":{"line":39,"column":45}},"line":39},"3":{"name":"(anonymous_3)","decl":{"start":{"line":40,"column":22},"end":{"line":40,"column":23}},"loc":{"start":{"line":40,"column":34},"end":{"line":73,"column":9}},"line":40},"4":{"name":"(anonymous_4)","decl":{"start":{"line":78,"column":24},"end":{"line":78,"column":25}},"loc":{"start":{"line":78,"column":30},"end":{"line":81,"column":5}},"line":78}},"branchMap":{"0":{"loc":{"start":{"line":9,"column":4},"end":{"line":34,"column":5}},"type":"if","locations":[{"start":{"line":9,"column":4},"end":{"line":34,"column":5}},{"start":{},"end":{}}],"line":9},"1":{"loc":{"start":{"line":11,"column":8},"end":{"line":11,"column":55}},"type":"if","locations":[{"start":{"line":11,"column":8},"end":{"line":11,"column":55}},{"start":{},"end":{}}],"line":11},"2":{"loc":{"start":{"line":26,"column":12},"end":{"line":30,"column":13}},"type":"if","locations":[{"start":{"line":26,"column":12},"end":{"line":30,"column":13}},{"start":{},"end":{}}],"line":26},"3":{"loc":{"start":{"line":31,"column":49},"end":{"line":31,"column":82}},"type":"binary-expr","locations":[{"start":{"line":31,"column":49},"end":{"line":31,"column":66}},{"start":{"line":31,"column":70},"end":{"line":31,"column":82}}],"line":31},"4":{"loc":{"start":{"line":37,"column":4},"end":{"line":74,"column":5}},"type":"if","locations":[{"start":{"line":37,"column":4},"end":{"line":74,"column":5}},{"start":{},"end":{}}],"line":37},"5":{"loc":{"start":{"line":37,"column":7},"end":{"line":37,"column":55}},"type":"binary-expr","locations":[{"start":{"line":37,"column":7},"end":{"line":37,"column":28}},{"start":{"line":37,"column":32},"end":{"line":37,"column":55}}],"line":37},"6":{"loc":{"start":{"line":77,"column":0},"end":{"line":82,"column":1}},"type":"if","locations":[{"start":{"line":77,"column":0},"end":{"line":82,"column":1}},{"start":{},"end":{}}],"line":77},"7":{"loc":{"start":{"line":80,"column":39},"end":{"line":80,"column":76}},"type":"cond-expr","locations":[{"start":{"line":80,"column":60},"end":{"line":80,"column":67}},{"start":{"line":80,"column":70},"end":{"line":80,"column":76}}],"line":80}},"s":{"0":1,"1":1,"2":1,"3":1,"4":1,"5":3,"6":1,"7":1,"8":1,"9":1,"10":1,"11":1,"12":1,"13":0,"14":0,"15":0,"16":1,"17":1,"18":3,"19":2,"20":2,"21":2,"22":2,"23":2,"24":2,"25":1,"26":1,"27":1,"28":1,"29":1,"30":1,"31":1,"32":1,"33":0,"34":0,"35":0,"36":1},"f":{"0":3,"1":1,"2":2,"3":2,"4":0},"b":{"0":[1,2],"1":[1,0],"2":[0,1],"3":[1,0],"4":[2,1],"5":[3,2],"6":[0,1],"7":[0,0]},"_coverageSchema":"1a1c01bbd47fc00a2c39e90264f33305004495a9","hash":"8bc1d9f30001ead1de446a000ca212d27172e107"}
,"C:\\Users\\12096\\Downloads\\ProjectSWE\\S26-CSE-333\\Adrian Games\\Game2\\api\\hint.js": {"path":"C:\\Users\\12096\\Downloads\\ProjectSWE\\S26-CSE-333\\Adrian Games\\Game2\\api\\hint.js","statementMap":{"0":{"start":{"line":3,"column":4},"end":{"line":5,"column":5}},"1":{"start":{"line":4,"column":8},"end":{"line":4,"column":69}},"2":{"start":{"line":7,"column":4},"end":{"line":51,"column":5}},"3":{"start":{"line":8,"column":28},"end":{"line":8,"column":36}},"4":{"start":{"line":10,"column":8},"end":{"line":12,"column":9}},"5":{"start":{"line":11,"column":12},"end":{"line":11,"column":70}},"6":{"start":{"line":14,"column":25},"end":{"line":39,"column":10}},"7":{"start":{"line":41,"column":8},"end":{"line":43,"column":9}},"8":{"start":{"line":42,"column":12},"end":{"line":42,"column":71}},"9":{"start":{"line":45,"column":21},"end":{"line":45,"column":42}},"10":{"start":{"line":46,"column":8},"end":{"line":46,"column":61}},"11":{"start":{"line":49,"column":8},"end":{"line":49,"column":44}},"12":{"start":{"line":50,"column":8},"end":{"line":50,"column":64}}},"fnMap":{"0":{"name":"handler","decl":{"start":{"line":1,"column":30},"end":{"line":1,"column":37}},"loc":{"start":{"line":1,"column":48},"end":{"line":52,"column":1}},"line":1}},"branchMap":{"0":{"loc":{"start":{"line":3,"column":4},"end":{"line":5,"column":5}},"type":"if","locations":[{"start":{"line":3,"column":4},"end":{"line":5,"column":5}},{"start":{},"end":{}}],"line":3},"1":{"loc":{"start":{"line":10,"column":8},"end":{"line":12,"column":9}},"type":"if","locations":[{"start":{"line":10,"column":8},"end":{"line":12,"column":9}},{"start":{},"end":{}}],"line":10},"2":{"loc":{"start":{"line":41,"column":8},"end":{"line":43,"column":9}},"type":"if","locations":[{"start":{"line":41,"column":8},"end":{"line":43,"column":9}},{"start":{},"end":{}}],"line":41}},"s":{"0":4,"1":1,"2":3,"3":3,"4":3,"5":1,"6":2,"7":1,"8":0,"9":1,"10":1,"11":1,"12":1},"f":{"0":4},"b":{"0":[1,3],"1":[1,2],"2":[0,1]},"_coverageSchema":"1a1c01bbd47fc00a2c39e90264f33305004495a9","hash":"4ad9c56474f78416e3e030789c36610f7505042e"}
,"C:\\Users\\12096\\Downloads\\ProjectSWE\\S26-CSE-333\\Adrian Games\\Game2\\js\\logic.js": {"path":"C:\\Users\\12096\\Downloads\\ProjectSWE\\S26-CSE-333\\Adrian Games\\Game2\\js\\logic.js","statementMap":{"0":{"start":{"line":7,"column":19},"end":{"line":10,"column":5}},"1":{"start":{"line":8,"column":22},"end":{"line":8,"column":54}},"2":{"start":{"line":8,"column":38},"end":{"line":8,"column":53}},"3":{"start":{"line":9,"column":8},"end":{"line":9,"column":54}},"4":{"start":{"line":14,"column":4},"end":{"line":55,"column":5}},"5":{"start":{"line":15,"column":18},"end":{"line":15,"column":55}},"6":{"start":{"line":16,"column":18},"end":{"line":16,"column":56}},"7":{"start":{"line":17,"column":8},"end":{"line":17,"column":53}},"8":{"start":{"line":17,"column":38},"end":{"line":17,"column":53}},"9":{"start":{"line":19,"column":11},"end":{"line":55,"column":5}},"10":{"start":{"line":20,"column":18},"end":{"line":20,"column":57}},"11":{"start":{"line":21,"column":18},"end":{"line":21,"column":58}},"12":{"start":{"line":22,"column":8},"end":{"line":22,"column":53}},"13":{"start":{"line":22,"column":38},"end":{"line":22,"column":53}},"14":{"start":{"line":24,"column":11},"end":{"line":55,"column":5}},"15":{"start":{"line":25,"column":22},"end":{"line":25,"column":65}},"16":{"start":{"line":26,"column":8},"end":{"line":26,"column":87}},"17":{"start":{"line":26,"column":50},"end":{"line":26,"column":82}},"18":{"start":{"line":28,"column":11},"end":{"line":55,"column":5}},"19":{"start":{"line":29,"column":23},"end":{"line":29,"column":63}},"20":{"start":{"line":29,"column":38},"end":{"line":29,"column":62}},"21":{"start":{"line":30,"column":8},"end":{"line":36,"column":9}},"22":{"start":{"line":31,"column":27},"end":{"line":31,"column":48}},"23":{"start":{"line":32,"column":12},"end":{"line":32,"column":93}},"24":{"start":{"line":32,"column":40},"end":{"line":32,"column":93}},"25":{"start":{"line":33,"column":15},"end":{"line":36,"column":9}},"26":{"start":{"line":34,"column":29},"end":{"line":34,"column":35}},"27":{"start":{"line":35,"column":12},"end":{"line":35,"column":60}},"28":{"start":{"line":35,"column":29},"end":{"line":35,"column":60}},"29":{"start":{"line":38,"column":11},"end":{"line":55,"column":5}},"30":{"start":{"line":39,"column":18},"end":{"line":39,"column":34}},"31":{"start":{"line":40,"column":18},"end":{"line":40,"column":37}},"32":{"start":{"line":41,"column":18},"end":{"line":41,"column":36}},"33":{"start":{"line":42,"column":18},"end":{"line":42,"column":59}},"34":{"start":{"line":43,"column":8},"end":{"line":45,"column":58}},"35":{"start":{"line":43,"column":24},"end":{"line":43,"column":35}},"36":{"start":{"line":44,"column":13},"end":{"line":45,"column":58}},"37":{"start":{"line":44,"column":43},"end":{"line":44,"column":58}},"38":{"start":{"line":45,"column":13},"end":{"line":45,"column":58}},"39":{"start":{"line":45,"column":43},"end":{"line":45,"column":58}},"40":{"start":{"line":47,"column":11},"end":{"line":55,"column":5}},"41":{"start":{"line":48,"column":8},"end":{"line":48,"column":34}},"42":{"start":{"line":50,"column":11},"end":{"line":55,"column":5}},"43":{"start":{"line":51,"column":20},"end":{"line":51,"column":55}},"44":{"start":{"line":52,"column":20},"end":{"line":52,"column":55}},"45":{"start":{"line":53,"column":20},"end":{"line":53,"column":33}},"46":{"start":{"line":54,"column":8},"end":{"line":54,"column":86}},"47":{"start":{"line":54,"column":56},"end":{"line":54,"column":86}},"48":{"start":{"line":57,"column":4},"end":{"line":57,"column":18}},"49":{"start":{"line":62,"column":4},"end":{"line":62,"column":67}},"50":{"start":{"line":67,"column":4},"end":{"line":71,"column":6}},"51":{"start":{"line":76,"column":17},"end":{"line":76,"column":33}},"52":{"start":{"line":77,"column":4},"end":{"line":77,"column":45}},"53":{"start":{"line":83,"column":21},"end":{"line":83,"column":52}},"54":{"start":{"line":83,"column":38},"end":{"line":83,"column":51}},"55":{"start":{"line":84,"column":4},"end":{"line":99,"column":5}},"56":{"start":{"line":85,"column":8},"end":{"line":88,"column":71}},"57":{"start":{"line":89,"column":11},"end":{"line":99,"column":5}},"58":{"start":{"line":90,"column":8},"end":{"line":93,"column":86}},"59":{"start":{"line":95,"column":8},"end":{"line":98,"column":56}},"60":{"start":{"line":104,"column":19},"end":{"line":104,"column":103}},"61":{"start":{"line":104,"column":52},"end":{"line":104,"column":102}},"62":{"start":{"line":105,"column":4},"end":{"line":105,"column":41}},"63":{"start":{"line":105,"column":29},"end":{"line":105,"column":41}},"64":{"start":{"line":106,"column":18},"end":{"line":106,"column":90}},"65":{"start":{"line":106,"column":42},"end":{"line":106,"column":89}},"66":{"start":{"line":107,"column":18},"end":{"line":107,"column":90}},"67":{"start":{"line":107,"column":42},"end":{"line":107,"column":89}},"68":{"start":{"line":108,"column":4},"end":{"line":108,"column":27}},"69":{"start":{"line":111,"column":0},"end":{"line":111,"column":116}}},"fnMap":{"0":{"name":"calculateResult","decl":{"start":{"line":6,"column":9},"end":{"line":6,"column":24}},"loc":{"start":{"line":6,"column":39},"end":{"line":58,"column":1}},"line":6},"1":{"name":"(anonymous_1)","decl":{"start":{"line":7,"column":19},"end":{"line":7,"column":20}},"loc":{"start":{"line":7,"column":29},"end":{"line":10,"column":5}},"line":7},"2":{"name":"(anonymous_2)","decl":{"start":{"line":8,"column":33},"end":{"line":8,"column":34}},"loc":{"start":{"line":8,"column":38},"end":{"line":8,"column":53}},"line":8},"3":{"name":"(anonymous_3)","decl":{"start":{"line":26,"column":38},"end":{"line":26,"column":39}},"loc":{"start":{"line":26,"column":50},"end":{"line":26,"column":82}},"line":26},"4":{"name":"(anonymous_4)","decl":{"start":{"line":29,"column":33},"end":{"line":29,"column":34}},"loc":{"start":{"line":29,"column":38},"end":{"line":29,"column":62}},"line":29},"5":{"name":"isCorrectAnswer","decl":{"start":{"line":61,"column":9},"end":{"line":61,"column":24}},"loc":{"start":{"line":61,"column":41},"end":{"line":63,"column":1}},"line":61},"6":{"name":"createInitialStats","decl":{"start":{"line":66,"column":9},"end":{"line":66,"column":27}},"loc":{"start":{"line":66,"column":30},"end":{"line":72,"column":1}},"line":66},"7":{"name":"getNextLevel","decl":{"start":{"line":75,"column":9},"end":{"line":75,"column":21}},"loc":{"start":{"line":75,"column":49},"end":{"line":78,"column":1}},"line":75},"8":{"name":"buildPrompt","decl":{"start":{"line":82,"column":9},"end":{"line":82,"column":20}},"loc":{"start":{"line":82,"column":42},"end":{"line":100,"column":1}},"line":82},"9":{"name":"(anonymous_9)","decl":{"start":{"line":83,"column":33},"end":{"line":83,"column":34}},"loc":{"start":{"line":83,"column":38},"end":{"line":83,"column":51}},"line":83},"10":{"name":"findBestWorst","decl":{"start":{"line":103,"column":9},"end":{"line":103,"column":22}},"loc":{"start":{"line":103,"column":30},"end":{"line":109,"column":1}},"line":103},"11":{"name":"(anonymous_11)","decl":{"start":{"line":104,"column":45},"end":{"line":104,"column":46}},"loc":{"start":{"line":104,"column":52},"end":{"line":104,"column":102}},"line":104},"12":{"name":"(anonymous_12)","decl":{"start":{"line":106,"column":32},"end":{"line":106,"column":33}},"loc":{"start":{"line":106,"column":42},"end":{"line":106,"column":89}},"line":106},"13":{"name":"(anonymous_13)","decl":{"start":{"line":107,"column":32},"end":{"line":107,"column":33}},"loc":{"start":{"line":107,"column":42},"end":{"line":107,"column":89}},"line":107}},"branchMap":{"0":{"loc":{"start":{"line":9,"column":15},"end":{"line":9,"column":53}},"type":"cond-expr","locations":[{"start":{"line":9,"column":23},"end":{"line":9,"column":46}},{"start":{"line":9,"column":49},"end":{"line":9,"column":53}}],"line":9},"1":{"loc":{"start":{"line":14,"column":4},"end":{"line":55,"column":5}},"type":"if","locations":[{"start":{"line":14,"column":4},"end":{"line":55,"column":5}},{"start":{"line":19,"column":11},"end":{"line":55,"column":5}}],"line":14},"2":{"loc":{"start":{"line":15,"column":18},"end":{"line":15,"column":55}},"type":"binary-expr","locations":[{"start":{"line":15,"column":18},"end":{"line":15,"column":31}},{"start":{"line":15,"column":38},"end":{"line":15,"column":55}}],"line":15},"3":{"loc":{"start":{"line":16,"column":18},"end":{"line":16,"column":56}},"type":"binary-expr","locations":[{"start":{"line":16,"column":18},"end":{"line":16,"column":34}},{"start":{"line":16,"column":38},"end":{"line":16,"column":56}}],"line":16},"4":{"loc":{"start":{"line":17,"column":8},"end":{"line":17,"column":53}},"type":"if","locations":[{"start":{"line":17,"column":8},"end":{"line":17,"column":53}},{"start":{},"end":{}}],"line":17},"5":{"loc":{"start":{"line":17,"column":12},"end":{"line":17,"column":36}},"type":"binary-expr","locations":[{"start":{"line":17,"column":12},"end":{"line":17,"column":22}},{"start":{"line":17,"column":26},"end":{"line":17,"column":36}}],"line":17},"6":{"loc":{"start":{"line":19,"column":11},"end":{"line":55,"column":5}},"type":"if","locations":[{"start":{"line":19,"column":11},"end":{"line":55,"column":5}},{"start":{"line":24,"column":11},"end":{"line":55,"column":5}}],"line":19},"7":{"loc":{"start":{"line":20,"column":18},"end":{"line":20,"column":57}},"type":"binary-expr","locations":[{"start":{"line":20,"column":18},"end":{"line":20,"column":36}},{"start":{"line":20,"column":40},"end":{"line":20,"column":57}}],"line":20},"8":{"loc":{"start":{"line":21,"column":18},"end":{"line":21,"column":58}},"type":"binary-expr","locations":[{"start":{"line":21,"column":18},"end":{"line":21,"column":34}},{"start":{"line":21,"column":40},"end":{"line":21,"column":58}}],"line":21},"9":{"loc":{"start":{"line":22,"column":8},"end":{"line":22,"column":53}},"type":"if","locations":[{"start":{"line":22,"column":8},"end":{"line":22,"column":53}},{"start":{},"end":{}}],"line":22},"10":{"loc":{"start":{"line":22,"column":12},"end":{"line":22,"column":36}},"type":"binary-expr","locations":[{"start":{"line":22,"column":12},"end":{"line":22,"column":22}},{"start":{"line":22,"column":26},"end":{"line":22,"column":36}}],"line":22},"11":{"loc":{"start":{"line":24,"column":11},"end":{"line":55,"column":5}},"type":"if","locations":[{"start":{"line":24,"column":11},"end":{"line":55,"column":5}},{"start":{"line":28,"column":11},"end":{"line":55,"column":5}}],"line":24},"12":{"loc":{"start":{"line":25,"column":23},"end":{"line":25,"column":41}},"type":"binary-expr","locations":[{"start":{"line":25,"column":23},"end":{"line":25,"column":36}},{"start":{"line":25,"column":40},"end":{"line":25,"column":41}}],"line":25},"13":{"loc":{"start":{"line":25,"column":46},"end":{"line":25,"column":64}},"type":"binary-expr","locations":[{"start":{"line":25,"column":46},"end":{"line":25,"column":59}},{"start":{"line":25,"column":63},"end":{"line":25,"column":64}}],"line":25},"14":{"loc":{"start":{"line":26,"column":57},"end":{"line":26,"column":81}},"type":"binary-expr","locations":[{"start":{"line":26,"column":57},"end":{"line":26,"column":76}},{"start":{"line":26,"column":80},"end":{"line":26,"column":81}}],"line":26},"15":{"loc":{"start":{"line":28,"column":11},"end":{"line":55,"column":5}},"type":"if","locations":[{"start":{"line":28,"column":11},"end":{"line":55,"column":5}},{"start":{"line":38,"column":11},"end":{"line":55,"column":5}}],"line":28},"16":{"loc":{"start":{"line":29,"column":38},"end":{"line":29,"column":62}},"type":"binary-expr","locations":[{"start":{"line":29,"column":38},"end":{"line":29,"column":57}},{"start":{"line":29,"column":61},"end":{"line":29,"column":62}}],"line":29},"17":{"loc":{"start":{"line":30,"column":8},"end":{"line":36,"column":9}},"type":"if","locations":[{"start":{"line":30,"column":8},"end":{"line":36,"column":9}},{"start":{"line":33,"column":15},"end":{"line":36,"column":9}}],"line":30},"18":{"loc":{"start":{"line":32,"column":12},"end":{"line":32,"column":93}},"type":"if","locations":[{"start":{"line":32,"column":12},"end":{"line":32,"column":93}},{"start":{},"end":{}}],"line":32},"19":{"loc":{"start":{"line":33,"column":15},"end":{"line":36,"column":9}},"type":"if","locations":[{"start":{"line":33,"column":15},"end":{"line":36,"column":9}},{"start":{},"end":{}}],"line":33},"20":{"loc":{"start":{"line":35,"column":12},"end":{"line":35,"column":60}},"type":"if","locations":[{"start":{"line":35,"column":12},"end":{"line":35,"column":60}},{"start":{},"end":{}}],"line":35},"21":{"loc":{"start":{"line":38,"column":11},"end":{"line":55,"column":5}},"type":"if","locations":[{"start":{"line":38,"column":11},"end":{"line":55,"column":5}},{"start":{"line":47,"column":11},"end":{"line":55,"column":5}}],"line":38},"22":{"loc":{"start":{"line":42,"column":18},"end":{"line":42,"column":59}},"type":"binary-expr","locations":[{"start":{"line":42,"column":18},"end":{"line":42,"column":37}},{"start":{"line":42,"column":41},"end":{"line":42,"column":59}}],"line":42},"23":{"loc":{"start":{"line":43,"column":8},"end":{"line":45,"column":58}},"type":"if","locations":[{"start":{"line":43,"column":8},"end":{"line":45,"column":58}},{"start":{"line":44,"column":13},"end":{"line":45,"column":58}}],"line":43},"24":{"loc":{"start":{"line":44,"column":13},"end":{"line":45,"column":58}},"type":"if","locations":[{"start":{"line":44,"column":13},"end":{"line":45,"column":58}},{"start":{"line":45,"column":13},"end":{"line":45,"column":58}}],"line":44},"25":{"loc":{"start":{"line":44,"column":17},"end":{"line":44,"column":41}},"type":"binary-expr","locations":[{"start":{"line":44,"column":17},"end":{"line":44,"column":27}},{"start":{"line":44,"column":31},"end":{"line":44,"column":41}}],"line":44},"26":{"loc":{"start":{"line":45,"column":13},"end":{"line":45,"column":58}},"type":"if","locations":[{"start":{"line":45,"column":13},"end":{"line":45,"column":58}},{"start":{},"end":{}}],"line":45},"27":{"loc":{"start":{"line":45,"column":17},"end":{"line":45,"column":41}},"type":"binary-expr","locations":[{"start":{"line":45,"column":17},"end":{"line":45,"column":27}},{"start":{"line":45,"column":31},"end":{"line":45,"column":41}}],"line":45},"28":{"loc":{"start":{"line":47,"column":11},"end":{"line":55,"column":5}},"type":"if","locations":[{"start":{"line":47,"column":11},"end":{"line":55,"column":5}},{"start":{"line":50,"column":11},"end":{"line":55,"column":5}}],"line":47},"29":{"loc":{"start":{"line":50,"column":11},"end":{"line":55,"column":5}},"type":"if","locations":[{"start":{"line":50,"column":11},"end":{"line":55,"column":5}},{"start":{},"end":{}}],"line":50},"30":{"loc":{"start":{"line":51,"column":20},"end":{"line":51,"column":55}},"type":"binary-expr","locations":[{"start":{"line":51,"column":20},"end":{"line":51,"column":33}},{"start":{"line":51,"column":37},"end":{"line":51,"column":55}}],"line":51},"31":{"loc":{"start":{"line":52,"column":20},"end":{"line":52,"column":55}},"type":"binary-expr","locations":[{"start":{"line":52,"column":20},"end":{"line":52,"column":33}},{"start":{"line":52,"column":37},"end":{"line":52,"column":55}}],"line":52},"32":{"loc":{"start":{"line":54,"column":8},"end":{"line":54,"column":86}},"type":"if","locations":[{"start":{"line":54,"column":8},"end":{"line":54,"column":86}},{"start":{},"end":{}}],"line":54},"33":{"loc":{"start":{"line":54,"column":12},"end":{"line":54,"column":54}},"type":"binary-expr","locations":[{"start":{"line":54,"column":12},"end":{"line":54,"column":23}},{"start":{"line":54,"column":27},"end":{"line":54,"column":38}},{"start":{"line":54,"column":42},"end":{"line":54,"column":54}}],"line":54},"34":{"loc":{"start":{"line":62,"column":11},"end":{"line":62,"column":66}},"type":"binary-expr","locations":[{"start":{"line":62,"column":11},"end":{"line":62,"column":31}},{"start":{"line":62,"column":35},"end":{"line":62,"column":66}}],"line":62},"35":{"loc":{"start":{"line":77,"column":11},"end":{"line":77,"column":44}},"type":"cond-expr","locations":[{"start":{"line":77,"column":33},"end":{"line":77,"column":37}},{"start":{"line":77,"column":40},"end":{"line":77,"column":44}}],"line":77},"36":{"loc":{"start":{"line":84,"column":4},"end":{"line":99,"column":5}},"type":"if","locations":[{"start":{"line":84,"column":4},"end":{"line":99,"column":5}},{"start":{"line":89,"column":11},"end":{"line":99,"column":5}}],"line":84},"37":{"loc":{"start":{"line":89,"column":11},"end":{"line":99,"column":5}},"type":"if","locations":[{"start":{"line":89,"column":11},"end":{"line":99,"column":5}},{"start":{"line":94,"column":11},"end":{"line":99,"column":5}}],"line":89},"38":{"loc":{"start":{"line":104,"column":52},"end":{"line":104,"column":102}},"type":"binary-expr","locations":[{"start":{"line":104,"column":52},"end":{"line":104,"column":74}},{"start":{"line":104,"column":78},"end":{"line":104,"column":102}}],"line":104},"39":{"loc":{"start":{"line":105,"column":4},"end":{"line":105,"column":41}},"type":"if","locations":[{"start":{"line":105,"column":4},"end":{"line":105,"column":41}},{"start":{},"end":{}}],"line":105},"40":{"loc":{"start":{"line":106,"column":42},"end":{"line":106,"column":89}},"type":"cond-expr","locations":[{"start":{"line":106,"column":84},"end":{"line":106,"column":85}},{"start":{"line":106,"column":88},"end":{"line":106,"column":89}}],"line":106},"41":{"loc":{"start":{"line":107,"column":42},"end":{"line":107,"column":89}},"type":"cond-expr","locations":[{"start":{"line":107,"column":84},"end":{"line":107,"column":85}},{"start":{"line":107,"column":88},"end":{"line":107,"column":89}}],"line":107}},"s":{"0":7,"1":9,"2":9,"3":9,"4":7,"5":1,"6":1,"7":1,"8":1,"9":6,"10":1,"11":1,"12":1,"13":1,"14":5,"15":1,"16":1,"17":2,"18":4,"19":1,"20":2,"21":1,"22":0,"23":0,"24":0,"25":1,"26":1,"27":1,"28":1,"29":3,"30":2,"31":2,"32":2,"33":2,"34":2,"35":0,"36":2,"37":1,"38":1,"39":1,"40":1,"41":0,"42":1,"43":1,"44":1,"45":1,"46":1,"47":1,"48":7,"49":7,"50":1,"51":2,"52":2,"53":3,"54":4,"55":3,"56":1,"57":2,"58":1,"59":1,"60":2,"61":6,"62":2,"63":1,"64":1,"65":2,"66":1,"67":2,"68":1,"69":1},"f":{"0":7,"1":9,"2":9,"3":2,"4":2,"5":7,"6":1,"7":2,"8":3,"9":4,"10":2,"11":6,"12":2,"13":2},"b":{"0":[5,4],"1":[1,6],"2":[1,0],"3":[1,1],"4":[1,0],"5":[1,1],"6":[1,5],"7":[1,0],"8":[1,1],"9":[1,0],"10":[1,1],"11":[1,4],"12":[1,0],"13":[1,0],"14":[2,0],"15":[1,3],"16":[2,0],"17":[0,1],"18":[0,0],"19":[1,0],"20":[1,0],"21":[2,1],"22":[2,0],"23":[0,2],"24":[1,1],"25":[2,1],"26":[1,0],"27":[1,1],"28":[0,1],"29":[1,0],"30":[1,1],"31":[1,0],"32":[1,0],"33":[1,1,1],"34":[7,7],"35":[1,1],"36":[1,2],"37":[1,1],"38":[6,3],"39":[1,1],"40":[2,0],"41":[1,1]},"_coverageSchema":"1a1c01bbd47fc00a2c39e90264f33305004495a9","hash":"a58f3b15d8b8b1dab48f2f2c13f7e1486b7ec233"}
}
