TN:
SF:server.js
FN:6,(anonymous_0)
FN:25,(anonymous_1)
FN:39,(anonymous_2)
FN:40,(anonymous_3)
FN:78,(anonymous_4)
FNF:5
FNH:4
FNDA:3,(anonymous_0)
FNDA:1,(anonymous_1)
FNDA:2,(anonymous_2)
FNDA:2,(anonymous_3)
FNDA:0,(anonymous_4)
DA:1,1
DA:2,1
DA:3,1
DA:4,1
DA:6,1
DA:9,3
DA:10,1
DA:11,1
DA:13,1
DA:14,1
DA:25,1
DA:26,1
DA:27,0
DA:28,0
DA:29,0
DA:31,1
DA:32,1
DA:37,3
DA:38,2
DA:39,2
DA:40,2
DA:41,2
DA:42,2
DA:44,1
DA:64,1
DA:65,1
DA:66,1
DA:69,1
DA:70,1
DA:71,1
DA:77,1
DA:78,0
DA:79,0
DA:80,0
DA:84,1
LF:35
LH:29
BRDA:9,0,0,1
BRDA:9,0,1,2
BRDA:11,1,0,1
BRDA:11,1,1,0
BRDA:26,2,0,0
BRDA:26,2,1,1
BRDA:31,3,0,1
BRDA:31,3,1,0
BRDA:37,4,0,2
BRDA:37,4,1,1
BRDA:37,5,0,3
BRDA:37,5,1,2
BRDA:77,6,0,0
BRDA:77,6,1,1
BRDA:80,7,0,0
BRDA:80,7,1,0
BRF:16
BRH:10
end_of_record
TN:
SF:api\hint.js
FN:1,handler
FNF:1
FNH:1
FNDA:4,handler
DA:3,4
DA:4,1
DA:7,3
DA:8,3
DA:10,3
DA:11,1
DA:14,2
DA:41,1
DA:42,0
DA:45,1
DA:46,1
DA:49,1
DA:50,1
LF:13
LH:12
BRDA:3,0,0,1
BRDA:3,0,1,3
BRDA:10,1,0,1
BRDA:10,1,1,2
BRDA:41,2,0,0
BRDA:41,2,1,1
BRF:6
BRH:5
end_of_record
TN:
SF:js\logic.js
FN:6,calculateResult
FN:7,(anonymous_1)
FN:8,(anonymous_2)
FN:26,(anonymous_3)
FN:29,(anonymous_4)
FN:61,isCorrectAnswer
FN:66,createInitialStats
FN:75,getNextLevel
FN:82,buildPrompt
FN:83,(anonymous_9)
FN:103,findBestWorst
FN:104,(anonymous_11)
FN:106,(anonymous_12)
FN:107,(anonymous_13)
FNF:14
FNH:14
FNDA:7,calculateResult
FNDA:9,(anonymous_1)
FNDA:9,(anonymous_2)
FNDA:2,(anonymous_3)
FNDA:2,(anonymous_4)
FNDA:7,isCorrectAnswer
FNDA:1,createInitialStats
FNDA:2,getNextLevel
FNDA:3,buildPrompt
FNDA:4,(anonymous_9)
FNDA:2,findBestWorst
FNDA:6,(anonymous_11)
FNDA:2,(anonymous_12)
FNDA:2,(anonymous_13)
DA:7,7
DA:8,9
DA:9,9
DA:14,7
DA:15,1
DA:16,1
DA:17,1
DA:19,6
DA:20,1
DA:21,1
DA:22,1
DA:24,5
DA:25,1
DA:26,2
DA:28,4
DA:29,2
DA:30,1
DA:31,0
DA:32,0
DA:33,1
DA:34,1
DA:35,1
DA:38,3
DA:39,2
DA:40,2
DA:41,2
DA:42,2
DA:43,2
DA:44,2
DA:45,1
DA:47,1
DA:48,0
DA:50,1
DA:51,1
DA:52,1
DA:53,1
DA:54,1
DA:57,7
DA:62,7
DA:67,1
DA:76,2
DA:77,2
DA:83,4
DA:84,3
DA:85,1
DA:89,2
DA:90,1
DA:95,1
DA:104,6
DA:105,2
DA:106,2
DA:107,2
DA:108,1
DA:111,1
LF:54
LH:51
BRDA:9,0,0,5
BRDA:9,0,1,4
BRDA:14,1,0,1
BRDA:14,1,1,6
BRDA:15,2,0,1
BRDA:15,2,1,0
BRDA:16,3,0,1
BRDA:16,3,1,1
BRDA:17,4,0,1
BRDA:17,4,1,0
BRDA:17,5,0,1
BRDA:17,5,1,1
BRDA:19,6,0,1
BRDA:19,6,1,5
BRDA:20,7,0,1
BRDA:20,7,1,0
BRDA:21,8,0,1
BRDA:21,8,1,1
BRDA:22,9,0,1
BRDA:22,9,1,0
BRDA:22,10,0,1
BRDA:22,10,1,1
BRDA:24,11,0,1
BRDA:24,11,1,4
BRDA:25,12,0,1
BRDA:25,12,1,0
BRDA:25,13,0,1
BRDA:25,13,1,0
BRDA:26,14,0,2
BRDA:26,14,1,0
BRDA:28,15,0,1
BRDA:28,15,1,3
BRDA:29,16,0,2
BRDA:29,16,1,0
BRDA:30,17,0,0
BRDA:30,17,1,1
BRDA:32,18,0,0
BRDA:32,18,1,0
BRDA:33,19,0,1
BRDA:33,19,1,0
BRDA:35,20,0,1
BRDA:35,20,1,0
BRDA:38,21,0,2
BRDA:38,21,1,1
BRDA:42,22,0,2
BRDA:42,22,1,0
BRDA:43,23,0,0
BRDA:43,23,1,2
BRDA:44,24,0,1
BRDA:44,24,1,1
BRDA:44,25,0,2
BRDA:44,25,1,1
BRDA:45,26,0,1
BRDA:45,26,1,0
BRDA:45,27,0,1
BRDA:45,27,1,1
BRDA:47,28,0,0
BRDA:47,28,1,1
BRDA:50,29,0,1
BRDA:50,29,1,0
BRDA:51,30,0,1
BRDA:51,30,1,1
BRDA:52,31,0,1
BRDA:52,31,1,0
BRDA:54,32,0,1
BRDA:54,32,1,0
BRDA:54,33,0,1
BRDA:54,33,1,1
BRDA:54,33,2,1
BRDA:62,34,0,7
BRDA:62,34,1,7
BRDA:77,35,0,1
BRDA:77,35,1,1
BRDA:84,36,0,1
BRDA:84,36,1,2
BRDA:89,37,0,1
BRDA:89,37,1,1
BRDA:104,38,0,6
BRDA:104,38,1,3
BRDA:105,39,0,1
BRDA:105,39,1,1
BRDA:106,40,0,2
BRDA:106,40,1,0
BRDA:107,41,0,1
BRDA:107,41,1,1
BRF:85
BRH:64
end_of_record
